{"C:\\TESTEEEE\\project\\project\\expo-env.d.ts": {"path":"C:\\TESTEEEE\\project\\project\\expo-env.d.ts","statementMap":{},"fnMap":{},"branchMap":{},"s":{},"f":{},"b":{}}
,"C:\\TESTEEEE\\project\\project\\.expo\\types\\router.d.ts": {"path":"C:\\TESTEEEE\\project\\project\\.expo\\types\\router.d.ts","statementMap":{},"fnMap":{},"branchMap":{},"s":{},"f":{},"b":{}}
,"C:\\TESTEEEE\\project\\project\\app\\+not-found.tsx": {"path":"C:\\TESTEEEE\\project\\project\\app\\+not-found.tsx","statementMap":{"0":{"start":{"line":5,"column":2},"end":{"line":15,"column":4}},"1":{"start":{"line":18,"column":15},"end":{"line":33,"column":2}}},"fnMap":{"0":{"name":"NotFoundScreen","decl":{"start":{"line":4,"column":24},"end":{"line":4,"column":38}},"loc":{"start":{"line":4,"column":41},"end":{"line":16,"column":1}},"line":4}},"branchMap":{},"s":{"0":0,"1":0},"f":{"0":0},"b":{}}
,"C:\\TESTEEEE\\project\\project\\app\\_layout.tsx": {"path":"C:\\TESTEEEE\\project\\project\\app\\_layout.tsx","statementMap":{"0":{"start":{"line":10,"column":28},"end":{"line":10,"column":38}},"1":{"start":{"line":13,"column":25},"end":{"line":13,"column":60}},"2":{"start":{"line":15,"column":2},"end":{"line":15,"column":76}},"3":{"start":{"line":19,"column":2},"end":{"line":35,"column":4}}},"fnMap":{"0":{"name":"ThemedStatusBar","decl":{"start":{"line":9,"column":9},"end":{"line":9,"column":24}},"loc":{"start":{"line":9,"column":27},"end":{"line":16,"column":1}},"line":9},"1":{"name":"RootLayout","decl":{"start":{"line":18,"column":24},"end":{"line":18,"column":34}},"loc":{"start":{"line":18,"column":37},"end":{"line":36,"column":1}},"line":18}},"branchMap":{"0":{"loc":{"start":{"line":13,"column":25},"end":{"line":13,"column":60}},"type":"cond-expr","locations":[{"start":{"line":13,"column":44},"end":{"line":13,"column":51}},{"start":{"line":13,"column":54},"end":{"line":13,"column":60}}],"line":13}},"s":{"0":0,"1":0,"2":0,"3":0},"f":{"0":0,"1":0},"b":{"0":[0,0]}}
,"C:\\TESTEEEE\\project\\project\\app\\(tabs)\\_layout.tsx": {"path":"C:\\TESTEEEE\\project\\project\\app\\(tabs)\\_layout.tsx","statementMap":{"0":{"start":{"line":7,"column":21},"end":{"line":7,"column":31}},"1":{"start":{"line":9,"column":2},"end":{"line":63,"column":4}},"2":{"start":{"line":31,"column":43},"end":{"line":31,"column":77}},"3":{"start":{"line":38,"column":43},"end":{"line":38,"column":81}},"4":{"start":{"line":45,"column":43},"end":{"line":45,"column":79}},"5":{"start":{"line":52,"column":43},"end":{"line":52,"column":78}},"6":{"start":{"line":59,"column":43},"end":{"line":59,"column":76}}},"fnMap":{"0":{"name":"TabLayout","decl":{"start":{"line":6,"column":24},"end":{"line":6,"column":33}},"loc":{"start":{"line":6,"column":36},"end":{"line":64,"column":1}},"line":6},"1":{"name":"(anonymous_1)","decl":{"start":{"line":31,"column":22},"end":{"line":31,"column":23}},"loc":{"start":{"line":31,"column":43},"end":{"line":31,"column":77}},"line":31},"2":{"name":"(anonymous_2)","decl":{"start":{"line":38,"column":22},"end":{"line":38,"column":23}},"loc":{"start":{"line":38,"column":43},"end":{"line":38,"column":81}},"line":38},"3":{"name":"(anonymous_3)","decl":{"start":{"line":45,"column":22},"end":{"line":45,"column":23}},"loc":{"start":{"line":45,"column":43},"end":{"line":45,"column":79}},"line":45},"4":{"name":"(anonymous_4)","decl":{"start":{"line":52,"column":22},"end":{"line":52,"column":23}},"loc":{"start":{"line":52,"column":43},"end":{"line":52,"column":78}},"line":52},"5":{"name":"(anonymous_5)","decl":{"start":{"line":59,"column":22},"end":{"line":59,"column":23}},"loc":{"start":{"line":59,"column":43},"end":{"line":59,"column":76}},"line":59}},"branchMap":{},"s":{"0":0,"1":0,"2":0,"3":0,"4":0,"5":0,"6":0},"f":{"0":0,"1":0,"2":0,"3":0,"4":0,"5":0},"b":{}}
,"C:\\TESTEEEE\\project\\project\\app\\(tabs)\\expenses.tsx": {"path":"C:\\TESTEEEE\\project\\project\\app\\(tabs)\\expenses.tsx","statementMap":{"0":{"start":{"line":10,"column":22},"end":{"line":27,"column":1}},"1":{"start":{"line":11,"column":2},"end":{"line":26,"column":3}},"2":{"start":{"line":13,"column":6},"end":{"line":13,"column":48}},"3":{"start":{"line":15,"column":6},"end":{"line":15,"column":53}},"4":{"start":{"line":17,"column":6},"end":{"line":17,"column":45}},"5":{"start":{"line":19,"column":6},"end":{"line":19,"column":47}},"6":{"start":{"line":21,"column":6},"end":{"line":21,"column":46}},"7":{"start":{"line":23,"column":6},"end":{"line":23,"column":49}},"8":{"start":{"line":25,"column":6},"end":{"line":25,"column":49}},"9":{"start":{"line":30,"column":34},"end":{"line":30,"column":57}},"10":{"start":{"line":31,"column":40},"end":{"line":31,"column":60}},"11":{"start":{"line":32,"column":45},"end":{"line":32,"column":55}},"12":{"start":{"line":33,"column":17},"end":{"line":33,"column":28}},"13":{"start":{"line":35,"column":23},"end":{"line":42,"column":19}},"14":{"start":{"line":36,"column":4},"end":{"line":41,"column":5}},"15":{"start":{"line":37,"column":19},"end":{"line":37,"column":65}},"16":{"start":{"line":38,"column":6},"end":{"line":38,"column":24}},"17":{"start":{"line":40,"column":6},"end":{"line":40,"column":57}},"18":{"start":{"line":44,"column":2},"end":{"line":46,"column":21}},"19":{"start":{"line":45,"column":4},"end":{"line":45,"column":19}},"20":{"start":{"line":49,"column":2},"end":{"line":52,"column":39}},"21":{"start":{"line":50,"column":20},"end":{"line":50,"column":69}},"22":{"start":{"line":51,"column":4},"end":{"line":51,"column":19}},"23":{"start":{"line":54,"column":27},"end":{"line":62,"column":3}},"24":{"start":{"line":55,"column":4},"end":{"line":61,"column":7}},"25":{"start":{"line":64,"column":28},"end":{"line":73,"column":3}},"26":{"start":{"line":65,"column":4},"end":{"line":72,"column":7}},"27":{"start":{"line":75,"column":30},"end":{"line":98,"column":3}},"28":{"start":{"line":76,"column":4},"end":{"line":97,"column":6}},"29":{"start":{"line":88,"column":32},"end":{"line":88,"column":73}},"30":{"start":{"line":88,"column":53},"end":{"line":88,"column":72}},"31":{"start":{"line":89,"column":12},"end":{"line":89,"column":72}},"32":{"start":{"line":90,"column":12},"end":{"line":90,"column":37}},"33":{"start":{"line":93,"column":12},"end":{"line":93,"column":44}},"34":{"start":{"line":100,"column":28},"end":{"line":102,"column":3}},"35":{"start":{"line":101,"column":4},"end":{"line":101,"column":25}},"36":{"start":{"line":104,"column":25},"end":{"line":106,"column":3}},"37":{"start":{"line":105,"column":4},"end":{"line":105,"column":74}},"38":{"start":{"line":105,"column":47},"end":{"line":105,"column":69}},"39":{"start":{"line":108,"column":30},"end":{"line":112,"column":3}},"40":{"start":{"line":109,"column":4},"end":{"line":111,"column":61}},"41":{"start":{"line":110,"column":25},"end":{"line":110,"column":49}},"42":{"start":{"line":111,"column":34},"end":{"line":111,"column":56}},"43":{"start":{"line":114,"column":33},"end":{"line":118,"column":3}},"44":{"start":{"line":115,"column":4},"end":{"line":117,"column":61}},"45":{"start":{"line":116,"column":25},"end":{"line":116,"column":52}},"46":{"start":{"line":117,"column":34},"end":{"line":117,"column":56}},"47":{"start":{"line":120,"column":26},"end":{"line":122,"column":3}},"48":{"start":{"line":121,"column":4},"end":{"line":121,"column":90}},"49":{"start":{"line":121,"column":42},"end":{"line":121,"column":63}},"50":{"start":{"line":124,"column":2},"end":{"line":201,"column":4}},"51":{"start":{"line":162,"column":31},"end":{"line":162,"column":64}},"52":{"start":{"line":163,"column":10},"end":{"line":197,"column":12}},"53":{"start":{"line":183,"column":33},"end":{"line":183,"column":59}},"54":{"start":{"line":190,"column":33},"end":{"line":190,"column":61}},"55":{"start":{"line":204,"column":15},"end":{"line":329,"column":2}}},"fnMap":{"0":{"name":"(anonymous_0)","decl":{"start":{"line":10,"column":22},"end":{"line":10,"column":23}},"loc":{"start":{"line":10,"column":76},"end":{"line":27,"column":1}},"line":10},"1":{"name":"ExpensesScreen","decl":{"start":{"line":29,"column":24},"end":{"line":29,"column":38}},"loc":{"start":{"line":29,"column":41},"end":{"line":202,"column":1}},"line":29},"2":{"name":"(anonymous_2)","decl":{"start":{"line":35,"column":35},"end":{"line":35,"column":36}},"loc":{"start":{"line":35,"column":47},"end":{"line":42,"column":3}},"line":35},"3":{"name":"(anonymous_3)","decl":{"start":{"line":44,"column":12},"end":{"line":44,"column":13}},"loc":{"start":{"line":44,"column":18},"end":{"line":46,"column":3}},"line":44},"4":{"name":"(anonymous_4)","decl":{"start":{"line":49,"column":12},"end":{"line":49,"column":13}},"loc":{"start":{"line":49,"column":18},"end":{"line":52,"column":3}},"line":49},"5":{"name":"(anonymous_5)","decl":{"start":{"line":54,"column":27},"end":{"line":54,"column":28}},"loc":{"start":{"line":54,"column":33},"end":{"line":62,"column":3}},"line":54},"6":{"name":"(anonymous_6)","decl":{"start":{"line":64,"column":28},"end":{"line":64,"column":29}},"loc":{"start":{"line":64,"column":50},"end":{"line":73,"column":3}},"line":64},"7":{"name":"(anonymous_7)","decl":{"start":{"line":75,"column":30},"end":{"line":75,"column":31}},"loc":{"start":{"line":75,"column":52},"end":{"line":98,"column":3}},"line":75},"8":{"name":"(anonymous_8)","decl":{"start":{"line":87,"column":19},"end":{"line":87,"column":20}},"loc":{"start":{"line":87,"column":31},"end":{"line":94,"column":11}},"line":87},"9":{"name":"(anonymous_9)","decl":{"start":{"line":88,"column":48},"end":{"line":88,"column":49}},"loc":{"start":{"line":88,"column":53},"end":{"line":88,"column":72}},"line":88},"10":{"name":"(anonymous_10)","decl":{"start":{"line":100,"column":28},"end":{"line":100,"column":29}},"loc":{"start":{"line":100,"column":44},"end":{"line":102,"column":3}},"line":100},"11":{"name":"(anonymous_11)","decl":{"start":{"line":104,"column":25},"end":{"line":104,"column":26}},"loc":{"start":{"line":104,"column":31},"end":{"line":106,"column":3}},"line":104},"12":{"name":"(anonymous_12)","decl":{"start":{"line":105,"column":27},"end":{"line":105,"column":28}},"loc":{"start":{"line":105,"column":47},"end":{"line":105,"column":69}},"line":105},"13":{"name":"(anonymous_13)","decl":{"start":{"line":108,"column":30},"end":{"line":108,"column":31}},"loc":{"start":{"line":108,"column":36},"end":{"line":112,"column":3}},"line":108},"14":{"name":"(anonymous_14)","decl":{"start":{"line":110,"column":14},"end":{"line":110,"column":15}},"loc":{"start":{"line":110,"column":25},"end":{"line":110,"column":49}},"line":110},"15":{"name":"(anonymous_15)","decl":{"start":{"line":111,"column":14},"end":{"line":111,"column":15}},"loc":{"start":{"line":111,"column":34},"end":{"line":111,"column":56}},"line":111},"16":{"name":"(anonymous_16)","decl":{"start":{"line":114,"column":33},"end":{"line":114,"column":34}},"loc":{"start":{"line":114,"column":39},"end":{"line":118,"column":3}},"line":114},"17":{"name":"(anonymous_17)","decl":{"start":{"line":116,"column":14},"end":{"line":116,"column":15}},"loc":{"start":{"line":116,"column":25},"end":{"line":116,"column":52}},"line":116},"18":{"name":"(anonymous_18)","decl":{"start":{"line":117,"column":14},"end":{"line":117,"column":15}},"loc":{"start":{"line":117,"column":34},"end":{"line":117,"column":56}},"line":117},"19":{"name":"(anonymous_19)","decl":{"start":{"line":120,"column":26},"end":{"line":120,"column":27}},"loc":{"start":{"line":120,"column":50},"end":{"line":122,"column":3}},"line":120},"20":{"name":"(anonymous_20)","decl":{"start":{"line":121,"column":35},"end":{"line":121,"column":36}},"loc":{"start":{"line":121,"column":42},"end":{"line":121,"column":63}},"line":121},"21":{"name":"(anonymous_21)","decl":{"start":{"line":161,"column":22},"end":{"line":161,"column":23}},"loc":{"start":{"line":161,"column":35},"end":{"line":198,"column":9}},"line":161},"22":{"name":"(anonymous_22)","decl":{"start":{"line":183,"column":27},"end":{"line":183,"column":28}},"loc":{"start":{"line":183,"column":33},"end":{"line":183,"column":59}},"line":183},"23":{"name":"(anonymous_23)","decl":{"start":{"line":190,"column":27},"end":{"line":190,"column":28}},"loc":{"start":{"line":190,"column":33},"end":{"line":190,"column":61}},"line":190}},"branchMap":{"0":{"loc":{"start":{"line":11,"column":2},"end":{"line":26,"column":3}},"type":"switch","locations":[{"start":{"line":12,"column":4},"end":{"line":13,"column":48}},{"start":{"line":14,"column":4},"end":{"line":15,"column":53}},{"start":{"line":16,"column":4},"end":{"line":17,"column":45}},{"start":{"line":18,"column":4},"end":{"line":19,"column":47}},{"start":{"line":20,"column":4},"end":{"line":21,"column":46}},{"start":{"line":22,"column":4},"end":{"line":23,"column":49}},{"start":{"line":24,"column":4},"end":{"line":25,"column":49}}],"line":11},"1":{"loc":{"start":{"line":121,"column":11},"end":{"line":121,"column":89}},"type":"binary-expr","locations":[{"start":{"line":121,"column":11},"end":{"line":121,"column":64}},{"start":{"line":121,"column":68},"end":{"line":121,"column":89}}],"line":121},"2":{"loc":{"start":{"line":172,"column":19},"end":{"line":176,"column":19}},"type":"binary-expr","locations":[{"start":{"line":172,"column":19},"end":{"line":172,"column":39}},{"start":{"line":173,"column":20},"end":{"line":175,"column":27}}],"line":172}},"s":{"0":0,"1":0,"2":0,"3":0,"4":0,"5":0,"6":0,"7":0,"8":0,"9":0,"10":0,"11":0,"12":0,"13":0,"14":0,"15":0,"16":0,"17":0,"18":0,"19":0,"20":0,"21":0,"22":0,"23":0,"24":0,"25":0,"26":0,"27":0,"28":0,"29":0,"30":0,"31":0,"32":0,"33":0,"34":0,"35":0,"36":0,"37":0,"38":0,"39":0,"40":0,"41":0,"42":0,"43":0,"44":0,"45":0,"46":0,"47":0,"48":0,"49":0,"50":0,"51":0,"52":0,"53":0,"54":0,"55":0},"f":{"0":0,"1":0,"2":0,"3":0,"4":0,"5":0,"6":0,"7":0,"8":0,"9":0,"10":0,"11":0,"12":0,"13":0,"14":0,"15":0,"16":0,"17":0,"18":0,"19":0,"20":0,"21":0,"22":0,"23":0},"b":{"0":[0,0,0,0,0,0,0],"1":[0,0],"2":[0,0]}}
,"C:\\TESTEEEE\\project\\project\\app\\(tabs)\\income.tsx": {"path":"C:\\TESTEEEE\\project\\project\\app\\(tabs)\\income.tsx","statementMap":{"0":{"start":{"line":10,"column":32},"end":{"line":10,"column":54}},"1":{"start":{"line":11,"column":34},"end":{"line":11,"column":49}},"2":{"start":{"line":12,"column":44},"end":{"line":12,"column":73}},"3":{"start":{"line":13,"column":40},"end":{"line":13,"column":60}},"4":{"start":{"line":14,"column":27},"end":{"line":14,"column":37}},"5":{"start":{"line":16,"column":22},"end":{"line":23,"column":8}},"6":{"start":{"line":17,"column":4},"end":{"line":22,"column":5}},"7":{"start":{"line":18,"column":19},"end":{"line":18,"column":52}},"8":{"start":{"line":19,"column":6},"end":{"line":19,"column":23}},"9":{"start":{"line":21,"column":6},"end":{"line":21,"column":55}},"10":{"start":{"line":25,"column":2},"end":{"line":27,"column":20}},"11":{"start":{"line":26,"column":4},"end":{"line":26,"column":18}},"12":{"start":{"line":29,"column":28},"end":{"line":31,"column":3}},"13":{"start":{"line":30,"column":4},"end":{"line":30,"column":25}},"14":{"start":{"line":33,"column":27},"end":{"line":56,"column":3}},"15":{"start":{"line":34,"column":4},"end":{"line":55,"column":5}},"16":{"start":{"line":36,"column":6},"end":{"line":42,"column":7}},"17":{"start":{"line":38,"column":8},"end":{"line":38,"column":78}},"18":{"start":{"line":38,"column":38},"end":{"line":38,"column":76}},"19":{"start":{"line":41,"column":8},"end":{"line":41,"column":42}},"20":{"start":{"line":43,"column":6},"end":{"line":43,"column":50}},"21":{"start":{"line":44,"column":6},"end":{"line":44,"column":29}},"22":{"start":{"line":45,"column":6},"end":{"line":45,"column":25}},"23":{"start":{"line":46,"column":6},"end":{"line":46,"column":29}},"24":{"start":{"line":49,"column":6},"end":{"line":51,"column":12}},"25":{"start":{"line":50,"column":8},"end":{"line":50,"column":39}},"26":{"start":{"line":53,"column":6},"end":{"line":53,"column":52}},"27":{"start":{"line":54,"column":6},"end":{"line":54,"column":63}},"28":{"start":{"line":58,"column":27},"end":{"line":61,"column":3}},"29":{"start":{"line":59,"column":4},"end":{"line":59,"column":29}},"30":{"start":{"line":60,"column":4},"end":{"line":60,"column":22}},"31":{"start":{"line":63,"column":29},"end":{"line":93,"column":3}},"32":{"start":{"line":64,"column":4},"end":{"line":92,"column":6}},"33":{"start":{"line":76,"column":12},"end":{"line":88,"column":13}},"34":{"start":{"line":77,"column":33},"end":{"line":77,"column":72}},"35":{"start":{"line":77,"column":53},"end":{"line":77,"column":71}},"36":{"start":{"line":78,"column":14},"end":{"line":78,"column":58}},"37":{"start":{"line":79,"column":14},"end":{"line":79,"column":37}},"38":{"start":{"line":82,"column":14},"end":{"line":84,"column":20}},"39":{"start":{"line":83,"column":16},"end":{"line":83,"column":47}},"40":{"start":{"line":86,"column":14},"end":{"line":86,"column":61}},"41":{"start":{"line":87,"column":14},"end":{"line":87,"column":72}},"42":{"start":{"line":95,"column":25},"end":{"line":110,"column":3}},"43":{"start":{"line":96,"column":22},"end":{"line":98,"column":9}},"44":{"start":{"line":97,"column":6},"end":{"line":97,"column":100}},"45":{"start":{"line":97,"column":68},"end":{"line":97,"column":95}},"46":{"start":{"line":100,"column":24},"end":{"line":107,"column":9}},"47":{"start":{"line":101,"column":27},"end":{"line":101,"column":49}},"48":{"start":{"line":102,"column":26},"end":{"line":102,"column":51}},"49":{"start":{"line":103,"column":28},"end":{"line":105,"column":7}},"50":{"start":{"line":104,"column":13},"end":{"line":104,"column":63}},"51":{"start":{"line":106,"column":6},"end":{"line":106,"column":96}},"52":{"start":{"line":106,"column":67},"end":{"line":106,"column":85}},"53":{"start":{"line":109,"column":4},"end":{"line":109,"column":35}},"54":{"start":{"line":112,"column":29},"end":{"line":131,"column":3}},"55":{"start":{"line":113,"column":22},"end":{"line":117,"column":11}},"56":{"start":{"line":114,"column":24},"end":{"line":114,"column":48}},"57":{"start":{"line":116,"column":8},"end":{"line":116,"column":102}},"58":{"start":{"line":116,"column":70},"end":{"line":116,"column":97}},"59":{"start":{"line":119,"column":24},"end":{"line":128,"column":11}},"60":{"start":{"line":120,"column":24},"end":{"line":120,"column":48}},"61":{"start":{"line":122,"column":29},"end":{"line":122,"column":51}},"62":{"start":{"line":123,"column":28},"end":{"line":123,"column":53}},"63":{"start":{"line":124,"column":30},"end":{"line":126,"column":9}},"64":{"start":{"line":125,"column":15},"end":{"line":125,"column":65}},"65":{"start":{"line":127,"column":8},"end":{"line":127,"column":98}},"66":{"start":{"line":127,"column":69},"end":{"line":127,"column":87}},"67":{"start":{"line":130,"column":4},"end":{"line":130,"column":35}},"68":{"start":{"line":133,"column":2},"end":{"line":237,"column":4}},"69":{"start":{"line":141,"column":12},"end":{"line":141,"column":35}},"70":{"start":{"line":142,"column":12},"end":{"line":142,"column":30}},"71":{"start":{"line":167,"column":37},"end":{"line":169,"column":11}},"72":{"start":{"line":168,"column":17},"end":{"line":168,"column":91}},"73":{"start":{"line":171,"column":10},"end":{"line":221,"column":12}},"74":{"start":{"line":179,"column":35},"end":{"line":179,"column":59}},"75":{"start":{"line":186,"column":35},"end":{"line":186,"column":61}},"76":{"start":{"line":195,"column":18},"end":{"line":205,"column":25}},"77":{"start":{"line":213,"column":20},"end":{"line":216,"column":27}},"78":{"start":{"line":229,"column":12},"end":{"line":229,"column":31}},"79":{"start":{"line":230,"column":12},"end":{"line":230,"column":35}},"80":{"start":{"line":240,"column":15},"end":{"line":387,"column":2}}},"fnMap":{"0":{"name":"IncomeScreen","decl":{"start":{"line":9,"column":24},"end":{"line":9,"column":36}},"loc":{"start":{"line":9,"column":39},"end":{"line":238,"column":1}},"line":9},"1":{"name":"(anonymous_1)","decl":{"start":{"line":16,"column":34},"end":{"line":16,"column":35}},"loc":{"start":{"line":16,"column":46},"end":{"line":23,"column":3}},"line":16},"2":{"name":"(anonymous_2)","decl":{"start":{"line":25,"column":12},"end":{"line":25,"column":13}},"loc":{"start":{"line":25,"column":18},"end":{"line":27,"column":3}},"line":25},"3":{"name":"(anonymous_3)","decl":{"start":{"line":29,"column":28},"end":{"line":29,"column":29}},"loc":{"start":{"line":29,"column":44},"end":{"line":31,"column":3}},"line":29},"4":{"name":"(anonymous_4)","decl":{"start":{"line":33,"column":27},"end":{"line":33,"column":28}},"loc":{"start":{"line":33,"column":53},"end":{"line":56,"column":3}},"line":33},"5":{"name":"(anonymous_5)","decl":{"start":{"line":38,"column":33},"end":{"line":38,"column":34}},"loc":{"start":{"line":38,"column":38},"end":{"line":38,"column":76}},"line":38},"6":{"name":"(anonymous_6)","decl":{"start":{"line":49,"column":17},"end":{"line":49,"column":18}},"loc":{"start":{"line":49,"column":23},"end":{"line":51,"column":7}},"line":49},"7":{"name":"(anonymous_7)","decl":{"start":{"line":58,"column":27},"end":{"line":58,"column":28}},"loc":{"start":{"line":58,"column":47},"end":{"line":61,"column":3}},"line":58},"8":{"name":"(anonymous_8)","decl":{"start":{"line":63,"column":29},"end":{"line":63,"column":30}},"loc":{"start":{"line":63,"column":49},"end":{"line":93,"column":3}},"line":63},"9":{"name":"(anonymous_9)","decl":{"start":{"line":75,"column":19},"end":{"line":75,"column":20}},"loc":{"start":{"line":75,"column":31},"end":{"line":89,"column":11}},"line":75},"10":{"name":"(anonymous_10)","decl":{"start":{"line":77,"column":48},"end":{"line":77,"column":49}},"loc":{"start":{"line":77,"column":53},"end":{"line":77,"column":71}},"line":77},"11":{"name":"(anonymous_11)","decl":{"start":{"line":82,"column":25},"end":{"line":82,"column":26}},"loc":{"start":{"line":82,"column":31},"end":{"line":84,"column":15}},"line":82},"12":{"name":"(anonymous_12)","decl":{"start":{"line":95,"column":25},"end":{"line":95,"column":26}},"loc":{"start":{"line":95,"column":31},"end":{"line":110,"column":3}},"line":95},"13":{"name":"(anonymous_13)","decl":{"start":{"line":96,"column":37},"end":{"line":96,"column":38}},"loc":{"start":{"line":96,"column":56},"end":{"line":98,"column":5}},"line":96},"14":{"name":"(anonymous_14)","decl":{"start":{"line":97,"column":43},"end":{"line":97,"column":44}},"loc":{"start":{"line":97,"column":68},"end":{"line":97,"column":95}},"line":97},"15":{"name":"(anonymous_15)","decl":{"start":{"line":100,"column":39},"end":{"line":100,"column":40}},"loc":{"start":{"line":100,"column":58},"end":{"line":107,"column":5}},"line":100},"16":{"name":"(anonymous_16)","decl":{"start":{"line":104,"column":8},"end":{"line":104,"column":9}},"loc":{"start":{"line":104,"column":13},"end":{"line":104,"column":63}},"line":104},"17":{"name":"(anonymous_17)","decl":{"start":{"line":106,"column":51},"end":{"line":106,"column":52}},"loc":{"start":{"line":106,"column":67},"end":{"line":106,"column":85}},"line":106},"18":{"name":"(anonymous_18)","decl":{"start":{"line":112,"column":29},"end":{"line":112,"column":30}},"loc":{"start":{"line":112,"column":35},"end":{"line":131,"column":3}},"line":112},"19":{"name":"(anonymous_19)","decl":{"start":{"line":114,"column":14},"end":{"line":114,"column":15}},"loc":{"start":{"line":114,"column":24},"end":{"line":114,"column":48}},"line":114},"20":{"name":"(anonymous_20)","decl":{"start":{"line":115,"column":14},"end":{"line":115,"column":15}},"loc":{"start":{"line":115,"column":33},"end":{"line":117,"column":7}},"line":115},"21":{"name":"(anonymous_21)","decl":{"start":{"line":116,"column":45},"end":{"line":116,"column":46}},"loc":{"start":{"line":116,"column":70},"end":{"line":116,"column":97}},"line":116},"22":{"name":"(anonymous_22)","decl":{"start":{"line":120,"column":14},"end":{"line":120,"column":15}},"loc":{"start":{"line":120,"column":24},"end":{"line":120,"column":48}},"line":120},"23":{"name":"(anonymous_23)","decl":{"start":{"line":121,"column":14},"end":{"line":121,"column":15}},"loc":{"start":{"line":121,"column":33},"end":{"line":128,"column":7}},"line":121},"24":{"name":"(anonymous_24)","decl":{"start":{"line":125,"column":10},"end":{"line":125,"column":11}},"loc":{"start":{"line":125,"column":15},"end":{"line":125,"column":65}},"line":125},"25":{"name":"(anonymous_25)","decl":{"start":{"line":127,"column":53},"end":{"line":127,"column":54}},"loc":{"start":{"line":127,"column":69},"end":{"line":127,"column":87}},"line":127},"26":{"name":"(anonymous_26)","decl":{"start":{"line":140,"column":19},"end":{"line":140,"column":20}},"loc":{"start":{"line":140,"column":25},"end":{"line":143,"column":11}},"line":140},"27":{"name":"(anonymous_27)","decl":{"start":{"line":166,"column":21},"end":{"line":166,"column":22}},"loc":{"start":{"line":166,"column":33},"end":{"line":222,"column":9}},"line":166},"28":{"name":"(anonymous_28)","decl":{"start":{"line":168,"column":12},"end":{"line":168,"column":13}},"loc":{"start":{"line":168,"column":17},"end":{"line":168,"column":91}},"line":168},"29":{"name":"(anonymous_29)","decl":{"start":{"line":179,"column":29},"end":{"line":179,"column":30}},"loc":{"start":{"line":179,"column":35},"end":{"line":179,"column":59}},"line":179},"30":{"name":"(anonymous_30)","decl":{"start":{"line":186,"column":29},"end":{"line":186,"column":30}},"loc":{"start":{"line":186,"column":35},"end":{"line":186,"column":61}},"line":186},"31":{"name":"(anonymous_31)","decl":{"start":{"line":194,"column":36},"end":{"line":194,"column":37}},"loc":{"start":{"line":195,"column":18},"end":{"line":205,"column":25}},"line":195},"32":{"name":"(anonymous_32)","decl":{"start":{"line":212,"column":49},"end":{"line":212,"column":50}},"loc":{"start":{"line":213,"column":20},"end":{"line":216,"column":27}},"line":213},"33":{"name":"(anonymous_33)","decl":{"start":{"line":228,"column":20},"end":{"line":228,"column":21}},"loc":{"start":{"line":228,"column":26},"end":{"line":231,"column":11}},"line":228}},"branchMap":{"0":{"loc":{"start":{"line":36,"column":6},"end":{"line":42,"column":7}},"type":"if","locations":[{"start":{"line":36,"column":6},"end":{"line":42,"column":7}},{"start":{"line":39,"column":13},"end":{"line":42,"column":7}}],"line":36},"1":{"loc":{"start":{"line":38,"column":38},"end":{"line":38,"column":76}},"type":"cond-expr","locations":[{"start":{"line":38,"column":66},"end":{"line":38,"column":72}},{"start":{"line":38,"column":75},"end":{"line":38,"column":76}}],"line":38},"2":{"loc":{"start":{"line":104,"column":13},"end":{"line":104,"column":63}},"type":"binary-expr","locations":[{"start":{"line":104,"column":13},"end":{"line":104,"column":37}},{"start":{"line":104,"column":41},"end":{"line":104,"column":63}}],"line":104},"3":{"loc":{"start":{"line":106,"column":22},"end":{"line":106,"column":94}},"type":"binary-expr","locations":[{"start":{"line":106,"column":22},"end":{"line":106,"column":89}},{"start":{"line":106,"column":93},"end":{"line":106,"column":94}}],"line":106},"4":{"loc":{"start":{"line":125,"column":15},"end":{"line":125,"column":65}},"type":"binary-expr","locations":[{"start":{"line":125,"column":15},"end":{"line":125,"column":39}},{"start":{"line":125,"column":43},"end":{"line":125,"column":65}}],"line":125},"5":{"loc":{"start":{"line":127,"column":24},"end":{"line":127,"column":96}},"type":"binary-expr","locations":[{"start":{"line":127,"column":24},"end":{"line":127,"column":91}},{"start":{"line":127,"column":95},"end":{"line":127,"column":96}}],"line":127},"6":{"loc":{"start":{"line":168,"column":17},"end":{"line":168,"column":91}},"type":"binary-expr","locations":[{"start":{"line":168,"column":17},"end":{"line":168,"column":51}},{"start":{"line":168,"column":55},"end":{"line":168,"column":91}}],"line":168},"7":{"loc":{"start":{"line":198,"column":25},"end":{"line":198,"column":95}},"type":"binary-expr","locations":[{"start":{"line":198,"column":25},"end":{"line":198,"column":52}},{"start":{"line":198,"column":56},"end":{"line":198,"column":95}}],"line":198},"8":{"loc":{"start":{"line":199,"column":25},"end":{"line":199,"column":95}},"type":"binary-expr","locations":[{"start":{"line":199,"column":25},"end":{"line":199,"column":52}},{"start":{"line":199,"column":56},"end":{"line":199,"column":95}}],"line":199},"9":{"loc":{"start":{"line":200,"column":25},"end":{"line":200,"column":87}},"type":"binary-expr","locations":[{"start":{"line":200,"column":25},"end":{"line":200,"column":48}},{"start":{"line":200,"column":52},"end":{"line":200,"column":87}}],"line":200},"10":{"loc":{"start":{"line":209,"column":15},"end":{"line":219,"column":15}},"type":"binary-expr","locations":[{"start":{"line":209,"column":15},"end":{"line":209,"column":33}},{"start":{"line":209,"column":37},"end":{"line":209,"column":73}},{"start":{"line":210,"column":16},"end":{"line":218,"column":23}}],"line":209},"11":{"loc":{"start":{"line":225,"column":7},"end":{"line":235,"column":7}},"type":"binary-expr","locations":[{"start":{"line":225,"column":7},"end":{"line":225,"column":15}},{"start":{"line":226,"column":8},"end":{"line":234,"column":10}}],"line":225}},"s":{"0":0,"1":0,"2":0,"3":0,"4":0,"5":0,"6":0,"7":0,"8":0,"9":0,"10":0,"11":0,"12":0,"13":0,"14":0,"15":0,"16":0,"17":0,"18":0,"19":0,"20":0,"21":0,"22":0,"23":0,"24":0,"25":0,"26":0,"27":0,"28":0,"29":0,"30":0,"31":0,"32":0,"33":0,"34":0,"35":0,"36":0,"37":0,"38":0,"39":0,"40":0,"41":0,"42":0,"43":0,"44":0,"45":0,"46":0,"47":0,"48":0,"49":0,"50":0,"51":0,"52":0,"53":0,"54":0,"55":0,"56":0,"57":0,"58":0,"59":0,"60":0,"61":0,"62":0,"63":0,"64":0,"65":0,"66":0,"67":0,"68":0,"69":0,"70":0,"71":0,"72":0,"73":0,"74":0,"75":0,"76":0,"77":0,"78":0,"79":0,"80":0},"f":{"0":0,"1":0,"2":0,"3":0,"4":0,"5":0,"6":0,"7":0,"8":0,"9":0,"10":0,"11":0,"12":0,"13":0,"14":0,"15":0,"16":0,"17":0,"18":0,"19":0,"20":0,"21":0,"22":0,"23":0,"24":0,"25":0,"26":0,"27":0,"28":0,"29":0,"30":0,"31":0,"32":0,"33":0},"b":{"0":[0,0],"1":[0,0],"2":[0,0],"3":[0,0],"4":[0,0],"5":[0,0],"6":[0,0],"7":[0,0],"8":[0,0],"9":[0,0],"10":[0,0,0],"11":[0,0]}}
,"C:\\TESTEEEE\\project\\project\\app\\(tabs)\\index.tsx": {"path":"C:\\TESTEEEE\\project\\project\\app\\(tabs)\\index.tsx","statementMap":{"0":{"start":{"line":11,"column":40},"end":{"line":11,"column":60}},"1":{"start":{"line":12,"column":40},"end":{"line":19,"column":4}},"2":{"start":{"line":20,"column":44},"end":{"line":20,"column":55}},"3":{"start":{"line":21,"column":50},"end":{"line":21,"column":61}},"4":{"start":{"line":22,"column":38},"end":{"line":22,"column":49}},"5":{"start":{"line":23,"column":42},"end":{"line":23,"column":53}},"6":{"start":{"line":24,"column":31},"end":{"line":24,"column":41}},"7":{"start":{"line":27,"column":25},"end":{"line":27,"column":44}},"8":{"start":{"line":28,"column":2},"end":{"line":28,"column":39}},"9":{"start":{"line":31,"column":24},"end":{"line":31,"column":37}},"10":{"start":{"line":33,"column":19},"end":{"line":106,"column":8}},"11":{"start":{"line":35,"column":4},"end":{"line":35,"column":38}},"12":{"start":{"line":35,"column":31},"end":{"line":35,"column":38}},"13":{"start":{"line":36,"column":4},"end":{"line":36,"column":33}},"14":{"start":{"line":38,"column":4},"end":{"line":105,"column":5}},"15":{"start":{"line":39,"column":6},"end":{"line":39,"column":52}},"16":{"start":{"line":41,"column":24},"end":{"line":41,"column":46}},"17":{"start":{"line":44,"column":25},"end":{"line":44,"column":58}},"18":{"start":{"line":46,"column":27},"end":{"line":46,"column":71}},"19":{"start":{"line":49,"column":28},"end":{"line":49,"column":29}},"20":{"start":{"line":50,"column":30},"end":{"line":50,"column":31}},"21":{"start":{"line":52,"column":6},"end":{"line":68,"column":9}},"22":{"start":{"line":54,"column":27},"end":{"line":54,"column":89}},"23":{"start":{"line":54,"column":66},"end":{"line":54,"column":85}},"24":{"start":{"line":55,"column":8},"end":{"line":55,"column":38}},"25":{"start":{"line":58,"column":29},"end":{"line":58,"column":49}},"26":{"start":{"line":59,"column":28},"end":{"line":59,"column":51}},"27":{"start":{"line":60,"column":30},"end":{"line":62,"column":9}},"28":{"start":{"line":61,"column":15},"end":{"line":61,"column":65}},"29":{"start":{"line":64,"column":8},"end":{"line":67,"column":9}},"30":{"start":{"line":65,"column":31},"end":{"line":65,"column":97}},"31":{"start":{"line":65,"column":75},"end":{"line":65,"column":93}},"32":{"start":{"line":66,"column":10},"end":{"line":66,"column":44}},"33":{"start":{"line":70,"column":26},"end":{"line":70,"column":61}},"34":{"start":{"line":73,"column":20},"end":{"line":75,"column":62}},"35":{"start":{"line":74,"column":27},"end":{"line":74,"column":51}},"36":{"start":{"line":75,"column":36},"end":{"line":75,"column":58}},"37":{"start":{"line":77,"column":23},"end":{"line":79,"column":62}},"38":{"start":{"line":78,"column":27},"end":{"line":78,"column":54}},"39":{"start":{"line":79,"column":36},"end":{"line":79,"column":58}},"40":{"start":{"line":81,"column":28},"end":{"line":81,"column":44}},"41":{"start":{"line":84,"column":22},"end":{"line":84,"column":49}},"42":{"start":{"line":86,"column":6},"end":{"line":86,"column":30}},"43":{"start":{"line":87,"column":6},"end":{"line":87,"column":36}},"44":{"start":{"line":88,"column":6},"end":{"line":88,"column":37}},"45":{"start":{"line":89,"column":6},"end":{"line":89,"column":41}},"46":{"start":{"line":91,"column":42},"end":{"line":98,"column":7}},"47":{"start":{"line":100,"column":6},"end":{"line":100,"column":37}},"48":{"start":{"line":102,"column":6},"end":{"line":102,"column":67}},"49":{"start":{"line":104,"column":6},"end":{"line":104,"column":36}},"50":{"start":{"line":109,"column":2},"end":{"line":111,"column":20}},"51":{"start":{"line":110,"column":4},"end":{"line":110,"column":15}},"52":{"start":{"line":114,"column":2},"end":{"line":133,"column":35}},"53":{"start":{"line":116,"column":25},"end":{"line":123,"column":5}},"54":{"start":{"line":118,"column":6},"end":{"line":122,"column":14}},"55":{"start":{"line":119,"column":8},"end":{"line":121,"column":9}},"56":{"start":{"line":120,"column":10},"end":{"line":120,"column":21}},"57":{"start":{"line":125,"column":31},"end":{"line":125,"column":80}},"58":{"start":{"line":126,"column":30},"end":{"line":126,"column":78}},"59":{"start":{"line":129,"column":4},"end":{"line":132,"column":6}},"60":{"start":{"line":130,"column":6},"end":{"line":130,"column":27}},"61":{"start":{"line":131,"column":6},"end":{"line":131,"column":26}},"62":{"start":{"line":135,"column":28},"end":{"line":137,"column":3}},"63":{"start":{"line":136,"column":4},"end":{"line":136,"column":25}},"64":{"start":{"line":139,"column":30},"end":{"line":142,"column":3}},"65":{"start":{"line":140,"column":4},"end":{"line":140,"column":32}},"66":{"start":{"line":140,"column":21},"end":{"line":140,"column":32}},"67":{"start":{"line":141,"column":4},"end":{"line":141,"column":46}},"68":{"start":{"line":144,"column":2},"end":{"line":213,"column":4}},"69":{"start":{"line":216,"column":15},"end":{"line":343,"column":2}}},"fnMap":{"0":{"name":"HomeScreen","decl":{"start":{"line":10,"column":24},"end":{"line":10,"column":34}},"loc":{"start":{"line":10,"column":37},"end":{"line":214,"column":1}},"line":10},"1":{"name":"(anonymous_1)","decl":{"start":{"line":33,"column":31},"end":{"line":33,"column":32}},"loc":{"start":{"line":33,"column":43},"end":{"line":106,"column":3}},"line":33},"2":{"name":"(anonymous_2)","decl":{"start":{"line":52,"column":25},"end":{"line":52,"column":26}},"loc":{"start":{"line":52,"column":35},"end":{"line":68,"column":7}},"line":52},"3":{"name":"(anonymous_3)","decl":{"start":{"line":54,"column":49},"end":{"line":54,"column":50}},"loc":{"start":{"line":54,"column":66},"end":{"line":54,"column":85}},"line":54},"4":{"name":"(anonymous_4)","decl":{"start":{"line":61,"column":10},"end":{"line":61,"column":11}},"loc":{"start":{"line":61,"column":15},"end":{"line":61,"column":65}},"line":61},"5":{"name":"(anonymous_5)","decl":{"start":{"line":65,"column":59},"end":{"line":65,"column":60}},"loc":{"start":{"line":65,"column":75},"end":{"line":65,"column":93}},"line":65},"6":{"name":"(anonymous_6)","decl":{"start":{"line":74,"column":16},"end":{"line":74,"column":17}},"loc":{"start":{"line":74,"column":27},"end":{"line":74,"column":51}},"line":74},"7":{"name":"(anonymous_7)","decl":{"start":{"line":75,"column":16},"end":{"line":75,"column":17}},"loc":{"start":{"line":75,"column":36},"end":{"line":75,"column":58}},"line":75},"8":{"name":"(anonymous_8)","decl":{"start":{"line":78,"column":16},"end":{"line":78,"column":17}},"loc":{"start":{"line":78,"column":27},"end":{"line":78,"column":54}},"line":78},"9":{"name":"(anonymous_9)","decl":{"start":{"line":79,"column":16},"end":{"line":79,"column":17}},"loc":{"start":{"line":79,"column":36},"end":{"line":79,"column":58}},"line":79},"10":{"name":"(anonymous_10)","decl":{"start":{"line":109,"column":12},"end":{"line":109,"column":13}},"loc":{"start":{"line":109,"column":18},"end":{"line":111,"column":3}},"line":109},"11":{"name":"(anonymous_11)","decl":{"start":{"line":114,"column":12},"end":{"line":114,"column":13}},"loc":{"start":{"line":114,"column":18},"end":{"line":133,"column":3}},"line":114},"12":{"name":"(anonymous_12)","decl":{"start":{"line":116,"column":25},"end":{"line":116,"column":26}},"loc":{"start":{"line":116,"column":31},"end":{"line":123,"column":5}},"line":116},"13":{"name":"(anonymous_13)","decl":{"start":{"line":118,"column":17},"end":{"line":118,"column":18}},"loc":{"start":{"line":118,"column":23},"end":{"line":122,"column":7}},"line":118},"14":{"name":"(anonymous_14)","decl":{"start":{"line":129,"column":11},"end":{"line":129,"column":12}},"loc":{"start":{"line":129,"column":17},"end":{"line":132,"column":5}},"line":129},"15":{"name":"(anonymous_15)","decl":{"start":{"line":135,"column":28},"end":{"line":135,"column":29}},"loc":{"start":{"line":135,"column":44},"end":{"line":137,"column":3}},"line":135},"16":{"name":"(anonymous_16)","decl":{"start":{"line":139,"column":30},"end":{"line":139,"column":31}},"loc":{"start":{"line":139,"column":64},"end":{"line":142,"column":3}},"line":139}},"branchMap":{"0":{"loc":{"start":{"line":35,"column":4},"end":{"line":35,"column":38}},"type":"if","locations":[{"start":{"line":35,"column":4},"end":{"line":35,"column":38}},{"start":{},"end":{}}],"line":35},"1":{"loc":{"start":{"line":61,"column":15},"end":{"line":61,"column":65}},"type":"binary-expr","locations":[{"start":{"line":61,"column":15},"end":{"line":61,"column":39}},{"start":{"line":61,"column":43},"end":{"line":61,"column":65}}],"line":61},"2":{"loc":{"start":{"line":64,"column":8},"end":{"line":67,"column":9}},"type":"if","locations":[{"start":{"line":64,"column":8},"end":{"line":67,"column":9}},{"start":{},"end":{}}],"line":64},"3":{"loc":{"start":{"line":119,"column":8},"end":{"line":121,"column":9}},"type":"if","locations":[{"start":{"line":119,"column":8},"end":{"line":121,"column":9}},{"start":{},"end":{}}],"line":119},"4":{"loc":{"start":{"line":140,"column":4},"end":{"line":140,"column":32}},"type":"if","locations":[{"start":{"line":140,"column":4},"end":{"line":140,"column":32}},{"start":{},"end":{}}],"line":140}},"s":{"0":0,"1":0,"2":0,"3":0,"4":0,"5":0,"6":0,"7":0,"8":0,"9":0,"10":0,"11":0,"12":0,"13":0,"14":0,"15":0,"16":0,"17":0,"18":0,"19":0,"20":0,"21":0,"22":0,"23":0,"24":0,"25":0,"26":0,"27":0,"28":0,"29":0,"30":0,"31":0,"32":0,"33":0,"34":0,"35":0,"36":0,"37":0,"38":0,"39":0,"40":0,"41":0,"42":0,"43":0,"44":0,"45":0,"46":0,"47":0,"48":0,"49":0,"50":0,"51":0,"52":0,"53":0,"54":0,"55":0,"56":0,"57":0,"58":0,"59":0,"60":0,"61":0,"62":0,"63":0,"64":0,"65":0,"66":0,"67":0,"68":0,"69":0},"f":{"0":0,"1":0,"2":0,"3":0,"4":0,"5":0,"6":0,"7":0,"8":0,"9":0,"10":0,"11":0,"12":0,"13":0,"14":0,"15":0,"16":0},"b":{"0":[0,0],"1":[0,0],"2":[0,0],"3":[0,0],"4":[0,0]}}
,"C:\\TESTEEEE\\project\\project\\app\\(tabs)\\settings.tsx": {"path":"C:\\TESTEEEE\\project\\project\\app\\(tabs)\\settings.tsx","statementMap":{"0":{"start":{"line":8,"column":38},"end":{"line":8,"column":48}},"1":{"start":{"line":9,"column":40},"end":{"line":9,"column":55}},"2":{"start":{"line":11,"column":26},"end":{"line":39,"column":3}},"3":{"start":{"line":12,"column":4},"end":{"line":38,"column":6}},"4":{"start":{"line":24,"column":12},"end":{"line":24,"column":33}},"5":{"start":{"line":25,"column":12},"end":{"line":33,"column":13}},"6":{"start":{"line":26,"column":14},"end":{"line":26,"column":50}},"7":{"start":{"line":27,"column":14},"end":{"line":27,"column":90}},"8":{"start":{"line":29,"column":14},"end":{"line":29,"column":80}},"9":{"start":{"line":30,"column":14},"end":{"line":30,"column":35}},"10":{"start":{"line":32,"column":14},"end":{"line":32,"column":36}},"11":{"start":{"line":41,"column":2},"end":{"line":165,"column":4}},"12":{"start":{"line":54,"column":27},"end":{"line":54,"column":44}},"13":{"start":{"line":81,"column":27},"end":{"line":81,"column":43}},"14":{"start":{"line":108,"column":27},"end":{"line":108,"column":45}},"15":{"start":{"line":168,"column":15},"end":{"line":246,"column":2}}},"fnMap":{"0":{"name":"SettingsScreen","decl":{"start":{"line":7,"column":24},"end":{"line":7,"column":38}},"loc":{"start":{"line":7,"column":41},"end":{"line":166,"column":1}},"line":7},"1":{"name":"(anonymous_1)","decl":{"start":{"line":11,"column":26},"end":{"line":11,"column":27}},"loc":{"start":{"line":11,"column":38},"end":{"line":39,"column":3}},"line":11},"2":{"name":"(anonymous_2)","decl":{"start":{"line":23,"column":19},"end":{"line":23,"column":20}},"loc":{"start":{"line":23,"column":31},"end":{"line":34,"column":11}},"line":23},"3":{"name":"(anonymous_3)","decl":{"start":{"line":54,"column":21},"end":{"line":54,"column":22}},"loc":{"start":{"line":54,"column":27},"end":{"line":54,"column":44}},"line":54},"4":{"name":"(anonymous_4)","decl":{"start":{"line":81,"column":21},"end":{"line":81,"column":22}},"loc":{"start":{"line":81,"column":27},"end":{"line":81,"column":43}},"line":81},"5":{"name":"(anonymous_5)","decl":{"start":{"line":108,"column":21},"end":{"line":108,"column":22}},"loc":{"start":{"line":108,"column":27},"end":{"line":108,"column":45}},"line":108}},"branchMap":{"0":{"loc":{"start":{"line":52,"column":14},"end":{"line":52,"column":106}},"type":"binary-expr","locations":[{"start":{"line":52,"column":14},"end":{"line":52,"column":31}},{"start":{"line":52,"column":35},"end":{"line":52,"column":106}}],"line":52},"1":{"loc":{"start":{"line":59,"column":23},"end":{"line":59,"column":81}},"type":"cond-expr","locations":[{"start":{"line":59,"column":43},"end":{"line":59,"column":57}},{"start":{"line":59,"column":60},"end":{"line":59,"column":81}}],"line":59},"2":{"loc":{"start":{"line":65,"column":27},"end":{"line":65,"column":83}},"type":"cond-expr","locations":[{"start":{"line":65,"column":47},"end":{"line":65,"column":61}},{"start":{"line":65,"column":64},"end":{"line":65,"column":83}}],"line":65},"3":{"loc":{"start":{"line":79,"column":14},"end":{"line":79,"column":105}},"type":"binary-expr","locations":[{"start":{"line":79,"column":14},"end":{"line":79,"column":30}},{"start":{"line":79,"column":34},"end":{"line":79,"column":105}}],"line":79},"4":{"loc":{"start":{"line":86,"column":23},"end":{"line":86,"column":80}},"type":"cond-expr","locations":[{"start":{"line":86,"column":42},"end":{"line":86,"column":56}},{"start":{"line":86,"column":59},"end":{"line":86,"column":80}}],"line":86},"5":{"loc":{"start":{"line":92,"column":27},"end":{"line":92,"column":82}},"type":"cond-expr","locations":[{"start":{"line":92,"column":46},"end":{"line":92,"column":60}},{"start":{"line":92,"column":63},"end":{"line":92,"column":82}}],"line":92},"6":{"loc":{"start":{"line":106,"column":14},"end":{"line":106,"column":107}},"type":"binary-expr","locations":[{"start":{"line":106,"column":14},"end":{"line":106,"column":32}},{"start":{"line":106,"column":36},"end":{"line":106,"column":107}}],"line":106},"7":{"loc":{"start":{"line":113,"column":23},"end":{"line":113,"column":82}},"type":"cond-expr","locations":[{"start":{"line":113,"column":44},"end":{"line":113,"column":58}},{"start":{"line":113,"column":61},"end":{"line":113,"column":82}}],"line":113},"8":{"loc":{"start":{"line":119,"column":27},"end":{"line":119,"column":84}},"type":"cond-expr","locations":[{"start":{"line":119,"column":48},"end":{"line":119,"column":62}},{"start":{"line":119,"column":65},"end":{"line":119,"column":84}}],"line":119},"9":{"loc":{"start":{"line":141,"column":13},"end":{"line":141,"column":70}},"type":"cond-expr","locations":[{"start":{"line":141,"column":27},"end":{"line":141,"column":41}},{"start":{"line":141,"column":44},"end":{"line":141,"column":70}}],"line":141}},"s":{"0":0,"1":0,"2":0,"3":0,"4":0,"5":0,"6":0,"7":0,"8":0,"9":0,"10":0,"11":0,"12":0,"13":0,"14":0,"15":0},"f":{"0":0,"1":0,"2":0,"3":0,"4":0,"5":0},"b":{"0":[0,0],"1":[0,0],"2":[0,0],"3":[0,0],"4":[0,0],"5":[0,0],"6":[0,0],"7":[0,0],"8":[0,0],"9":[0,0]}}
,"C:\\TESTEEEE\\project\\project\\app\\(tabs)\\travels.tsx": {"path":"C:\\TESTEEEE\\project\\project\\app\\(tabs)\\travels.tsx","statementMap":{"0":{"start":{"line":10,"column":17},"end":{"line":10,"column":28}},"1":{"start":{"line":11,"column":21},"end":{"line":11,"column":31}},"2":{"start":{"line":12,"column":31},"end":{"line":12,"column":41}},"3":{"start":{"line":13,"column":32},"end":{"line":13,"column":54}},"4":{"start":{"line":14,"column":38},"end":{"line":14,"column":67}},"5":{"start":{"line":16,"column":2},"end":{"line":29,"column":9}},"6":{"start":{"line":17,"column":4},"end":{"line":17,"column":18}},"7":{"start":{"line":20,"column":24},"end":{"line":23,"column":6}},"8":{"start":{"line":21,"column":6},"end":{"line":21,"column":82}},"9":{"start":{"line":22,"column":6},"end":{"line":22,"column":20}},"10":{"start":{"line":26,"column":4},"end":{"line":28,"column":6}},"11":{"start":{"line":27,"column":6},"end":{"line":27,"column":20}},"12":{"start":{"line":31,"column":22},"end":{"line":34,"column":3}},"13":{"start":{"line":32,"column":26},"end":{"line":32,"column":60}},"14":{"start":{"line":33,"column":4},"end":{"line":33,"column":30}},"15":{"start":{"line":36,"column":26},"end":{"line":67,"column":3}},"16":{"start":{"line":38,"column":22},"end":{"line":50,"column":5}},"17":{"start":{"line":53,"column":4},"end":{"line":66,"column":5}},"18":{"start":{"line":54,"column":22},"end":{"line":54,"column":64}},"19":{"start":{"line":55,"column":6},"end":{"line":62,"column":7}},"20":{"start":{"line":56,"column":8},"end":{"line":59,"column":11}},"21":{"start":{"line":61,"column":8},"end":{"line":61,"column":68}},"22":{"start":{"line":64,"column":6},"end":{"line":64,"column":57}},"23":{"start":{"line":65,"column":6},"end":{"line":65,"column":68}},"24":{"start":{"line":69,"column":21},"end":{"line":72,"column":3}},"25":{"start":{"line":70,"column":17},"end":{"line":70,"column":37}},"26":{"start":{"line":71,"column":4},"end":{"line":71,"column":44}},"27":{"start":{"line":74,"column":33},"end":{"line":80,"column":3}},"28":{"start":{"line":75,"column":18},"end":{"line":75,"column":37}},"29":{"start":{"line":76,"column":18},"end":{"line":76,"column":28}},"30":{"start":{"line":77,"column":21},"end":{"line":77,"column":54}},"31":{"start":{"line":78,"column":21},"end":{"line":78,"column":64}},"32":{"start":{"line":79,"column":4},"end":{"line":79,"column":20}},"33":{"start":{"line":82,"column":35},"end":{"line":99,"column":3}},"34":{"start":{"line":84,"column":25},"end":{"line":84,"column":82}},"35":{"start":{"line":84,"column":62},"end":{"line":84,"column":78}},"36":{"start":{"line":87,"column":27},"end":{"line":90,"column":5}},"37":{"start":{"line":88,"column":25},"end":{"line":88,"column":60}},"38":{"start":{"line":92,"column":28},"end":{"line":95,"column":5}},"39":{"start":{"line":93,"column":24},"end":{"line":93,"column":44}},"40":{"start":{"line":98,"column":4},"end":{"line":98,"column":81}},"41":{"start":{"line":101,"column":29},"end":{"line":124,"column":3}},"42":{"start":{"line":102,"column":4},"end":{"line":123,"column":6}},"43":{"start":{"line":114,"column":28},"end":{"line":114,"column":72}},"44":{"start":{"line":115,"column":12},"end":{"line":119,"column":13}},"45":{"start":{"line":116,"column":14},"end":{"line":116,"column":28}},"46":{"start":{"line":118,"column":14},"end":{"line":118,"column":71}},"47":{"start":{"line":126,"column":23},"end":{"line":128,"column":3}},"48":{"start":{"line":127,"column":4},"end":{"line":127,"column":49}},"49":{"start":{"line":130,"column":27},"end":{"line":132,"column":3}},"50":{"start":{"line":131,"column":4},"end":{"line":131,"column":33}},"51":{"start":{"line":134,"column":34},"end":{"line":136,"column":3}},"52":{"start":{"line":135,"column":4},"end":{"line":135,"column":41}},"53":{"start":{"line":138,"column":2},"end":{"line":257,"column":4}},"54":{"start":{"line":152,"column":32},"end":{"line":152,"column":50}},"55":{"start":{"line":154,"column":32},"end":{"line":154,"column":70}},"56":{"start":{"line":155,"column":29},"end":{"line":155,"column":47}},"57":{"start":{"line":156,"column":29},"end":{"line":156,"column":51}},"58":{"start":{"line":158,"column":10},"end":{"line":243,"column":12}},"59":{"start":{"line":166,"column":31},"end":{"line":166,"column":52}},"60":{"start":{"line":220,"column":37},"end":{"line":220,"column":69}},"61":{"start":{"line":228,"column":37},"end":{"line":228,"column":62}},"62":{"start":{"line":235,"column":37},"end":{"line":235,"column":61}},"63":{"start":{"line":246,"column":10},"end":{"line":253,"column":17}},"64":{"start":{"line":260,"column":15},"end":{"line":392,"column":2}}},"fnMap":{"0":{"name":"TravelsScreen","decl":{"start":{"line":9,"column":24},"end":{"line":9,"column":37}},"loc":{"start":{"line":9,"column":40},"end":{"line":258,"column":1}},"line":9},"1":{"name":"(anonymous_1)","decl":{"start":{"line":16,"column":12},"end":{"line":16,"column":13}},"loc":{"start":{"line":16,"column":18},"end":{"line":29,"column":3}},"line":16},"2":{"name":"(anonymous_2)","decl":{"start":{"line":20,"column":59},"end":{"line":20,"column":60}},"loc":{"start":{"line":20,"column":65},"end":{"line":23,"column":5}},"line":20},"3":{"name":"(anonymous_3)","decl":{"start":{"line":26,"column":11},"end":{"line":26,"column":12}},"loc":{"start":{"line":26,"column":17},"end":{"line":28,"column":5}},"line":26},"4":{"name":"(anonymous_4)","decl":{"start":{"line":31,"column":22},"end":{"line":31,"column":23}},"loc":{"start":{"line":31,"column":34},"end":{"line":34,"column":3}},"line":31},"5":{"name":"(anonymous_5)","decl":{"start":{"line":36,"column":26},"end":{"line":36,"column":27}},"loc":{"start":{"line":36,"column":38},"end":{"line":67,"column":3}},"line":36},"6":{"name":"(anonymous_6)","decl":{"start":{"line":69,"column":21},"end":{"line":69,"column":22}},"loc":{"start":{"line":69,"column":45},"end":{"line":72,"column":3}},"line":69},"7":{"name":"(anonymous_7)","decl":{"start":{"line":74,"column":33},"end":{"line":74,"column":34}},"loc":{"start":{"line":74,"column":56},"end":{"line":80,"column":3}},"line":74},"8":{"name":"(anonymous_8)","decl":{"start":{"line":82,"column":35},"end":{"line":82,"column":36}},"loc":{"start":{"line":82,"column":55},"end":{"line":99,"column":3}},"line":82},"9":{"name":"(anonymous_9)","decl":{"start":{"line":84,"column":48},"end":{"line":84,"column":49}},"loc":{"start":{"line":84,"column":62},"end":{"line":84,"column":78}},"line":84},"10":{"name":"(anonymous_10)","decl":{"start":{"line":88,"column":6},"end":{"line":88,"column":7}},"loc":{"start":{"line":88,"column":25},"end":{"line":88,"column":60}},"line":88},"11":{"name":"(anonymous_11)","decl":{"start":{"line":93,"column":6},"end":{"line":93,"column":7}},"loc":{"start":{"line":93,"column":24},"end":{"line":93,"column":44}},"line":93},"12":{"name":"(anonymous_12)","decl":{"start":{"line":101,"column":29},"end":{"line":101,"column":30}},"loc":{"start":{"line":101,"column":55},"end":{"line":124,"column":3}},"line":101},"13":{"name":"(anonymous_13)","decl":{"start":{"line":113,"column":19},"end":{"line":113,"column":20}},"loc":{"start":{"line":113,"column":31},"end":{"line":120,"column":11}},"line":113},"14":{"name":"(anonymous_14)","decl":{"start":{"line":126,"column":23},"end":{"line":126,"column":24}},"loc":{"start":{"line":126,"column":39},"end":{"line":128,"column":3}},"line":126},"15":{"name":"(anonymous_15)","decl":{"start":{"line":130,"column":27},"end":{"line":130,"column":28}},"loc":{"start":{"line":130,"column":43},"end":{"line":132,"column":3}},"line":130},"16":{"name":"(anonymous_16)","decl":{"start":{"line":134,"column":34},"end":{"line":134,"column":35}},"loc":{"start":{"line":134,"column":50},"end":{"line":136,"column":3}},"line":134},"17":{"name":"(anonymous_17)","decl":{"start":{"line":152,"column":22},"end":{"line":152,"column":23}},"loc":{"start":{"line":152,"column":32},"end":{"line":152,"column":50}},"line":152},"18":{"name":"(anonymous_18)","decl":{"start":{"line":153,"column":20},"end":{"line":153,"column":21}},"loc":{"start":{"line":153,"column":34},"end":{"line":244,"column":9}},"line":153},"19":{"name":"(anonymous_19)","decl":{"start":{"line":166,"column":25},"end":{"line":166,"column":26}},"loc":{"start":{"line":166,"column":31},"end":{"line":166,"column":52}},"line":166},"20":{"name":"(anonymous_20)","decl":{"start":{"line":220,"column":31},"end":{"line":220,"column":32}},"loc":{"start":{"line":220,"column":37},"end":{"line":220,"column":69}},"line":220},"21":{"name":"(anonymous_21)","decl":{"start":{"line":228,"column":31},"end":{"line":228,"column":32}},"loc":{"start":{"line":228,"column":37},"end":{"line":228,"column":62}},"line":228},"22":{"name":"(anonymous_22)","decl":{"start":{"line":235,"column":31},"end":{"line":235,"column":32}},"loc":{"start":{"line":235,"column":37},"end":{"line":235,"column":61}},"line":235},"23":{"name":"(anonymous_23)","decl":{"start":{"line":245,"column":28},"end":{"line":245,"column":29}},"loc":{"start":{"line":246,"column":10},"end":{"line":253,"column":17}},"line":246}},"branchMap":{"0":{"loc":{"start":{"line":55,"column":6},"end":{"line":62,"column":7}},"type":"if","locations":[{"start":{"line":55,"column":6},"end":{"line":62,"column":7}},{"start":{"line":60,"column":13},"end":{"line":62,"column":7}}],"line":55},"1":{"loc":{"start":{"line":87,"column":28},"end":{"line":87,"column":50}},"type":"binary-expr","locations":[{"start":{"line":87,"column":28},"end":{"line":87,"column":44}},{"start":{"line":87,"column":48},"end":{"line":87,"column":50}}],"line":87},"2":{"loc":{"start":{"line":88,"column":32},"end":{"line":88,"column":59}},"type":"binary-expr","locations":[{"start":{"line":88,"column":32},"end":{"line":88,"column":54}},{"start":{"line":88,"column":58},"end":{"line":88,"column":59}}],"line":88},"3":{"loc":{"start":{"line":115,"column":12},"end":{"line":119,"column":13}},"type":"if","locations":[{"start":{"line":115,"column":12},"end":{"line":119,"column":13}},{"start":{"line":117,"column":19},"end":{"line":119,"column":13}}],"line":115},"4":{"loc":{"start":{"line":127,"column":18},"end":{"line":127,"column":47}},"type":"cond-expr","locations":[{"start":{"line":127,"column":38},"end":{"line":127,"column":42}},{"start":{"line":127,"column":45},"end":{"line":127,"column":47}}],"line":127},"5":{"loc":{"start":{"line":162,"column":14},"end":{"line":162,"column":47}},"type":"binary-expr","locations":[{"start":{"line":162,"column":14},"end":{"line":162,"column":24}},{"start":{"line":162,"column":28},"end":{"line":162,"column":47}}],"line":162},"6":{"loc":{"start":{"line":175,"column":20},"end":{"line":176,"column":70}},"type":"cond-expr","locations":[{"start":{"line":175,"column":33},"end":{"line":175,"column":58}},{"start":{"line":176,"column":20},"end":{"line":176,"column":70}}],"line":175},"7":{"loc":{"start":{"line":176,"column":20},"end":{"line":176,"column":70}},"type":"cond-expr","locations":[{"start":{"line":176,"column":41},"end":{"line":176,"column":65}},{"start":{"line":176,"column":68},"end":{"line":176,"column":70}}],"line":176},"8":{"loc":{"start":{"line":178,"column":21},"end":{"line":180,"column":89}},"type":"cond-expr","locations":[{"start":{"line":179,"column":24},"end":{"line":179,"column":45}},{"start":{"line":180,"column":24},"end":{"line":180,"column":89}}],"line":178},"9":{"loc":{"start":{"line":180,"column":51},"end":{"line":180,"column":87}},"type":"cond-expr","locations":[{"start":{"line":180,"column":73},"end":{"line":180,"column":78}},{"start":{"line":180,"column":81},"end":{"line":180,"column":87}}],"line":180},"10":{"loc":{"start":{"line":183,"column":17},"end":{"line":185,"column":73}},"type":"cond-expr","locations":[{"start":{"line":184,"column":18},"end":{"line":184,"column":71}},{"start":{"line":185,"column":18},"end":{"line":185,"column":73}}],"line":183},"11":{"loc":{"start":{"line":189,"column":15},"end":{"line":241,"column":15}},"type":"binary-expr","locations":[{"start":{"line":189,"column":15},"end":{"line":189,"column":25}},{"start":{"line":190,"column":16},"end":{"line":240,"column":23}}],"line":189},"12":{"loc":{"start":{"line":210,"column":33},"end":{"line":210,"column":101}},"type":"cond-expr","locations":[{"start":{"line":210,"column":71},"end":{"line":210,"column":85}},{"start":{"line":210,"column":88},"end":{"line":210,"column":101}}],"line":210}},"s":{"0":0,"1":0,"2":0,"3":0,"4":0,"5":0,"6":0,"7":0,"8":0,"9":0,"10":0,"11":0,"12":0,"13":0,"14":0,"15":0,"16":0,"17":0,"18":0,"19":0,"20":0,"21":0,"22":0,"23":0,"24":0,"25":0,"26":0,"27":0,"28":0,"29":0,"30":0,"31":0,"32":0,"33":0,"34":0,"35":0,"36":0,"37":0,"38":0,"39":0,"40":0,"41":0,"42":0,"43":0,"44":0,"45":0,"46":0,"47":0,"48":0,"49":0,"50":0,"51":0,"52":0,"53":0,"54":0,"55":0,"56":0,"57":0,"58":0,"59":0,"60":0,"61":0,"62":0,"63":0,"64":0},"f":{"0":0,"1":0,"2":0,"3":0,"4":0,"5":0,"6":0,"7":0,"8":0,"9":0,"10":0,"11":0,"12":0,"13":0,"14":0,"15":0,"16":0,"17":0,"18":0,"19":0,"20":0,"21":0,"22":0,"23":0},"b":{"0":[0,0],"1":[0,0],"2":[0,0],"3":[0,0],"4":[0,0],"5":[0,0],"6":[0,0],"7":[0,0],"8":[0,0],"9":[0,0],"10":[0,0],"11":[0,0],"12":[0,0]}}
,"C:\\TESTEEEE\\project\\project\\app\\components\\DatePickerModal.tsx": {"path":"C:\\TESTEEEE\\project\\project\\app\\components\\DatePickerModal.tsx","statementMap":{"0":{"start":{"line":28,"column":21},"end":{"line":28,"column":31}},"1":{"start":{"line":29,"column":42},"end":{"line":29,"column":63}},"2":{"start":{"line":31,"column":27},"end":{"line":45,"column":3}},"3":{"start":{"line":32,"column":4},"end":{"line":44,"column":5}},"4":{"start":{"line":33,"column":6},"end":{"line":39,"column":7}},"5":{"start":{"line":34,"column":8},"end":{"line":34,"column":30}},"6":{"start":{"line":35,"column":8},"end":{"line":35,"column":27}},"7":{"start":{"line":36,"column":8},"end":{"line":36,"column":18}},"8":{"start":{"line":37,"column":13},"end":{"line":39,"column":7}},"9":{"start":{"line":38,"column":8},"end":{"line":38,"column":18}},"10":{"start":{"line":41,"column":6},"end":{"line":43,"column":7}},"11":{"start":{"line":42,"column":8},"end":{"line":42,"column":30}},"12":{"start":{"line":47,"column":24},"end":{"line":50,"column":3}},"13":{"start":{"line":48,"column":4},"end":{"line":48,"column":31}},"14":{"start":{"line":49,"column":4},"end":{"line":49,"column":14}},"15":{"start":{"line":52,"column":21},"end":{"line":60,"column":3}},"16":{"start":{"line":53,"column":4},"end":{"line":59,"column":5}},"17":{"start":{"line":54,"column":6},"end":{"line":54,"column":46}},"18":{"start":{"line":55,"column":11},"end":{"line":59,"column":5}},"19":{"start":{"line":56,"column":6},"end":{"line":56,"column":86}},"20":{"start":{"line":58,"column":6},"end":{"line":58,"column":127}},"21":{"start":{"line":63,"column":2},"end":{"line":76,"column":3}},"22":{"start":{"line":64,"column":4},"end":{"line":64,"column":32}},"23":{"start":{"line":64,"column":20},"end":{"line":64,"column":32}},"24":{"start":{"line":66,"column":4},"end":{"line":75,"column":6}},"25":{"start":{"line":79,"column":2},"end":{"line":121,"column":4}},"26":{"start":{"line":100,"column":41},"end":{"line":100,"column":70}},"27":{"start":{"line":124,"column":15},"end":{"line":179,"column":2}}},"fnMap":{"0":{"name":"DatePickerModal","decl":{"start":{"line":18,"column":24},"end":{"line":18,"column":39}},"loc":{"start":{"line":27,"column":25},"end":{"line":122,"column":1}},"line":27},"1":{"name":"(anonymous_1)","decl":{"start":{"line":31,"column":27},"end":{"line":31,"column":28}},"loc":{"start":{"line":31,"column":56},"end":{"line":45,"column":3}},"line":31},"2":{"name":"(anonymous_2)","decl":{"start":{"line":47,"column":24},"end":{"line":47,"column":25}},"loc":{"start":{"line":47,"column":30},"end":{"line":50,"column":3}},"line":47},"3":{"name":"(anonymous_3)","decl":{"start":{"line":52,"column":21},"end":{"line":52,"column":22}},"loc":{"start":{"line":52,"column":37},"end":{"line":60,"column":3}},"line":52},"4":{"name":"(anonymous_4)","decl":{"start":{"line":100,"column":24},"end":{"line":100,"column":25}},"loc":{"start":{"line":100,"column":41},"end":{"line":100,"column":70}},"line":100}},"branchMap":{"0":{"loc":{"start":{"line":23,"column":2},"end":{"line":23,"column":30}},"type":"default-arg","locations":[{"start":{"line":23,"column":10},"end":{"line":23,"column":30}}],"line":23},"1":{"loc":{"start":{"line":24,"column":2},"end":{"line":24,"column":15}},"type":"default-arg","locations":[{"start":{"line":24,"column":9},"end":{"line":24,"column":15}}],"line":24},"2":{"loc":{"start":{"line":32,"column":4},"end":{"line":44,"column":5}},"type":"if","locations":[{"start":{"line":32,"column":4},"end":{"line":44,"column":5}},{"start":{"line":40,"column":11},"end":{"line":44,"column":5}}],"line":32},"3":{"loc":{"start":{"line":33,"column":6},"end":{"line":39,"column":7}},"type":"if","locations":[{"start":{"line":33,"column":6},"end":{"line":39,"column":7}},{"start":{"line":37,"column":13},"end":{"line":39,"column":7}}],"line":33},"4":{"loc":{"start":{"line":33,"column":10},"end":{"line":33,"column":38}},"type":"binary-expr","locations":[{"start":{"line":33,"column":10},"end":{"line":33,"column":30}},{"start":{"line":33,"column":34},"end":{"line":33,"column":38}}],"line":33},"5":{"loc":{"start":{"line":37,"column":13},"end":{"line":39,"column":7}},"type":"if","locations":[{"start":{"line":37,"column":13},"end":{"line":39,"column":7}},{"start":{},"end":{}}],"line":37},"6":{"loc":{"start":{"line":41,"column":6},"end":{"line":43,"column":7}},"type":"if","locations":[{"start":{"line":41,"column":6},"end":{"line":43,"column":7}},{"start":{},"end":{}}],"line":41},"7":{"loc":{"start":{"line":53,"column":4},"end":{"line":59,"column":5}},"type":"if","locations":[{"start":{"line":53,"column":4},"end":{"line":59,"column":5}},{"start":{"line":55,"column":11},"end":{"line":59,"column":5}}],"line":53},"8":{"loc":{"start":{"line":55,"column":11},"end":{"line":59,"column":5}},"type":"if","locations":[{"start":{"line":55,"column":11},"end":{"line":59,"column":5}},{"start":{"line":57,"column":11},"end":{"line":59,"column":5}}],"line":55},"9":{"loc":{"start":{"line":63,"column":2},"end":{"line":76,"column":3}},"type":"if","locations":[{"start":{"line":63,"column":2},"end":{"line":76,"column":3}},{"start":{},"end":{}}],"line":63},"10":{"loc":{"start":{"line":64,"column":4},"end":{"line":64,"column":32}},"type":"if","locations":[{"start":{"line":64,"column":4},"end":{"line":64,"column":32}},{"start":{},"end":{}}],"line":64},"11":{"loc":{"start":{"line":100,"column":41},"end":{"line":100,"column":70}},"type":"binary-expr","locations":[{"start":{"line":100,"column":41},"end":{"line":100,"column":45}},{"start":{"line":100,"column":49},"end":{"line":100,"column":70}}],"line":100}},"s":{"0":0,"1":0,"2":0,"3":0,"4":0,"5":0,"6":0,"7":0,"8":0,"9":0,"10":0,"11":0,"12":0,"13":0,"14":0,"15":0,"16":0,"17":0,"18":0,"19":0,"20":0,"21":0,"22":0,"23":0,"24":0,"25":0,"26":0,"27":0},"f":{"0":0,"1":0,"2":0,"3":0,"4":0},"b":{"0":[0],"1":[0],"2":[0,0],"3":[0,0],"4":[0,0],"5":[0,0],"6":[0,0],"7":[0,0],"8":[0,0],"9":[0,0],"10":[0,0],"11":[0,0]}}
,"C:\\TESTEEEE\\project\\project\\app\\components\\ExpenseForm.tsx": {"path":"C:\\TESTEEEE\\project\\project\\app\\components\\ExpenseForm.tsx","statementMap":{"0":{"start":{"line":14,"column":22},"end":{"line":31,"column":1}},"1":{"start":{"line":15,"column":2},"end":{"line":30,"column":3}},"2":{"start":{"line":17,"column":6},"end":{"line":17,"column":48}},"3":{"start":{"line":19,"column":6},"end":{"line":19,"column":53}},"4":{"start":{"line":21,"column":6},"end":{"line":21,"column":45}},"5":{"start":{"line":23,"column":6},"end":{"line":23,"column":47}},"6":{"start":{"line":25,"column":6},"end":{"line":25,"column":46}},"7":{"start":{"line":27,"column":6},"end":{"line":27,"column":49}},"8":{"start":{"line":29,"column":6},"end":{"line":29,"column":49}},"9":{"start":{"line":34,"column":32},"end":{"line":45,"column":4}},"10":{"start":{"line":35,"column":4},"end":{"line":37,"column":5}},"11":{"start":{"line":36,"column":6},"end":{"line":36,"column":30}},"12":{"start":{"line":38,"column":4},"end":{"line":44,"column":6}},"13":{"start":{"line":47,"column":42},"end":{"line":49,"column":4}},"14":{"start":{"line":48,"column":4},"end":{"line":48,"column":87}},"15":{"start":{"line":51,"column":40},"end":{"line":51,"column":55}},"16":{"start":{"line":52,"column":17},"end":{"line":52,"column":28}},"17":{"start":{"line":54,"column":2},"end":{"line":62,"column":33}},"18":{"start":{"line":55,"column":4},"end":{"line":61,"column":5}},"19":{"start":{"line":56,"column":6},"end":{"line":56,"column":35}},"20":{"start":{"line":57,"column":6},"end":{"line":59,"column":7}},"21":{"start":{"line":58,"column":8},"end":{"line":58,"column":67}},"22":{"start":{"line":60,"column":6},"end":{"line":60,"column":27}},"23":{"start":{"line":64,"column":21},"end":{"line":80,"column":3}},"24":{"start":{"line":65,"column":4},"end":{"line":68,"column":5}},"25":{"start":{"line":66,"column":6},"end":{"line":66,"column":82}},"26":{"start":{"line":67,"column":6},"end":{"line":67,"column":13}},"27":{"start":{"line":70,"column":25},"end":{"line":70,"column":39}},"28":{"start":{"line":71,"column":4},"end":{"line":77,"column":5}},"29":{"start":{"line":72,"column":6},"end":{"line":76,"column":8}},"30":{"start":{"line":79,"column":4},"end":{"line":79,"column":25}},"31":{"start":{"line":82,"column":23},"end":{"line":88,"column":3}},"32":{"start":{"line":83,"column":4},"end":{"line":87,"column":5}},"33":{"start":{"line":84,"column":6},"end":{"line":84,"column":17}},"34":{"start":{"line":85,"column":11},"end":{"line":87,"column":5}},"35":{"start":{"line":86,"column":6},"end":{"line":86,"column":20}},"36":{"start":{"line":90,"column":2},"end":{"line":209,"column":4}},"37":{"start":{"line":98,"column":12},"end":{"line":121,"column":24}},"38":{"start":{"line":104,"column":29},"end":{"line":104,"column":73}},"39":{"start":{"line":132,"column":34},"end":{"line":132,"column":79}},"40":{"start":{"line":143,"column":34},"end":{"line":143,"column":87}},"41":{"start":{"line":158,"column":27},"end":{"line":158,"column":68}},"42":{"start":{"line":171,"column":27},"end":{"line":171,"column":71}},"43":{"start":{"line":212,"column":15},"end":{"line":323,"column":2}}},"fnMap":{"0":{"name":"(anonymous_0)","decl":{"start":{"line":14,"column":22},"end":{"line":14,"column":23}},"loc":{"start":{"line":14,"column":76},"end":{"line":31,"column":1}},"line":14},"1":{"name":"ExpenseForm","decl":{"start":{"line":33,"column":24},"end":{"line":33,"column":35}},"loc":{"start":{"line":33,"column":89},"end":{"line":210,"column":1}},"line":33},"2":{"name":"(anonymous_2)","decl":{"start":{"line":34,"column":50},"end":{"line":34,"column":51}},"loc":{"start":{"line":34,"column":56},"end":{"line":45,"column":3}},"line":34},"3":{"name":"(anonymous_3)","decl":{"start":{"line":47,"column":51},"end":{"line":47,"column":52}},"loc":{"start":{"line":47,"column":57},"end":{"line":49,"column":3}},"line":47},"4":{"name":"(anonymous_4)","decl":{"start":{"line":54,"column":12},"end":{"line":54,"column":13}},"loc":{"start":{"line":54,"column":18},"end":{"line":62,"column":3}},"line":54},"5":{"name":"(anonymous_5)","decl":{"start":{"line":64,"column":21},"end":{"line":64,"column":22}},"loc":{"start":{"line":64,"column":27},"end":{"line":80,"column":3}},"line":64},"6":{"name":"(anonymous_6)","decl":{"start":{"line":82,"column":23},"end":{"line":82,"column":24}},"loc":{"start":{"line":82,"column":29},"end":{"line":88,"column":3}},"line":82},"7":{"name":"(anonymous_7)","decl":{"start":{"line":97,"column":34},"end":{"line":97,"column":35}},"loc":{"start":{"line":98,"column":12},"end":{"line":121,"column":24}},"line":98},"8":{"name":"(anonymous_8)","decl":{"start":{"line":104,"column":23},"end":{"line":104,"column":24}},"loc":{"start":{"line":104,"column":29},"end":{"line":104,"column":73}},"line":104},"9":{"name":"(anonymous_9)","decl":{"start":{"line":132,"column":24},"end":{"line":132,"column":25}},"loc":{"start":{"line":132,"column":34},"end":{"line":132,"column":79}},"line":132},"10":{"name":"(anonymous_10)","decl":{"start":{"line":143,"column":24},"end":{"line":143,"column":25}},"loc":{"start":{"line":143,"column":34},"end":{"line":143,"column":87}},"line":143},"11":{"name":"(anonymous_11)","decl":{"start":{"line":158,"column":21},"end":{"line":158,"column":22}},"loc":{"start":{"line":158,"column":27},"end":{"line":158,"column":68}},"line":158},"12":{"name":"(anonymous_12)","decl":{"start":{"line":171,"column":21},"end":{"line":171,"column":22}},"loc":{"start":{"line":171,"column":27},"end":{"line":171,"column":71}},"line":171}},"branchMap":{"0":{"loc":{"start":{"line":15,"column":2},"end":{"line":30,"column":3}},"type":"switch","locations":[{"start":{"line":16,"column":4},"end":{"line":17,"column":48}},{"start":{"line":18,"column":4},"end":{"line":19,"column":53}},{"start":{"line":20,"column":4},"end":{"line":21,"column":45}},{"start":{"line":22,"column":4},"end":{"line":23,"column":47}},{"start":{"line":24,"column":4},"end":{"line":25,"column":46}},{"start":{"line":26,"column":4},"end":{"line":27,"column":49}},{"start":{"line":28,"column":4},"end":{"line":29,"column":49}}],"line":15},"1":{"loc":{"start":{"line":35,"column":4},"end":{"line":37,"column":5}},"type":"if","locations":[{"start":{"line":35,"column":4},"end":{"line":37,"column":5}},{"start":{},"end":{}}],"line":35},"2":{"loc":{"start":{"line":48,"column":11},"end":{"line":48,"column":86}},"type":"cond-expr","locations":[{"start":{"line":48,"column":39},"end":{"line":48,"column":80}},{"start":{"line":48,"column":83},"end":{"line":48,"column":86}}],"line":48},"3":{"loc":{"start":{"line":55,"column":4},"end":{"line":61,"column":5}},"type":"if","locations":[{"start":{"line":55,"column":4},"end":{"line":61,"column":5}},{"start":{},"end":{}}],"line":55},"4":{"loc":{"start":{"line":55,"column":8},"end":{"line":55,"column":35}},"type":"binary-expr","locations":[{"start":{"line":55,"column":8},"end":{"line":55,"column":19}},{"start":{"line":55,"column":23},"end":{"line":55,"column":35}}],"line":55},"5":{"loc":{"start":{"line":57,"column":6},"end":{"line":59,"column":7}},"type":"if","locations":[{"start":{"line":57,"column":6},"end":{"line":59,"column":7}},{"start":{},"end":{}}],"line":57},"6":{"loc":{"start":{"line":65,"column":4},"end":{"line":68,"column":5}},"type":"if","locations":[{"start":{"line":65,"column":4},"end":{"line":68,"column":5}},{"start":{},"end":{}}],"line":65},"7":{"loc":{"start":{"line":71,"column":4},"end":{"line":77,"column":5}},"type":"if","locations":[{"start":{"line":71,"column":4},"end":{"line":77,"column":5}},{"start":{},"end":{}}],"line":71},"8":{"loc":{"start":{"line":71,"column":8},"end":{"line":71,"column":62}},"type":"binary-expr","locations":[{"start":{"line":71,"column":8},"end":{"line":71,"column":32}},{"start":{"line":71,"column":36},"end":{"line":71,"column":62}}],"line":71},"9":{"loc":{"start":{"line":83,"column":4},"end":{"line":87,"column":5}},"type":"if","locations":[{"start":{"line":83,"column":4},"end":{"line":87,"column":5}},{"start":{"line":85,"column":11},"end":{"line":87,"column":5}}],"line":83},"10":{"loc":{"start":{"line":85,"column":11},"end":{"line":87,"column":5}},"type":"if","locations":[{"start":{"line":85,"column":11},"end":{"line":87,"column":5}},{"start":{},"end":{}}],"line":85},"11":{"loc":{"start":{"line":92,"column":34},"end":{"line":92,"column":81}},"type":"cond-expr","locations":[{"start":{"line":92,"column":48},"end":{"line":92,"column":64}},{"start":{"line":92,"column":67},"end":{"line":92,"column":81}}],"line":92},"12":{"loc":{"start":{"line":102,"column":16},"end":{"line":102,"column":77}},"type":"binary-expr","locations":[{"start":{"line":102,"column":16},"end":{"line":102,"column":43}},{"start":{"line":102,"column":47},"end":{"line":102,"column":77}}],"line":102},"13":{"loc":{"start":{"line":110,"column":25},"end":{"line":110,"column":76}},"type":"cond-expr","locations":[{"start":{"line":110,"column":55},"end":{"line":110,"column":64}},{"start":{"line":110,"column":67},"end":{"line":110,"column":76}}],"line":110},"14":{"loc":{"start":{"line":116,"column":18},"end":{"line":116,"column":74}},"type":"binary-expr","locations":[{"start":{"line":116,"column":18},"end":{"line":116,"column":45}},{"start":{"line":116,"column":49},"end":{"line":116,"column":74}}],"line":116},"15":{"loc":{"start":{"line":143,"column":67},"end":{"line":143,"column":84}},"type":"binary-expr","locations":[{"start":{"line":143,"column":67},"end":{"line":143,"column":79}},{"start":{"line":143,"column":83},"end":{"line":143,"column":84}}],"line":143},"16":{"loc":{"start":{"line":155,"column":14},"end":{"line":155,"column":65}},"type":"binary-expr","locations":[{"start":{"line":155,"column":14},"end":{"line":155,"column":38}},{"start":{"line":155,"column":42},"end":{"line":155,"column":65}}],"line":155},"17":{"loc":{"start":{"line":162,"column":14},"end":{"line":162,"column":69}},"type":"binary-expr","locations":[{"start":{"line":162,"column":14},"end":{"line":162,"column":38}},{"start":{"line":162,"column":42},"end":{"line":162,"column":69}}],"line":162},"18":{"loc":{"start":{"line":168,"column":14},"end":{"line":168,"column":68}},"type":"binary-expr","locations":[{"start":{"line":168,"column":14},"end":{"line":168,"column":41}},{"start":{"line":168,"column":45},"end":{"line":168,"column":68}}],"line":168},"19":{"loc":{"start":{"line":175,"column":14},"end":{"line":175,"column":72}},"type":"binary-expr","locations":[{"start":{"line":175,"column":14},"end":{"line":175,"column":41}},{"start":{"line":175,"column":45},"end":{"line":175,"column":72}}],"line":175},"20":{"loc":{"start":{"line":181,"column":7},"end":{"line":198,"column":7}},"type":"binary-expr","locations":[{"start":{"line":181,"column":7},"end":{"line":181,"column":31}},{"start":{"line":182,"column":8},"end":{"line":197,"column":15}}],"line":181},"21":{"loc":{"start":{"line":192,"column":11},"end":{"line":196,"column":11}},"type":"binary-expr","locations":[{"start":{"line":192,"column":11},"end":{"line":192,"column":37}},{"start":{"line":193,"column":12},"end":{"line":195,"column":19}}],"line":192}},"s":{"0":0,"1":0,"2":0,"3":0,"4":0,"5":0,"6":0,"7":0,"8":0,"9":0,"10":0,"11":0,"12":0,"13":0,"14":0,"15":0,"16":0,"17":0,"18":0,"19":0,"20":0,"21":0,"22":0,"23":0,"24":0,"25":0,"26":0,"27":0,"28":0,"29":0,"30":0,"31":0,"32":0,"33":0,"34":0,"35":0,"36":0,"37":0,"38":0,"39":0,"40":0,"41":0,"42":0,"43":0},"f":{"0":0,"1":0,"2":0,"3":0,"4":0,"5":0,"6":0,"7":0,"8":0,"9":0,"10":0,"11":0,"12":0},"b":{"0":[0,0,0,0,0,0,0],"1":[0,0],"2":[0,0],"3":[0,0],"4":[0,0],"5":[0,0],"6":[0,0],"7":[0,0],"8":[0,0],"9":[0,0],"10":[0,0],"11":[0,0],"12":[0,0],"13":[0,0],"14":[0,0],"15":[0,0],"16":[0,0],"17":[0,0],"18":[0,0],"19":[0,0],"20":[0,0],"21":[0,0]}}
,"C:\\TESTEEEE\\project\\project\\app\\components\\ExpensesDropdown.tsx": {"path":"C:\\TESTEEEE\\project\\project\\app\\components\\ExpensesDropdown.tsx","statementMap":{"0":{"start":{"line":16,"column":30},"end":{"line":16,"column":45}},"1":{"start":{"line":18,"column":25},"end":{"line":20,"column":3}},"2":{"start":{"line":19,"column":4},"end":{"line":19,"column":23}},"3":{"start":{"line":22,"column":25},"end":{"line":24,"column":3}},"4":{"start":{"line":23,"column":4},"end":{"line":23,"column":36}},"5":{"start":{"line":26,"column":2},"end":{"line":53,"column":4}},"6":{"start":{"line":56,"column":15},"end":{"line":107,"column":2}}},"fnMap":{"0":{"name":"ExpensesDropdown","decl":{"start":{"line":11,"column":24},"end":{"line":11,"column":40}},"loc":{"start":{"line":15,"column":26},"end":{"line":54,"column":1}},"line":15},"1":{"name":"(anonymous_1)","decl":{"start":{"line":18,"column":25},"end":{"line":18,"column":26}},"loc":{"start":{"line":18,"column":31},"end":{"line":20,"column":3}},"line":18},"2":{"name":"(anonymous_2)","decl":{"start":{"line":22,"column":25},"end":{"line":22,"column":26}},"loc":{"start":{"line":22,"column":44},"end":{"line":24,"column":3}},"line":22}},"branchMap":{"0":{"loc":{"start":{"line":33,"column":9},"end":{"line":37,"column":9}},"type":"cond-expr","locations":[{"start":{"line":34,"column":10},"end":{"line":34,"column":49}},{"start":{"line":36,"column":10},"end":{"line":36,"column":51}}],"line":33},"1":{"loc":{"start":{"line":40,"column":7},"end":{"line":51,"column":7}},"type":"binary-expr","locations":[{"start":{"line":40,"column":7},"end":{"line":40,"column":13}},{"start":{"line":41,"column":8},"end":{"line":50,"column":15}}],"line":40}},"s":{"0":0,"1":0,"2":0,"3":0,"4":0,"5":0,"6":0},"f":{"0":0,"1":0,"2":0},"b":{"0":[0,0],"1":[0,0]}}
,"C:\\TESTEEEE\\project\\project\\app\\components\\FinancialForm.tsx": {"path":"C:\\TESTEEEE\\project\\project\\app\\components\\FinancialForm.tsx","statementMap":{"0":{"start":{"line":11,"column":34},"end":{"line":18,"column":4}},"1":{"start":{"line":20,"column":21},"end":{"line":23,"column":3}},"2":{"start":{"line":21,"column":4},"end":{"line":21,"column":64}},"3":{"start":{"line":22,"column":4},"end":{"line":22,"column":21}},"4":{"start":{"line":25,"column":2},"end":{"line":93,"column":4}},"5":{"start":{"line":35,"column":34},"end":{"line":35,"column":94}},"6":{"start":{"line":45,"column":34},"end":{"line":45,"column":89}},"7":{"start":{"line":55,"column":34},"end":{"line":55,"column":96}},"8":{"start":{"line":65,"column":34},"end":{"line":65,"column":91}},"9":{"start":{"line":75,"column":34},"end":{"line":75,"column":90}},"10":{"start":{"line":85,"column":34},"end":{"line":85,"column":94}},"11":{"start":{"line":96,"column":15},"end":{"line":137,"column":2}}},"fnMap":{"0":{"name":"FinancialForm","decl":{"start":{"line":10,"column":24},"end":{"line":10,"column":37}},"loc":{"start":{"line":10,"column":83},"end":{"line":94,"column":1}},"line":10},"1":{"name":"(anonymous_1)","decl":{"start":{"line":20,"column":21},"end":{"line":20,"column":22}},"loc":{"start":{"line":20,"column":33},"end":{"line":23,"column":3}},"line":20},"2":{"name":"(anonymous_2)","decl":{"start":{"line":35,"column":24},"end":{"line":35,"column":25}},"loc":{"start":{"line":35,"column":34},"end":{"line":35,"column":94}},"line":35},"3":{"name":"(anonymous_3)","decl":{"start":{"line":45,"column":24},"end":{"line":45,"column":25}},"loc":{"start":{"line":45,"column":34},"end":{"line":45,"column":89}},"line":45},"4":{"name":"(anonymous_4)","decl":{"start":{"line":55,"column":24},"end":{"line":55,"column":25}},"loc":{"start":{"line":55,"column":34},"end":{"line":55,"column":96}},"line":55},"5":{"name":"(anonymous_5)","decl":{"start":{"line":65,"column":24},"end":{"line":65,"column":25}},"loc":{"start":{"line":65,"column":34},"end":{"line":65,"column":91}},"line":65},"6":{"name":"(anonymous_6)","decl":{"start":{"line":75,"column":24},"end":{"line":75,"column":25}},"loc":{"start":{"line":75,"column":34},"end":{"line":75,"column":90}},"line":75},"7":{"name":"(anonymous_7)","decl":{"start":{"line":85,"column":24},"end":{"line":85,"column":25}},"loc":{"start":{"line":85,"column":34},"end":{"line":85,"column":94}},"line":85}},"branchMap":{"0":{"loc":{"start":{"line":35,"column":74},"end":{"line":35,"column":91}},"type":"binary-expr","locations":[{"start":{"line":35,"column":74},"end":{"line":35,"column":86}},{"start":{"line":35,"column":90},"end":{"line":35,"column":91}}],"line":3
[...]
,"C:\\TESTEEEE\\project\\project\\app\\utils\\EventContext.tsx": {"path":"C:\\TESTEEEE\\project\\project\\app\\utils\\EventContext.tsx","statementMap":{"0":{"start":{"line":10,"column":21},"end":{"line":10,"column":75}},"1":{"start":{"line":14,"column":23},"end":{"line":14,"column":73}},"2":{"start":{"line":16,"column":23},"end":{"line":28,"column":3}},"3":{"start":{"line":17,"column":4},"end":{"line":17,"column":50}},"4":{"start":{"line":18,"column":27},"end":{"line":18,"column":62}},"5":{"start":{"line":19,"column":4},"end":{"line":27,"column":5}},"6":{"start":{"line":20,"column":6},"end":{"line":26,"column":9}},"7":{"start":{"line":21,"column":8},"end":{"line":25,"column":9}},"8":{"start":{"line":22,"column":10},"end":{"line":22,"column":21}},"9":{"start":{"line":24,"column":10},"end":{"line":24,"column":86}},"10":{"start":{"line":30,"column":27},"end":{"line":56,"column":3}},"11":{"start":{"line":31,"column":4},"end":{"line":31,"column":48}},"12":{"start":{"line":34,"column":22},"end":{"line":34,"column":42}},"13":{"start":{"line":35,"column":27},"end":{"line":35,"column":64}},"14":{"start":{"line":38,"column":4},"end":{"line":38,"column":33}},"15":{"start":{"line":39,"column":4},"end":{"line":39,"column":45}},"16":{"start":{"line":42,"column":4},"end":{"line":55,"column":6}},"17":{"start":{"line":43,"column":6},"end":{"line":43,"column":59}},"18":{"start":{"line":44,"column":24},"end":{"line":44,"column":44}},"19":{"start":{"line":45,"column":29},"end":{"line":45,"column":53}},"20":{"start":{"line":47,"column":6},"end":{"line":54,"column":7}},"21":{"start":{"line":48,"column":8},"end":{"line":48,"column":40}},"22":{"start":{"line":49,"column":8},"end":{"line":53,"column":9}},"23":{"start":{"line":50,"column":10},"end":{"line":50,"column":38}},"24":{"start":{"line":52,"column":10},"end":{"line":52,"column":51}},"25":{"start":{"line":59,"column":23},"end":{"line":62,"column":12}},"26":{"start":{"line":64,"column":2},"end":{"line":68,"column":4}},"27":{"start":{"line":72,"column":18},"end":{"line":72,"column":42}},"28":{"start":{"line":73,"column":2},"end":{"line":75,"column":3}},"29":{"start":{"line":74,"column":4},"end":{"line":74,"column":69}},"30":{"start":{"line":76,"column":2},"end":{"line":76,"column":17}}},"fnMap":{"0":{"name":"EventProvider","decl":{"start":{"line":12,"column":16},"end":{"line":12,"column":29}},"loc":{"start":{"line":12,"column":75},"end":{"line":69,"column":1}},"line":12},"1":{"name":"(anonymous_1)","decl":{"start":{"line":16,"column":23},"end":{"line":16,"column":24}},"loc":{"start":{"line":16,"column":49},"end":{"line":28,"column":3}},"line":16},"2":{"name":"(anonymous_2)","decl":{"start":{"line":20,"column":29},"end":{"line":20,"column":30}},"loc":{"start":{"line":20,"column":41},"end":{"line":26,"column":7}},"line":20},"3":{"name":"(anonymous_3)","decl":{"start":{"line":30,"column":27},"end":{"line":30,"column":28}},"loc":{"start":{"line":30,"column":75},"end":{"line":56,"column":3}},"line":30},"4":{"name":"(anonymous_4)","decl":{"start":{"line":42,"column":11},"end":{"line":42,"column":12}},"loc":{"start":{"line":42,"column":17},"end":{"line":55,"column":5}},"line":42},"5":{"name":"useEvent","decl":{"start":{"line":71,"column":16},"end":{"line":71,"column":24}},"loc":{"start":{"line":71,"column":27},"end":{"line":77,"column":1}},"line":71}},"branchMap":{"0":{"loc":{"start":{"line":19,"column":4},"end":{"line":27,"column":5}},"type":"if","locations":[{"start":{"line":19,"column":4},"end":{"line":27,"column":5}},{"start":{},"end":{}}],"line":19},"1":{"loc":{"start":{"line":35,"column":27},"end":{"line":35,"column":64}},"type":"binary-expr","locations":[{"start":{"line":35,"column":27},"end":{"line":35,"column":51}},{"start":{"line":35,"column":55},"end":{"line":35,"column":64}}],"line":35},"2":{"loc":{"start":{"line":47,"column":6},"end":{"line":54,"column":7}},"type":"if","locations":[{"start":{"line":47,"column":6},"end":{"line":54,"column":7}},{"start":{},"end":{}}],"line":47},"3":{"loc":{"start":{"line":49,"column":8},"end":{"line":53,"column":9}},"type":"if","locations":[{"start":{"line":49,"column":8},"end":{"line":53,"column":9}},{"start":{"line":51,"column":15},"end":{"line":53,"column":9}}],"line":49},"4":{"loc":{"start":{"line":73,"column":2},"end":{"line":75,"column":3}},"type":"if","locations":[{"start":{"line":73,"column":2},"end":{"line":75,"column":3}},{"start":{},"end":{}}],"line":73}},"s":{"0":1,"1":6,"2":6,"3":4,"4":4,"5":4,"6":0,"7":0,"8":0,"9":0,"10":6,"11":0,"12":0,"13":0,"14":0,"15":0,"16":0,"17":0,"18":0,"19":0,"20":0,"21":0,"22":0,"23":0,"24":0,"25":6,"26":6,"27":19,"28":19,"29":0,"30":19},"f":{"0":6,"1":4,"2":0,"3":0,"4":0,"5":19},"b":{"0":[0,4],"1":[0,0],"2":[0,0],"3":[0,0],"4":[0,19]},"_coverageSchema":"1a1c01bbd47fc00a2c39e90264f33305004495a9","hash":"ae14f1f6eafa4ef6fe37b8cf27e6c8754af4f0b3"}
,"C:\\TESTEEEE\\project\\project\\app\\utils\\constants.ts": {"path":"C:\\TESTEEEE\\project\\project\\app\\utils\\constants.ts","statementMap":{"0":{"start":{"line":1,"column":34},"end":{"line":38,"column":10}}},"fnMap":{},"branchMap":{},"s":{"0":0},"f":{},"b":{}}
,"C:\\TESTEEEE\\project\\project\\app\\utils\\storage.ts": {"path":"C:\\TESTEEEE\\project\\project\\app\\utils\\storage.ts","statementMap":{"0":{"start":{"line":4,"column":21},"end":{"line":12,"column":1}},"1":{"start":{"line":107,"column":30},"end":{"line":295,"column":1}},"2":{"start":{"line":110,"column":4},"end":{"line":117,"column":5}},"3":{"start":{"line":111,"column":18},"end":{"line":111,"column":89}},"4":{"start":{"line":112,"column":6},"end":{"line":112,"column":60}},"5":{"start":{"line":113,"column":6},"end":{"line":113,"column":18}},"6":{"start":{"line":115,"column":6},"end":{"line":115,"column":57}},"7":{"start":{"line":116,"column":6},"end":{"line":116,"column":19}},"8":{"start":{"line":121,"column":4},"end":{"line":128,"column":5}},"9":{"start":{"line":122,"column":18},"end":{"line":122,"column":89}},"10":{"start":{"line":123,"column":19},"end":{"line":123,"column":50}},"11":{"start":{"line":124,"column":6},"end":{"line":124,"column":44}},"12":{"start":{"line":126,"column":6},"end":{"line":126,"column":58}},"13":{"start":{"line":127,"column":6},"end":{"line":127,"column":18}},"14":{"start":{"line":133,"column":4},"end":{"line":139,"column":5}},"15":{"start":{"line":134,"column":6},"end":{"line":134,"column":88}},"16":{"start":{"line":135,"column":6},"end":{"line":135,"column":18}},"17":{"start":{"line":137,"column":6},"end":{"line":137,"column":56}},"18":{"start":{"line":138,"column":6},"end":{"line":138,"column":19}},"19":{"start":{"line":143,"column":4},"end":{"line":149,"column":5}},"20":{"start":{"line":144,"column":19},"end":{"line":144,"column":71}},"21":{"start":{"line":145,"column":6},"end":{"line":145,"column":42}},"22":{"start":{"line":147,"column":6},"end":{"line":147,"column":57}},"23":{"start":{"line":148,"column":6},"end":{"line":148,"column":16}},"24":{"start":{"line":154,"column":4},"end":{"line":168,"column":5}},"25":{"start":{"line":155,"column":18},"end":{"line":155,"column":85}},"26":{"start":{"line":156,"column":24},"end":{"line":156,"column":32}},"27":{"start":{"line":158,"column":6},"end":{"line":161,"column":7}},"28":{"start":{"line":159,"column":33},"end":{"line":159,"column":62}},"29":{"start":{"line":160,"column":8},"end":{"line":160,"column":57}},"30":{"start":{"line":163,"column":6},"end":{"line":163,"column":67}},"31":{"start":{"line":164,"column":6},"end":{"line":164,"column":18}},"32":{"start":{"line":166,"column":6},"end":{"line":166,"column":53}},"33":{"start":{"line":167,"column":6},"end":{"line":167,"column":19}},"34":{"start":{"line":172,"column":4},"end":{"line":179,"column":5}},"35":{"start":{"line":173,"column":18},"end":{"line":173,"column":85}},"36":{"start":{"line":174,"column":19},"end":{"line":174,"column":50}},"37":{"start":{"line":175,"column":6},"end":{"line":175,"column":42}},"38":{"start":{"line":177,"column":6},"end":{"line":177,"column":54}},"39":{"start":{"line":178,"column":6},"end":{"line":178,"column":16}},"40":{"start":{"line":184,"column":4},"end":{"line":190,"column":5}},"41":{"start":{"line":185,"column":6},"end":{"line":185,"column":78}},"42":{"start":{"line":186,"column":6},"end":{"line":186,"column":18}},"43":{"start":{"line":188,"column":6},"end":{"line":188,"column":51}},"44":{"start":{"line":189,"column":6},"end":{"line":189,"column":19}},"45":{"start":{"line":194,"column":4},"end":{"line":200,"column":5}},"46":{"start":{"line":195,"column":19},"end":{"line":195,"column":66}},"47":{"start":{"line":196,"column":6},"end":{"line":196,"column":42}},"48":{"start":{"line":198,"column":6},"end":{"line":198,"column":52}},"49":{"start":{"line":199,"column":6},"end":{"line":199,"column":16}},"50":{"start":{"line":205,"column":4},"end":{"line":211,"column":5}},"51":{"start":{"line":206,"column":6},"end":{"line":206,"column":80}},"52":{"start":{"line":207,"column":6},"end":{"line":207,"column":18}},"53":{"start":{"line":209,"column":6},"end":{"line":209,"column":52}},"54":{"start":{"line":210,"column":6},"end":{"line":210,"column":19}},"55":{"start":{"line":215,"column":4},"end":{"line":221,"column":5}},"56":{"start":{"line":216,"column":19},"end":{"line":216,"column":67}},"57":{"start":{"line":217,"column":6},"end":{"line":217,"column":42}},"58":{"start":{"line":219,"column":6},"end":{"line":219,"column":53}},"59":{"start":{"line":220,"column":6},"end":{"line":220,"column":16}},"60":{"start":{"line":225,"column":4},"end":{"line":242,"column":5}},"61":{"start":{"line":226,"column":22},"end":{"line":226,"column":46}},"62":{"start":{"line":227,"column":28},"end":{"line":227,"column":70}},"63":{"start":{"line":227,"column":51},"end":{"line":227,"column":69}},"64":{"start":{"line":229,"column":6},"end":{"line":235,"column":7}},"65":{"start":{"line":231,"column":8},"end":{"line":231,"column":40}},"66":{"start":{"line":234,"column":8},"end":{"line":234,"column":29}},"67":{"start":{"line":237,"column":6},"end":{"line":237,"column":38}},"68":{"start":{"line":238,"column":6},"end":{"line":238,"column":18}},"69":{"start":{"line":240,"column":6},"end":{"line":240,"column":51}},"70":{"start":{"line":241,"column":6},"end":{"line":241,"column":19}},"71":{"start":{"line":246,"column":4},"end":{"line":254,"column":5}},"72":{"start":{"line":247,"column":22},"end":{"line":247,"column":46}},"73":{"start":{"line":248,"column":25},"end":{"line":248,"column":63}},"74":{"start":{"line":248,"column":45},"end":{"line":248,"column":62}},"75":{"start":{"line":249,"column":6},"end":{"line":249,"column":41}},"76":{"start":{"line":250,"column":6},"end":{"line":250,"column":18}},"77":{"start":{"line":252,"column":6},"end":{"line":252,"column":53}},"78":{"start":{"line":253,"column":6},"end":{"line":253,"column":19}},"79":{"start":{"line":259,"column":4},"end":{"line":293,"column":5}},"80":{"start":{"line":261,"column":22},"end":{"line":261,"column":53}},"81":{"start":{"line":264,"column":27},"end":{"line":282,"column":8}},"82":{"start":{"line":266,"column":8},"end":{"line":268,"column":9}},"83":{"start":{"line":267,"column":10},"end":{"line":267,"column":23}},"84":{"start":{"line":271,"column":8},"end":{"line":273,"column":9}},"85":{"start":{"line":272,"column":10},"end":{"line":272,"column":23}},"86":{"start":{"line":276,"column":8},"end":{"line":278,"column":9}},"87":{"start":{"line":277,"column":10},"end":{"line":277,"column":23}},"88":{"start":{"line":281,"column":8},"end":{"line":281,"column":20}},"89":{"start":{"line":285,"column":6},"end":{"line":287,"column":7}},"90":{"start":{"line":286,"column":8},"end":{"line":286,"column":53}},"91":{"start":{"line":289,"column":6},"end":{"line":289,"column":18}},"92":{"start":{"line":291,"column":6},"end":{"line":291,"column":51}},"93":{"start":{"line":292,"column":6},"end":{"line":292,"column":19}}},"fnMap":{"0":{"name":"(anonymous_0)","decl":{"start":{"line":109,"column":2},"end":{"line":109,"column":3}},"loc":{"start":{"line":109,"column":55},"end":{"line":118,"column":3}},"line":109},"1":{"name":"(anonymous_1)","decl":{"start":{"line":120,"column":2},"end":{"line":120,"column":3}},"loc":{"start":{"line":120,"column":65},"end":{"line":129,"column":3}},"line":120},"2":{"name":"(anonymous_2)","decl":{"start":{"line":132,"column":2},"end":{"line":132,"column":3}},"loc":{"start":{"line":132,"column":51},"end":{"line":140,"column":3}},"line":132},"3":{"name":"(anonymous_3)","decl":{"start":{"line":142,"column":2},"end":{"line":142,"column":3}},"loc":{"start":{"line":142,"column":49},"end":{"line":150,"column":3}},"line":142},"4":{"name":"(anonymous_4)","decl":{"start":{"line":153,"column":2},"end":{"line":153,"column":3}},"loc":{"start":{"line":153,"column":79},"end":{"line":169,"column":3}},"line":153},"5":{"name":"(anonymous_5)","decl":{"start":{"line":171,"column":2},"end":{"line":171,"column":3}},"loc":{"start":{"line":171,"column":53},"end":{"line":180,"column":3}},"line":171},"6":{"name":"(anonymous_6)","decl":{"start":{"line":183,"column":2},"end":{"line":183,"column":3}},"loc":{"start":{"line":183,"column":37},"end":{"line":191,"column":3}},"line":183},"7":{"name":"(anonymous_7)","decl":{"start":{"line":193,"column":2},"end":{"line":193,"column":3}},"loc":{"start":{"line":193,"column":40},"end":{"line":201,"column":3}},"line":193},"8":{"name":"(anonymous_8)","decl":{"start":{"line":204,"column":2},"end":{"line":204,"column":3}},"loc":{"start":{"line":204,"column":39},"end":{"line":212,"column":3}},"line":204},"9":{"name":"(anonymous_9)","decl":{"start":{"line":214,"column":2},"end":{"line":214,"column":3}},"loc":{"start":{"line":214,"column":41},"end":{"line":222,"column":3}},"line":214},"10":{"name":"(anonymous_10)","decl":{"start":{"line":224,"column":2},"end":{"line":224,"column":3}},"loc":{"start":{"line":224,"column":35},"end":{"line":243,"column":3}},"line":224},"11":{"name":"(anonymous_11)","decl":{"start":{"line":227,"column":46},"end":{"line":227,"column":47}},"loc":{"start":{"line":227,"column":51},"end":{"line":227,"column":69}},"line":227},"12":{"name":"(anonymous_12)","decl":{"start":{"line":245,"column":2},"end":{"line":245,"column":3}},"loc":{"start":{"line":245,"column":39},"end":{"line":255,"column":3}},"line":245},"13":{"name":"(anonymous_13)","decl":{"start":{"line":248,"column":40},"end":{"line":248,"column":41}},"loc":{"start":{"line":248,"column":45},"end":{"line":248,"column":62}},"line":248},"14":{"name":"(anonymous_14)","decl":{"start":{"line":258,"column":2},"end":{"line":258,"column":3}},"loc":{"start":{"line":258,"column":23},"end":{"line":294,"column":3}},"line":258},"15":{"name":"(anonymous_15)","decl":{"start":{"line":264,"column":42},"end":{"line":264,"column":43}},"loc":{"start":{"line":264,"column":49},"end":{"line":282,"column":7}},"line":264}},"branchMap":{"0":{"loc":{"start":{"line":124,"column":13},"end":{"line":124,"column":43}},"type":"cond-expr","locations":[{"start":{"line":124,"column":20},"end":{"line":124,"column":36}},{"start":{"line":124,"column":39},"end":{"line":124,"column":43}}],"line":124},"1":{"loc":{"start":{"line":145,"column":13},"end":{"line":145,"column":41}},"type":"cond-expr","locations":[{"start":{"line":145,"column":20},"end":{"line":145,"column":36}},{"start":{"line":145,"column":39},"end":{"line":145,"column":41}}],"line":145},"2":{"loc":{"start":{"line":153,"column":54},"end":{"line":153,"column":77}},"type":"default-arg","locations":[{"start":{"line":153,"column":72},"end":{"line":153,"column":77}}],"line":153},"3":{"loc":{"start":{"line":158,"column":6},"end":{"line":161,"column":7}},"type":"if","locations":[{"start":{"line":158,"column":6},"end":{"line":161,"column":7}},{"start":{},"end":{}}],"line":158},"4":{"loc":{"start":{"line":175,"column":13},"end":{"line":175,"column":41}},"type":"cond-expr","locations":[{"start":{"line":175,"column":20},"end":{"line":175,"column":36}},{"start":{"line":175,"column":39},"end":{"line":175,"column":41}}],"line":175},"5":{"loc":{"start":{"line":196,"column":13},"end":{"line":196,"column":41}},"type":"cond-expr","locations":[{"start":{"line":196,"column":20},"end":{"line":196,"column":36}},{"start":{"line":196,"column":39},"end":{"line":196,"column":41}}],"line":196},"6":{"loc":{"start":{"line":217,"column":13},"end":{"line":217,"column":41}},"type":"cond-expr","locations":[{"start":{"line":217,"column":20},"end":{"line":217,"column":36}},{"start":{"line":217,"column":39},"end":{"line":217,"column":41}}],"line":217},"7":{"loc":{"start":{"line":229,"column":6},"end":{"line":235,"column":7}},"type":"if","locations":[{"start":{"line":229,"column":6},"end":{"line":235,"column":7}},{"start":{"line":232,"column":13},"end":{"line":235,"column":7}}],"line":229},"8":{"loc":{"start":{"line":266,"column":8},"end":{"line":268,"column":9}},"type":"if","locations":[{"start":{"line":266,"column":8},"end":{"line":268,"column":9}},{"start":{},"end":{}}],"line":266},"9":{"loc":{"start":{"line":271,"column":8},"end":{"line":273,"column":9}},"type":"if","locations":[{"start":{"line":271,"column":8},"end":{"line":273,"column":9}},{"start":{},"end":{}}],"line":271},"10":{"loc":{"start":{"line":276,"column":8},"end":{"line":278,"column":9}},"type":"if","locations":[{"start":{"line":276,"column":8},"end":{"line":278,"column":9}},{"start":{},"end":{}}],"line":276},"11":{"loc":{"start":{"line":285,"column":6},"end":{"line":287,"column":7}},"type":"if","locations":[{"start":{"line":285,"column":6},"end":{"line":287,"column":7}},{"start":{},"end":{}}],"line":285}},"s":{"0":1,"1":1,"2":0,"3":0,"4":0,"5":0,"6":0,"7":0,"8":0,"9":0,"10":0,"11":0,"12":0,"13":0,"14":0,"15":0,"16":0,"17":0,"18":0,"19":0,"20":0,"21":0,"22":0,"23":0,"24":0,"25":0,"26":0,"27":0,"28":0,"29":0,"30":0,"31":0,"32":0,"33":0,"34":0,"35":0,"36":0,"37":0,"38":0,"39":0,"40":0,"41":0,"42":0,"43":0,"44":0,"45":0,"46":0,"47":0,"48":0,"49":0,"50":0,"51":0,"52":0,"53":0,"54":0,"55":0,"56":0,"57":0,"58":0,"59":0,"60":0,"61":0,"62":0,"63":0,"64":0,"65":0,"66":0,"67":0,"68":0,"69":0,"70":0,"71":0,"72":0,"73":0,"74":0,"75":0,"76":0,"77":0,"78":0,"79":0,"80":0,"81":0,"82":0,"83":0,"84":0,"85":0,"86":0,"87":0,"88":0,"89":0,"90":0,"91":0,"92":0,"93":0},"f":{"0":0,"1":0,"2":0,"3":0,"4":0,"5":0,"6":0,"7":0,"8":0,"9":0,"10":0,"11":0,"12":0,"13":0,"14":0,"15":0},"b":{"0":[0,0],"1":[0,0],"2":[0],"3":[0,0],"4":[0,0],"5":[0,0],"6":[0,0],"7":[0,0],"8":[0,0],"9":[0,0],"10":[0,0],"11":[0,0]},"_coverageSchema":"1a1c01bbd47fc00a2c39e90264f33305004495a9","hash":"463fac6c52ee041d77d5d1397d94915517a05a34"}
,"C:\\TESTEEEE\\project\\project\\hooks\\useFrameworkReady.ts": {"path":"C:\\TESTEEEE\\project\\project\\hooks\\useFrameworkReady.ts","statementMap":{"0":{"start":{"line":10,"column":2},"end":{"line":12,"column":5}},"1":{"start":{"line":11,"column":4},"end":{"line":11,"column":30}}},"fnMap":{"0":{"name":"useFrameworkReady","decl":{"start":{"line":9,"column":16},"end":{"line":9,"column":33}},"loc":{"start":{"line":9,"column":36},"end":{"line":13,"column":1}},"line":9},"1":{"name":"(anonymous_1)","decl":{"start":{"line":10,"column":12},"end":{"line":10,"column":13}},"loc":{"start":{"line":10,"column":18},"end":{"line":12,"column":3}},"line":10}},"branchMap":{},"s":{"0":0,"1":0},"f":{"0":0,"1":0},"b":{}}
}
