TN:
SF:expo-env.d.ts
FNF:0
FNH:0
LF:0
LH:0
BRF:0
BRH:0
end_of_record
TN:
SF:.expo\types\router.d.ts
FNF:0
FNH:0
LF:0
LH:0
BRF:0
BRH:0
end_of_record
TN:
SF:app\+not-found.tsx
FN:4,NotFoundScreen
FNF:1
FNH:0
FNDA:0,NotFoundScreen
DA:5,0
DA:18,0
LF:2
LH:0
BRF:0
BRH:0
end_of_record
TN:
SF:app\_layout.tsx
FN:9,ThemedStatusBar
FN:18,RootLayout
FNF:2
FNH:0
FNDA:0,ThemedStatusBar
FNDA:0,RootLayout
DA:10,0
DA:13,0
DA:15,0
DA:19,0
LF:4
LH:0
BRDA:13,0,0,0
BRDA:13,0,1,0
BRF:2
BRH:0
end_of_record
TN:
SF:app\(tabs)\_layout.tsx
FN:6,TabLayout
FN:31,(anonymous_1)
FN:38,(anonymous_2)
FN:45,(anonymous_3)
FN:52,(anonymous_4)
FN:59,(anonymous_5)
FNF:6
FNH:0
FNDA:0,TabLayout
FNDA:0,(anonymous_1)
FNDA:0,(anonymous_2)
FNDA:0,(anonymous_3)
FNDA:0,(anonymous_4)
FNDA:0,(anonymous_5)
DA:7,0
DA:9,0
DA:31,0
DA:38,0
DA:45,0
DA:52,0
DA:59,0
LF:7
LH:0
BRF:0
BRH:0
end_of_record
TN:
SF:app\(tabs)\expenses.tsx
FN:10,(anonymous_0)
FN:29,ExpensesScreen
FN:35,(anonymous_2)
FN:44,(anonymous_3)
FN:49,(anonymous_4)
FN:54,(anonymous_5)
FN:64,(anonymous_6)
FN:75,(anonymous_7)
FN:87,(anonymous_8)
FN:88,(anonymous_9)
FN:100,(anonymous_10)
FN:104,(anonymous_11)
FN:105,(anonymous_12)
FN:108,(anonymous_13)
FN:110,(anonymous_14)
FN:111,(anonymous_15)
FN:114,(anonymous_16)
FN:116,(anonymous_17)
FN:117,(anonymous_18)
FN:120,(anonymous_19)
FN:121,(anonymous_20)
FN:161,(anonymous_21)
FN:183,(anonymous_22)
FN:190,(anonymous_23)
FNF:24
FNH:0
FNDA:0,(anonymous_0)
FNDA:0,ExpensesScreen
FNDA:0,(anonymous_2)
FNDA:0,(anonymous_3)
FNDA:0,(anonymous_4)
FNDA:0,(anonymous_5)
FNDA:0,(anonymous_6)
FNDA:0,(anonymous_7)
FNDA:0,(anonymous_8)
FNDA:0,(anonymous_9)
FNDA:0,(anonymous_10)
FNDA:0,(anonymous_11)
FNDA:0,(anonymous_12)
FNDA:0,(anonymous_13)
FNDA:0,(anonymous_14)
FNDA:0,(anonymous_15)
FNDA:0,(anonymous_16)
FNDA:0,(anonymous_17)
FNDA:0,(anonymous_18)
FNDA:0,(anonymous_19)
FNDA:0,(anonymous_20)
FNDA:0,(anonymous_21)
FNDA:0,(anonymous_22)
FNDA:0,(anonymous_23)
DA:10,0
DA:11,0
DA:13,0
DA:15,0
DA:17,0
DA:19,0
DA:21,0
DA:23,0
DA:25,0
DA:30,0
DA:31,0
DA:32,0
DA:33,0
DA:35,0
DA:36,0
DA:37,0
DA:38,0
DA:40,0
DA:44,0
DA:45,0
DA:49,0
DA:50,0
DA:51,0
DA:54,0
DA:55,0
DA:64,0
DA:65,0
DA:75,0
DA:76,0
DA:88,0
DA:89,0
DA:90,0
DA:93,0
DA:100,0
DA:101,0
DA:104,0
DA:105,0
DA:108,0
DA:109,0
DA:110,0
DA:111,0
DA:114,0
DA:115,0
DA:116,0
DA:117,0
DA:120,0
DA:121,0
DA:124,0
DA:162,0
DA:163,0
DA:183,0
DA:190,0
DA:204,0
LF:53
LH:0
BRDA:11,0,0,0
BRDA:11,0,1,0
BRDA:11,0,2,0
BRDA:11,0,3,0
BRDA:11,0,4,0
BRDA:11,0,5,0
BRDA:11,0,6,0
BRDA:121,1,0,0
BRDA:121,1,1,0
BRDA:172,2,0,0
BRDA:172,2,1,0
BRF:11
BRH:0
end_of_record
TN:
SF:app\(tabs)\income.tsx
FN:9,IncomeScreen
FN:16,(anonymous_1)
FN:25,(anonymous_2)
FN:29,(anonymous_3)
FN:33,(anonymous_4)
FN:38,(anonymous_5)
FN:49,(anonymous_6)
FN:58,(anonymous_7)
FN:63,(anonymous_8)
FN:75,(anonymous_9)
FN:77,(anonymous_10)
FN:82,(anonymous_11)
FN:95,(anonymous_12)
FN:96,(anonymous_13)
FN:97,(anonymous_14)
FN:100,(anonymous_15)
FN:104,(anonymous_16)
FN:106,(anonymous_17)
FN:112,(anonymous_18)
FN:114,(anonymous_19)
FN:115,(anonymous_20)
FN:116,(anonymous_21)
FN:120,(anonymous_22)
FN:121,(anonymous_23)
FN:125,(anonymous_24)
FN:127,(anonymous_25)
FN:140,(anonymous_26)
FN:166,(anonymous_27)
FN:168,(anonymous_28)
FN:179,(anonymous_29)
FN:186,(anonymous_30)
FN:194,(anonymous_31)
FN:212,(anonymous_32)
FN:228,(anonymous_33)
FNF:34
FNH:0
FNDA:0,IncomeScreen
FNDA:0,(anonymous_1)
FNDA:0,(anonymous_2)
FNDA:0,(anonymous_3)
FNDA:0,(anonymous_4)
FNDA:0,(anonymous_5)
FNDA:0,(anonymous_6)
FNDA:0,(anonymous_7)
FNDA:0,(anonymous_8)
FNDA:0,(anonymous_9)
FNDA:0,(anonymous_10)
FNDA:0,(anonymous_11)
FNDA:0,(anonymous_12)
FNDA:0,(anonymous_13)
FNDA:0,(anonymous_14)
FNDA:0,(anonymous_15)
FNDA:0,(anonymous_16)
FNDA:0,(anonymous_17)
FNDA:0,(anonymous_18)
FNDA:0,(anonymous_19)
FNDA:0,(anonymous_20)
FNDA:0,(anonymous_21)
FNDA:0,(anonymous_22)
FNDA:0,(anonymous_23)
FNDA:0,(anonymous_24)
FNDA:0,(anonymous_25)
FNDA:0,(anonymous_26)
FNDA:0,(anonymous_27)
FNDA:0,(anonymous_28)
FNDA:0,(anonymous_29)
FNDA:0,(anonymous_30)
FNDA:0,(anonymous_31)
FNDA:0,(anonymous_32)
FNDA:0,(anonymous_33)
DA:10,0
DA:11,0
DA:12,0
DA:13,0
DA:14,0
DA:16,0
DA:17,0
DA:18,0
DA:19,0
DA:21,0
DA:25,0
DA:26,0
DA:29,0
DA:30,0
DA:33,0
DA:34,0
DA:36,0
DA:38,0
DA:41,0
DA:43,0
DA:44,0
DA:45,0
DA:46,0
DA:49,0
DA:50,0
DA:53,0
DA:54,0
DA:58,0
DA:59,0
DA:60,0
DA:63,0
DA:64,0
DA:76,0
DA:77,0
DA:78,0
DA:79,0
DA:82,0
DA:83,0
DA:86,0
DA:87,0
DA:95,0
DA:96,0
DA:97,0
DA:100,0
DA:101,0
DA:102,0
DA:103,0
DA:104,0
DA:106,0
DA:109,0
DA:112,0
DA:113,0
DA:114,0
DA:116,0
DA:119,0
DA:120,0
DA:122,0
DA:123,0
DA:124,0
DA:125,0
DA:127,0
DA:130,0
DA:133,0
DA:141,0
DA:142,0
DA:167,0
DA:168,0
DA:171,0
DA:179,0
DA:186,0
DA:195,0
DA:213,0
DA:229,0
DA:230,0
DA:240,0
LF:75
LH:0
BRDA:36,0,0,0
BRDA:36,0,1,0
BRDA:38,1,0,0
BRDA:38,1,1,0
BRDA:104,2,0,0
BRDA:104,2,1,0
BRDA:106,3,0,0
BRDA:106,3,1,0
BRDA:125,4,0,0
BRDA:125,4,1,0
BRDA:127,5,0,0
BRDA:127,5,1,0
BRDA:168,6,0,0
BRDA:168,6,1,0
BRDA:198,7,0,0
BRDA:198,7,1,0
BRDA:199,8,0,0
BRDA:199,8,1,0
BRDA:200,9,0,0
BRDA:200,9,1,0
BRDA:209,10,0,0
BRDA:209,10,1,0
BRDA:209,10,2,0
BRDA:225,11,0,0
BRDA:225,11,1,0
BRF:25
BRH:0
end_of_record
TN:
SF:app\(tabs)\index.tsx
FN:10,HomeScreen
FN:33,(anonymous_1)
FN:52,(anonymous_2)
FN:54,(anonymous_3)
FN:61,(anonymous_4)
FN:65,(anonymous_5)
FN:74,(anonymous_6)
FN:75,(anonymous_7)
FN:78,(anonymous_8)
FN:79,(anonymous_9)
FN:109,(anonymous_10)
FN:114,(anonymous_11)
FN:116,(anonymous_12)
FN:118,(anonymous_13)
FN:129,(anonymous_14)
FN:135,(anonymous_15)
FN:139,(anonymous_16)
FNF:17
FNH:0
FNDA:0,HomeScreen
FNDA:0,(anonymous_1)
FNDA:0,(anonymous_2)
FNDA:0,(anonymous_3)
FNDA:0,(anonymous_4)
FNDA:0,(anonymous_5)
FNDA:0,(anonymous_6)
FNDA:0,(anonymous_7)
FNDA:0,(anonymous_8)
FNDA:0,(anonymous_9)
FNDA:0,(anonymous_10)
FNDA:0,(anonymous_11)
FNDA:0,(anonymous_12)
FNDA:0,(anonymous_13)
FNDA:0,(anonymous_14)
FNDA:0,(anonymous_15)
FNDA:0,(anonymous_16)
DA:11,0
DA:12,0
DA:20,0
DA:21,0
DA:22,0
DA:23,0
DA:24,0
DA:27,0
DA:28,0
DA:31,0
DA:33,0
DA:35,0
DA:36,0
DA:38,0
DA:39,0
DA:41,0
DA:44,0
DA:46,0
DA:49,0
DA:50,0
DA:52,0
DA:54,0
DA:55,0
DA:58,0
DA:59,0
DA:60,0
DA:61,0
DA:64,0
DA:65,0
DA:66,0
DA:70,0
DA:73,0
DA:74,0
DA:75,0
DA:77,0
DA:78,0
DA:79,0
DA:81,0
DA:84,0
DA:86,0
DA:87,0
DA:88,0
DA:89,0
DA:91,0
DA:100,0
DA:102,0
DA:104,0
DA:109,0
DA:110,0
DA:114,0
DA:116,0
DA:118,0
DA:119,0
DA:120,0
DA:125,0
DA:126,0
DA:129,0
DA:130,0
DA:131,0
DA:135,0
DA:136,0
DA:139,0
DA:140,0
DA:141,0
DA:144,0
DA:216,0
LF:66
LH:0
BRDA:35,0,0,0
BRDA:35,0,1,0
BRDA:61,1,0,0
BRDA:61,1,1,0
BRDA:64,2,0,0
BRDA:64,2,1,0
BRDA:119,3,0,0
BRDA:119,3,1,0
BRDA:140,4,0,0
BRDA:140,4,1,0
BRF:10
BRH:0
end_of_record
TN:
SF:app\(tabs)\settings.tsx
FN:7,SettingsScreen
FN:11,(anonymous_1)
FN:23,(anonymous_2)
FN:54,(anonymous_3)
FN:81,(anonymous_4)
FN:108,(anonymous_5)
FNF:6
FNH:0
FNDA:0,SettingsScreen
FNDA:0,(anonymous_1)
FNDA:0,(anonymous_2)
FNDA:0,(anonymous_3)
FNDA:0,(anonymous_4)
FNDA:0,(anonymous_5)
DA:8,0
DA:9,0
DA:11,0
DA:12,0
DA:24,0
DA:25,0
DA:26,0
DA:27,0
DA:29,0
DA:30,0
DA:32,0
DA:41,0
DA:54,0
DA:81,0
DA:108,0
DA:168,0
LF:16
LH:0
BRDA:52,0,0,0
BRDA:52,0,1,0
BRDA:59,1,0,0
BRDA:59,1,1,0
BRDA:65,2,0,0
BRDA:65,2,1,0
BRDA:79,3,0,0
BRDA:79,3,1,0
BRDA:86,4,0,0
BRDA:86,4,1,0
BRDA:92,5,0,0
BRDA:92,5,1,0
BRDA:106,6,0,0
BRDA:106,6,1,0
BRDA:113,7,0,0
BRDA:113,7,1,0
BRDA:119,8,0,0
BRDA:119,8,1,0
BRDA:141,9,0,0
BRDA:141,9,1,0
BRF:20
BRH:0
end_of_record
TN:
SF:app\(tabs)\travels.tsx
FN:9,TravelsScreen
FN:16,(anonymous_1)
FN:20,(anonymous_2)
FN:26,(anonymous_3)
FN:31,(anonymous_4)
FN:36,(anonymous_5)
FN:69,(anonymous_6)
FN:74,(anonymous_7)
FN:82,(anonymous_8)
FN:84,(anonymous_9)
FN:88,(anonymous_10)
FN:93,(anonymous_11)
FN:101,(anonymous_12)
FN:113,(anonymous_13)
FN:126,(anonymous_14)
FN:130,(anonymous_15)
FN:134,(anonymous_16)
FN:152,(anonymous_17)
FN:153,(anonymous_18)
FN:166,(anonymous_19)
FN:220,(anonymous_20)
FN:228,(anonymous_21)
FN:235,(anonymous_22)
FN:245,(anonymous_23)
FNF:24
FNH:0
FNDA:0,TravelsScreen
FNDA:0,(anonymous_1)
FNDA:0,(anonymous_2)
FNDA:0,(anonymous_3)
FNDA:0,(anonymous_4)
FNDA:0,(anonymous_5)
FNDA:0,(anonymous_6)
FNDA:0,(anonymous_7)
FNDA:0,(anonymous_8)
FNDA:0,(anonymous_9)
FNDA:0,(anonymous_10)
FNDA:0,(anonymous_11)
FNDA:0,(anonymous_12)
FNDA:0,(anonymous_13)
FNDA:0,(anonymous_14)
FNDA:0,(anonymous_15)
FNDA:0,(anonymous_16)
FNDA:0,(anonymous_17)
FNDA:0,(anonymous_18)
FNDA:0,(anonymous_19)
FNDA:0,(anonymous_20)
FNDA:0,(anonymous_21)
FNDA:0,(anonymous_22)
FNDA:0,(anonymous_23)
DA:10,0
DA:11,0
DA:12,0
DA:13,0
DA:14,0
DA:16,0
DA:17,0
DA:20,0
DA:21,0
DA:22,0
DA:26,0
DA:27,0
DA:31,0
DA:32,0
DA:33,0
DA:36,0
DA:38,0
DA:53,0
DA:54,0
DA:55,0
DA:56,0
DA:61,0
DA:64,0
DA:65,0
DA:69,0
DA:70,0
DA:71,0
DA:74,0
DA:75,0
DA:76,0
DA:77,0
DA:78,0
DA:79,0
DA:82,0
DA:84,0
DA:87,0
DA:88,0
DA:92,0
DA:93,0
DA:98,0
DA:101,0
DA:102,0
DA:114,0
DA:115,0
DA:116,0
DA:118,0
DA:126,0
DA:127,0
DA:130,0
DA:131,0
DA:134,0
DA:135,0
DA:138,0
DA:152,0
DA:154,0
DA:155,0
DA:156,0
DA:158,0
DA:166,0
DA:220,0
DA:228,0
DA:235,0
DA:246,0
DA:260,0
LF:64
LH:0
BRDA:55,0,0,0
BRDA:55,0,1,0
BRDA:87,1,0,0
BRDA:87,1,1,0
BRDA:88,2,0,0
BRDA:88,2,1,0
BRDA:115,3,0,0
BRDA:115,3,1,0
BRDA:127,4,0,0
BRDA:127,4,1,0
BRDA:162,5,0,0
BRDA:162,5,1,0
BRDA:175,6,0,0
BRDA:175,6,1,0
BRDA:176,7,0,0
BRDA:176,7,1,0
BRDA:178,8,0,0
BRDA:178,8,1,0
BRDA:180,9,0,0
BRDA:180,9,1,0
BRDA:183,10,0,0
BRDA:183,10,1,0
BRDA:189,11,0,0
BRDA:189,11,1,0
BRDA:210,12,0,0
BRDA:210,12,1,0
BRF:26
BRH:0
end_of_record
TN:
SF:app\components\DatePickerModal.tsx
FN:18,DatePickerModal
FN:31,(anonymous_1)
FN:47,(anonymous_2)
FN:52,(anonymous_3)
FN:100,(anonymous_4)
FNF:5
FNH:0
FNDA:0,DatePickerModal
FNDA:0,(anonymous_1)
FNDA:0,(anonymous_2)
FNDA:0,(anonymous_3)
FNDA:0,(anonymous_4)
DA:28,0
DA:29,0
DA:31,0
DA:32,0
DA:33,0
DA:34,0
DA:35,0
DA:36,0
DA:37,0
DA:38,0
DA:41,0
DA:42,0
DA:47,0
DA:48,0
DA:49,0
DA:52,0
DA:53,0
DA:54,0
DA:55,0
DA:56,0
DA:58,0
DA:63,0
DA:64,0
DA:66,0
DA:79,0
DA:100,0
DA:124,0
LF:27
LH:0
BRDA:23,0,0,0
BRDA:24,1,0,0
BRDA:32,2,0,0
BRDA:32,2,1,0
BRDA:33,3,0,0
BRDA:33,3,1,0
BRDA:33,4,0,0
BRDA:33,4,1,0
BRDA:37,5,0,0
BRDA:37,5,1,0
BRDA:41,6,0,0
BRDA:41,6,1,0
BRDA:53,7,0,0
BRDA:53,7,1,0
BRDA:55,8,0,0
BRDA:55,8,1,0
BRDA:63,9,0,0
BRDA:63,9,1,0
BRDA:64,10,0,0
BRDA:64,10,1,0
BRDA:100,11,0,0
BRDA:100,11,1,0
BRF:22
BRH:0
end_of_record
TN:
SF:app\components\ExpenseForm.tsx
FN:14,(anonymous_0)
FN:33,ExpenseForm
FN:34,(anonymous_2)
FN:47,(anonymous_3)
FN:54,(anonymous_4)
FN:64,(anonymous_5)
FN:82,(anonymous_6)
FN:97,(anonymous_7)
FN:104,(anonymous_8)
FN:132,(anonymous_9)
FN:143,(anonymous_10)
FN:158,(anonymous_11)
FN:171,(anonymous_12)
FNF:13
FNH:0
FNDA:0,(anonymous_0)
FNDA:0,ExpenseForm
FNDA:0,(anonymous_2)
FNDA:0,(anonymous_3)
FNDA:0,(anonymous_4)
FNDA:0,(anonymous_5)
FNDA:0,(anonymous_6)
FNDA:0,(anonymous_7)
FNDA:0,(anonymous_8)
FNDA:0,(anonymous_9)
FNDA:0,(anonymous_10)
FNDA:0,(anonymous_11)
FNDA:0,(anonymous_12)
DA:14,0
DA:15,0
DA:17,0
DA:19,0
DA:21,0
DA:23,0
DA:25,0
DA:27,0
DA:29,0
DA:34,0
DA:35,0
DA:36,0
DA:38,0
DA:47,0
DA:48,0
DA:51,0
DA:52,0
DA:54,0
DA:55,0
DA:56,0
DA:57,0
DA:58,0
DA:60,0
DA:64,0
DA:65,0
DA:66,0
DA:67,0
DA:70,0
DA:71,0
DA:72,0
DA:79,0
DA:82,0
DA:83,0
DA:84,0
DA:85,0
DA:86,0
DA:90,0
DA:98,0
DA:104,0
DA:132,0
DA:143,0
DA:158,0
DA:171,0
DA:212,0
LF:44
LH:0
BRDA:15,0,0,0
BRDA:15,0,1,0
BRDA:15,0,2,0
BRDA:15,0,3,0
BRDA:15,0,4,0
BRDA:15,0,5,0
BRDA:15,0,6,0
BRDA:35,1,0,0
BRDA:35,1,1,0
BRDA:48,2,0,0
BRDA:48,2,1,0
BRDA:55,3,0,0
BRDA:55,3,1,0
BRDA:55,4,0,0
BRDA:55,4,1,0
BRDA:57,5,0,0
BRDA:57,5,1,0
BRDA:65,6,0,0
BRDA:65,6,1,0
BRDA:71,7,0,0
BRDA:71,7,1,0
BRDA:71,8,0,0
BRDA:71,8,1,0
BRDA:83,9,0,0
BRDA:83,9,1,0
BRDA:85,10,0,0
BRDA:85,10,1,0
BRDA:92,11,0,0
BRDA:92,11,1,0
BRDA:102,12,0,0
BRDA:102,12,1,0
BRDA:110,13,0,0
BRDA:110,13,1,0
BRDA:116,14,0,0
BRDA:116,14,1,0
BRDA:143,15,0,0
BRDA:143,15,1,0
BRDA:155,16,0,0
BRDA:155,16,1,0
BRDA:162,17,0,0
BRDA:162,17,1,0
BRDA:168,18,0,0
BRDA:168,18,1,0
BRDA:175,19,0,0
BRDA:175,19,1,0
BRDA:181,20,0,0
BRDA:181,20,1,0
BRDA:192,21,0,0
BRDA:192,21,1,0
BRF:49
BRH:0
end_of_record
TN:
SF:app\components\ExpensesDropdown.tsx
FN:11,ExpensesDropdown
FN:18,(anonymous_1)
FN:22,(anonymous_2)
FNF:3
FNH:0
FNDA:0,ExpensesDropdown
FNDA:0,(anonymous_1)
FNDA:0,(anonymous_2)
DA:16,0
DA:18,0
DA:19,0
DA:22,0
DA:23,0
DA:26,0
DA:56,0
LF:7
LH:0
BRDA:33,0,0,0
BRDA:33,0,1,0
BRDA:40,1,0,0
BRDA:40,1,1,0
BRF:4
BRH:0
end_of_record
TN:
SF:app\components\FinancialForm.tsx
FN:10,FinancialForm
FN:20,(anonymous_1)
FN:35,(anonymous_2)
FN:45,(anonymous_3)
FN:55,(anonymous_4)
FN:65,(anonymous_5)
FN:75,(anonymous_6)
FN:85,(anonymous_7)
FNF:8
FNH:0
FNDA:0,FinancialForm
FNDA:0,(anonymous_1)
FNDA:0,(anonymous_2)
FNDA:0,(anonymous_3)
FNDA:0,(anonymous_4)
FNDA:0,(anonymous_5)
FNDA:0,(anonymous_6)
FNDA:0,(anonymous_7)
DA:11,0
DA:20,0
DA:21,0
DA:22,0
DA:25,0
DA:35,0
DA:45,0
DA:55,0
DA:65,0
DA:75,0
DA:85,0
DA:96,0
LF:12
LH:0
BRDA:35,0,0,0
BRDA:35,0,1,0
BRDA:45,1,0,0
BRDA:45,1,1,0
BRDA:55,2,0,0
BRDA:55,2,1,0
BRDA:65,3,0,0
BRDA:65,3,1,0
BRDA:75,4,0,0
BRDA:75,4,1,0
BRDA:85,5,0,0
BRDA:85,5,1,0
BRF:12
BRH:0
end_of_record
TN:
SF:app\components\IncomeDropdown.tsx
FN:11,IncomeDropdown
FN:18,(anonymous_1)
FN:22,(anonymous_2)
FNF:3
FNH:0
FNDA:0,IncomeDropdown
FNDA:0,(anonymous_1)
FNDA:0,(anonymous_2)
DA:16,0
DA:18,0
DA:19,0
DA:22,0
DA:23,0
DA:26,0
DA:59,0
LF:7
LH:0
BRDA:35,0,0,0
BRDA:35,0,1,0
BRDA:43,1,0,0
BRDA:43,1,1,0
BRF:4
BRH:0
end_of_record
TN:
SF:app\components\IncomeForm.tsx
FN:14,IncomeForm
FN:35,(anonymous_1)
FN:41,(anonymous_2)
FN:65,(anonymous_3)
FN:76,(anonymous_4)
FN:88,(anonymous_5)
FN:123,(anonymous_6)
FN:129,(anonymous_7)
FN:144,(anonymous_8)
FN:150,(anonymous_9)
FN:154,(anonymous_10)
FN:155,(anonymous_11)
FN:157,(anonymous_12)
FN:177,(anonymous_13)
FN:183,(anonymous_14)
FN:194,(anonymous_15)
FN:198,(anonymous_16)
FN:199,(anonymous_17)
FN:200,(anonymous_18)
FN:218,(anonymous_19)
FN:222,(anonymous_20)
FN:235,(anonymous_21)
FN:244,(anonymous_22)
FN:266,(anonymous_23)
FN:273,(anonymous_24)
FN:286,(anonymous_25)
FN:294,(anonymous_26)
FN:306,(anonymous_27)
FN:314,(anonymous_28)
FNF:29
FNH:0
FNDA:0,IncomeForm
FNDA:0,(anonymous_1)
FNDA:0,(anonymous_2)
FNDA:0,(anonymous_3)
FNDA:0,(anonymous_4)
FNDA:0,(anonymous_5)
FNDA:0,(anonymous_6)
FNDA:0,(anonymous_7)
FNDA:0,(anonymous_8)
FNDA:0,(anonymous_9)
FNDA:0,(anonymous_10)
FNDA:0,(anonymous_11)
FNDA:0,(anonymous_12)
FNDA:0,(anonymous_13)
FNDA:0,(anonymous_14)
FNDA:0,(anonymous_15)
FNDA:0,(anonymous_16)
FNDA:0,(anonymous_17)
FNDA:0,(anonymous_18)
FNDA:0,(anonymous_19)
FNDA:0,(anonymous_20)
FNDA:0,(anonymous_21)
FNDA:0,(anonymous_22)
FNDA:0,(anonymous_23)
FNDA:0,(anonymous_24)
FNDA:0,(anonymous_25)
FNDA:0,(anonymous_26)
FNDA:0,(anonymous_27)
FNDA:0,(anonymous_28)
DA:15,0
DA:21,0
DA:28,0
DA:33,0
DA:35,0
DA:36,0
DA:37,0
DA:41,0
DA:42,0
DA:44,0
DA:52,0
DA:57,0
DA:65,0
DA:66,0
DA:67,0
DA:68,0
DA:71,0
DA:72,0
DA:73,0
DA:75,0
DA:76,0
DA:80,0
DA:81,0
DA:86,0
DA:89,0
DA:93,0
DA:110,0
DA:113,0
DA:114,0
DA:119,0
DA:121,0
DA:123,0
DA:124,0
DA:127,0
DA:129,0
DA:130,0
DA:133,0
DA:134,0
DA:138,0
DA:144,0
DA:145,0
DA:146,0
DA:147,0
DA:149,0
DA:150,0
DA:153,0
DA:154,0
DA:155,0
DA:156,0
DA:157,0
DA:159,0
DA:164,0
DA:167,0
DA:168,0
DA:173,0
DA:175,0
DA:177,0
DA:178,0
DA:181,0
DA:183,0
DA:184,0
DA:187,0
DA:188,0
DA:194,0
DA:195,0
DA:198,0
DA:200,0
DA:203,0
DA:204,0
DA:205,0
DA:208,0
DA:215,0
DA:218,0
DA:219,0
DA:220,0
DA:221,0
DA:222,0
DA:226,0
DA:235,0
DA:245,0
DA:266,0
DA:273,0
DA:287,0
DA:294,0
DA:306,0
DA:314,0
DA:336,0
LF:87
LH:0
BRDA:36,0,0,0
BRDA:36,0,1,0
BRDA:42,1,0,0
BRDA:42,1,1,0
BRDA:42,2,0,0
BRDA:42,2,1,0
BRDA:47,3,0,0
BRDA:47,3,1,0
BRDA:49,4,0,0
BRDA:49,4,1,0
BRDA:54,5,0,0
BRDA:54,5,1,0
BRDA:66,6,0,0
BRDA:66,6,1,0
BRDA:66,7,0,0
BRDA:66,7,1,0
BRDA:73,8,0,0
BRDA:73,8,1,0
BRDA:76,9,0,0
BRDA:76,9,1,0
BRDA:80,10,0,0
BRDA:80,10,1,0
BRDA:89,11,0,0
BRDA:89,11,1,0
BRDA:89,12,0,0
BRDA:89,12,1,0
BRDA:113,13,0,0
BRDA:113,13,1,0
BRDA:124,14,0,0
BRDA:124,14,1,0
BRDA:147,15,0,0
BRDA:147,15,1,0
BRDA:150,16,0,0
BRDA:150,16,1,0
BRDA:153,17,0,0
BRDA:153,17,1,0
BRDA:156,18,0,0
BRDA:156,18,1,0
BRDA:156,19,0,0
BRDA:156,19,1,0
BRDA:167,20,0,0
BRDA:167,20,1,0
BRDA:178,21,0,0
BRDA:178,21,1,0
BRDA:195,22,0,0
BRDA:195,22,1,0
BRDA:195,23,0,0
BRDA:195,23,1,0
BRDA:198,24,0,0
BRDA:198,24,1,0
BRDA:203,25,0,0
BRDA:203,25,1,0
BRDA:209,26,0,0
BRDA:209,26,1,0
BRDA:221,27,0,0
BRDA:221,27,1,0
BRDA:222,28,0,0
BRDA:222,28,1,0
BRDA:228,29,0,0
BRDA:228,29,1,0
BRDA:248,30,0,0
BRDA:248,30,1,0
BRDA:249,31,0,0
BRDA:249,31,1,0
BRDA:250,32,0,0
BRDA:250,32,1,0
BRDA:272,33,0,0
BRDA:272,33,1,0
BRDA:273,34,0,0
BRDA:273,34,1,0
BRDA:314,35,0,0
BRDA:314,35,1,0
BRF:72
BRH:0
end_of_record
TN:
SF:app\components\InvestmentForm.tsx
FN:10,InvestmentForm
FN:23,(anonymous_1)
FN:51,(anonymous_2)
FN:62,(anonymous_3)
FN:72,(anonymous_4)
FN:88,(anonymous_5)
FN:104,(anonymous_6)
FNF:7
FNH:0
FNDA:0,InvestmentForm
FNDA:0,(anonymous_1)
FNDA:0,(anonymous_2)
FNDA:0,(anonymous_3)
FNDA:0,(anonymous_4)
FNDA:0,(anonymous_5)
FNDA:0,(anonymous_6)
DA:11,0
DA:23,0
DA:24,0
DA:26,0
DA:39,0
DA:42,0
DA:51,0
DA:62,0
DA:72,0
DA:88,0
DA:104,0
DA:120,0
LF:12
LH:0
BRDA:24,0,0,0
BRDA:24,0,1,0
BRDA:24,1,0,0
BRDA:24,1,1,0
BRDA:24,1,2,0
BRDA:29,2,0,0
BRDA:29,2,1,0
BRDA:30,3,0,0
BRDA:30,3,1,0
BRDA:62,4,0,0
BRDA:62,4,1,0
BRDA:75,5,0,0
BRDA:75,5,1,0
BRDA:76,6,0,0
BRDA:76,6,1,0
BRDA:91,7,0,0
BRDA:91,7,1,0
BRDA:92,8,0,0
BRDA:92,8,1,0
BRDA:104,9,0,0
BRDA:104,9,1,0
BRF:21
BRH:0
end_of_record
TN:
SF:app\components\MonthSelector.tsx
FN:12,MonthSelector
FN:24,(anonymous_1)
FN:30,(anonymous_2)
FNF:3
FNH:0
FNDA:0,MonthSelector
FNDA:0,(anonymous_1)
FNDA:0,(anonymous_2)
DA:17,0
DA:19,0
DA:24,0
DA:25,0
DA:26,0
DA:27,0
DA:30,0
DA:31,0
DA:32,0
DA:33,0
DA:36,0
DA:68,0
LF:12
LH:0
BRF:0
BRH:0
end_of_record
TN:
SF:app\components\TravelItinerary.tsx
FN:22,TravelItinerary
FN:43,(anonymous_1)
FN:54,(anonymous_2)
FN:75,(anonymous_3)
FN:81,(anonymous_4)
FN:87,(anonymous_5)
FN:97,(anonymous_6)
FN:106,(anonymous_7)
FN:135,(anonymous_8)
FN:172,(anonymous_9)
FN:184,(anonymous_10)
FN:187,(anonymous_11)
FN:191,(anonymous_12)
FN:206,(anonymous_13)
FN:212,(anonymous_14)
FN:224,(anonymous_15)
FN:247,(anonymous_16)
FN:268,(anonymous_17)
FN:285,(anonymous_18)
FN:294,(anonymous_19)
FN:304,(anonymous_20)
FN:314,(anonymous_21)
FN:329,(anonymous_22)
FN:350,(anonymous_23)
FN:357,(anonymous_24)
FN:360,(anonymous_25)
FN:367,(anonymous_26)
FN:370,(anonymous_27)
FN:384,(anonymous_28)
FN:393,(anonymous_29)
FN:408,(anonymous_30)
FN:424,(anonymous_31)
FN:449,(anonymous_32)
FN:456,(anonymous_33)
FN:509,(anonymous_34)
FN:524,(anonymous_35)
FN:543,(anonymous_36)
FN:543,(anonymous_37)
FN:552,(anonymous_38)
FN:561,(anonymous_39)
FN:561,(anonymous_40)
FN:580,(anonymous_41)
FN:603,(anonymous_42)
FN:627,(anonymous_43)
FN:627,(anonymous_44)
FN:638,(anonymous_45)
FN:638,(anonymous_46)
FN:650,(anonymous_47)
FN:650,(anonymous_48)
FNF:49
FNH:36
FNDA:19,TravelItinerary
FNDA:2,(anonymous_1)
FNDA:19,(anonymous_2)
FNDA:123,(anonymous_3)
FNDA:63,(anonymous_4)
FNDA:0,(anonymous_5)
FNDA:0,(anonymous_6)
FNDA:3,(anonymous_7)
FNDA:1,(anonymous_8)
FNDA:1,(anonymous_9)
FNDA:1,(anonymous_10)
FNDA:1,(anonymous_11)
FNDA:1,(anonymous_12)
FNDA:1,(anonymous_13)
FNDA:1,(anonymous_14)
FNDA:1,(anonymous_15)
FNDA:4,(anonymous_16)
FNDA:2,(anonymous_17)
FNDA:114,(anonymous_18)
FNDA:95,(anonymous_19)
FNDA:28,(anonymous_20)
FNDA:10,(anonymous_21)
FNDA:2,(anonymous_22)
FNDA:0,(anonymous_23)
FNDA:0,(anonymous_24)
FNDA:0,(anonymous_25)
FNDA:0,(anonymous_26)
FNDA:0,(anonymous_27)
FNDA:114,(anonymous_28)
FNDA:2,(anonymous_29)
FNDA:9,(anonymous_30)
FNDA:1,(anonymous_31)
FNDA:1,(anonymous_32)
FNDA:1,(anonymous_33)
FNDA:0,(anonymous_34)
FNDA:13,(anonymous_35)
FNDA:2,(anonymous_36)
FNDA:2,(anonymous_37)
FNDA:95,(anonymous_38)
FNDA:0,(anonymous_39)
FNDA:0,(anonymous_40)
FNDA:2,(anonymous_41)
FNDA:0,(anonymous_42)
FNDA:2,(anonymous_43)
FNDA:2,(anonymous_44)
FNDA:2,(anonymous_45)
FNDA:2,(anonymous_46)
FNDA:0,(anonymous_47)
FNDA:0,(anonymous_48)
DA:23,19
DA:24,19
DA:25,19
DA:26,19
DA:27,19
DA:39,19
DA:40,19
DA:43,19
DA:44,2
DA:45,2
DA:46,2
DA:47,2
DA:48,2
DA:50,0
DA:54,19
DA:55,19
DA:56,19
DA:57,19
DA:60,19
DA:61,19
DA:63,19
DA:64,19
DA:66,19
DA:67,114
DA:69,19
DA:72,19
DA:75,19
DA:76,123
DA:79,123
DA:81,123
DA:83,63
DA:86,63
DA:89,0
DA:90,0
DA:93,0
DA:97,19
DA:98,0
DA:99,0
DA:100,0
DA:103,0
DA:106,19
DA:107,3
DA:108,1
DA:109,1
DA:113,2
DA:114,2
DA:116,2
DA:117,2
DA:118,2
DA:121,2
DA:122,0
DA:123,0
DA:124,0
DA:125,0
DA:128,2
DA:129,2
DA:130,0
DA:133,2
DA:135,1
DA:136,1
DA:137,1
DA:150,1
DA:151,1
DA:165,2
DA:168,2
DA:169,2
DA:172,19
DA:173,1
DA:186,1
DA:187,1
DA:190,1
DA:191,1
DA:194,1
DA:199,1
DA:206,19
DA:207,1
DA:212,1
DA:213,1
DA:216,1
DA:221,1
DA:224,19
DA:226,1
DA:227,1
DA:230,1
DA:231,1
DA:233,1
DA:234,1
DA:244,1
DA:247,19
DA:249,4
DA:251,4
DA:253,4
DA:254,4
DA:256,4
DA:257,4
DA:259,0
DA:260,0
DA:263,0
DA:264,0
DA:268,19
DA:269,2
DA:279,2
DA:280,2
DA:281,2
DA:282,2
DA:285,19
DA:286,114
DA:291,114
DA:294,19
DA:295,95
DA:296,19
DA:297,19
DA:298,19
DA:299,19
DA:300,19
DA:304,19
DA:305,28
DA:306,28
DA:307,0
DA:308,0
DA:309,0
DA:310,0
DA:314,19
DA:316,10
DA:321,10
DA:322,10
DA:323,10
DA:325,10
DA:329,19
DA:330,2
DA:332,2
DA:334,0
DA:335,0
DA:338,2
DA:340,2
DA:341,0
DA:342,0
DA:345,2
DA:346,2
DA:350,19
DA:351,0
DA:352,0
DA:353,0
DA:357,19
DA:358,0
DA:359,0
DA:360,0
DA:367,19
DA:368,0
DA:369,0
DA:370,0
DA:377,19
DA:385,114
DA:395,2
DA:396,2
DA:397,2
DA:398,2
DA:399,2
DA:409,9
DA:424,1
DA:449,1
DA:456,1
DA:509,0
DA:525,13
DA:526,13
DA:531,13
DA:543,2
DA:553,95
DA:561,0
DA:580,2
DA:603,0
DA:627,2
DA:638,2
DA:650,0
DA:689,1
LF:175
LH:137
BRDA:44,0,0,2
BRDA:44,0,1,0
BRDA:76,1,0,0
BRDA:76,1,1,123
BRDA:98,2,0,0
BRDA:98,2,1,0
BRDA:98,3,0,0
BRDA:98,3,1,0
BRDA:98,3,2,0
BRDA:107,4,0,1
BRDA:107,4,1,2
BRDA:107,5,0,3
BRDA:107,5,1,2
BRDA:107,5,2,2
BRDA:118,6,0,2
BRDA:118,6,1,0
BRDA:118,7,0,2
BRDA:118,7,1,2
BRDA:121,8,0,0
BRDA:121,8,1,2
BRDA:125,9,0,0
BRDA:125,9,1,0
BRDA:125,10,0,0
BRDA:125,10,1,0
BRDA:129,11,0,0
BRDA:129,11,1,2
BRDA:133,12,0,1
BRDA:133,12,1,1
BRDA:136,13,0,1
BRDA:136,13,1,0
BRDA:140,14,0,1
BRDA:140,14,1,0
BRDA:142,15,0,0
BRDA:142,15,1,1
BRDA:143,16,0,1
BRDA:143,16,1,0
BRDA:145,17,0,1
BRDA:145,17,1,0
BRDA:154,18,0,1
BRDA:154,18,1,0
BRDA:156,19,0,0
BRDA:156,19,1,1
BRDA:157,20,0,1
BRDA:157,20,1,0
BRDA:159,21,0,1
BRDA:159,21,1,0
BRDA:186,22,0,1
BRDA:186,22,1,0
BRDA:190,23,0,1
BRDA:190,23,1,0
BRDA:212,24,0,1
BRDA:212,24,1,0
BRDA:213,25,0,1
BRDA:213,25,1,0
BRDA:227,26,0,0
BRDA:227,26,1,1
BRDA:237,27,0,1
BRDA:237,27,1,0
BRDA:239,28,0,1
BRDA:239,28,1,0
BRDA:254,29,0,4
BRDA:254,29,1,0
BRDA:295,30,0,19
BRDA:295,30,1,19
BRDA:295,30,2,19
BRDA:295,30,3,19
BRDA:295,30,4,19
BRDA:305,31,0,28
BRDA:305,31,1,0
BRDA:305,31,2,0
BRDA:305,31,3,0
BRDA:305,31,4,0
BRDA:332,32,0,0
BRDA:332,32,1,2
BRDA:340,33,0,0
BRDA:340,33,1,2
BRDA:340,34,0,2
BRDA:340,34,1,2
BRDA:359,35,0,0
BRDA:359,35,1,0
BRDA:369,36,0,0
BRDA:369,36,1,0
BRDA:407,37,0,9
BRDA:407,37,1,105
BRDA:416,38,0,0
BRDA:416,38,1,9
BRDA:419,39,0,0
BRDA:419,39,1,9
BRDA:428,40,0,9
BRDA:428,40,1,0
BRDA:430,41,0,9
BRDA:430,41,1,0
BRDA:440,42,0,0
BRDA:440,42,1,9
BRDA:468,43,0,9
BRDA:468,43,1,0
BRDA:479,44,0,9
BRDA:479,44,1,9
BRDA:479,44,2,9
BRDA:485,45,0,9
BRDA:485,45,1,0
BRDA:514,46,0,4
BRDA:514,46,1,15
BRDA:524,47,0,13
BRDA:524,47,1,6
BRDA:557,48,0,95
BRDA:557,48,1,19
BRDA:565,49,0,95
BRDA:565,49,1,19
BRDA:583,50,0,19
BRDA:583,50,1,0
BRDA:587,51,0,19
BRDA:587,51,1,2
BRDA:606,52,0,19
BRDA:606,52,1,19
BRDA:610,53,0,19
BRDA:610,53,1,0
BRDA:638,54,0,2
BRDA:638,54,1,0
BRDA:678,55,0,4
BRDA:678,55,1,15
BRF:121
BRH:70
end_of_record
TN:
SF:app\expenses\_layout.tsx
FN:3,ExpensesLayout
FN:8,(anonymous_1)
FNF:2
FNH:0
FNDA:0,ExpensesLayout
FNDA:0,(anonymous_1)
DA:4,0
DA:9,0
DA:10,0
LF:3
LH:0
BRDA:11,0,0,0
BRDA:11,0,1,0
BRF:2
BRH:0
end_of_record
TN:
SF:app\expenses\add.tsx
FN:8,AddExpenseScreen
FN:21,(anonymous_1)
FN:23,(anonymous_2)
FN:27,(anonymous_3)
FN:42,(anonymous_4)
FN:71,(anonymous_5)
FN:97,(anonymous_6)
FN:129,(anonymous_7)
FN:140,(anonymous_8)
FNF:9
FNH:0
FNDA:0,AddExpenseScreen
FNDA:0,(anonymous_1)
FNDA:0,(anonymous_2)
FNDA:0,(anonymous_3)
FNDA:0,(anonymous_4)
FNDA:0,(anonymous_5)
FNDA:0,(anonymous_6)
FNDA:0,(anonymous_7)
FNDA:0,(anonymous_8)
DA:9,0
DA:10,0
DA:11,0
DA:12,0
DA:13,0
DA:14,0
DA:17,0
DA:21,0
DA:23,0
DA:24,0
DA:25,0
DA:26,0
DA:27,0
DA:28,0
DA:29,0
DA:31,0
DA:33,0
DA:34,0
DA:39,0
DA:42,0
DA:43,0
DA:45,0
DA:47,0
DA:49,0
DA:51,0
DA:52,0
DA:55,0
DA:56,0
DA:59,0
DA:63,0
DA:65,0
DA:66,0
DA:67,0
DA:69,0
DA:70,0
DA:71,0
DA:73,0
DA:78,0
DA:79,0
DA:80,0
DA:82,0
DA:92,0
DA:97,0
DA:100,0
DA:102,0
DA:103,0
DA:106,0
DA:107,0
DA:108,0
DA:110,0
DA:120,0
DA:123,0
DA:126,0
DA:129,0
DA:130,0
DA:134,0
DA:136,0
DA:140,0
DA:141,0
DA:144,0
DA:155,0
LF:61
LH:0
BRDA:17,0,0,0
BRDA:17,0,1,0
BRDA:17,1,0,0
BRDA:17,1,1,0
BRDA:24,2,0,0
BRDA:24,2,1,0
BRDA:24,3,0,0
BRDA:24,3,1,0
BRDA:28,4,0,0
BRDA:28,4,1,0
BRDA:47,5,0,0
BRDA:47,5,1,0
BRDA:49,6,0,0
BRDA:49,6,1,0
BRDA:49,7,0,0
BRDA:49,7,1,0
BRDA:55,8,0,0
BRDA:55,8,1,0
BRDA:63,9,0,0
BRDA:63,9,1,0
BRDA:97,10,0,0
BRDA:97,10,1,0
BRDA:100,11,0,0
BRDA:100,11,1,0
BRDA:100,12,0,0
BRDA:100,12,1,0
BRF:26
BRH:0
end_of_record
TN:
SF:app\theme\ThemeContext.tsx
FN:17,(anonymous_0)
FN:20,(anonymous_1)
FN:22,ThemeProvider
FN:26,(anonymous_3)
FN:30,(anonymous_4)
FN:41,(anonymous_5)
FN:50,(anonymous_6)
FNF:7
FNH:4
FNDA:0,(anonymous_0)
FNDA:0,(anonymous_1)
FNDA:6,ThemeProvider
FNDA:6,(anonymous_3)
FNDA:6,(anonymous_4)
FNDA:0,(anonymous_5)
FNDA:6,(anonymous_6)
DA:14,1
DA:20,1
DA:23,6
DA:24,6
DA:26,6
DA:27,6
DA:30,6
DA:31,6
DA:32,6
DA:33,6
DA:34,0
DA:37,0
DA:41,6
DA:42,0
DA:43,0
DA:44,0
DA:46,0
DA:50,6
DA:51,6
DA:52,6
DA:54,0
DA:57,6
LF:22
LH:15
BRDA:33,0,0,0
BRDA:33,0,1,6
BRDA:51,1,0,6
BRDA:51,1,1,0
BRDA:52,2,0,0
BRDA:52,2,1,6
BRDA:54,3,0,0
BRDA:54,3,1,0
BRF:8
BRH:3
end_of_record
TN:
SF:app\theme\colors.ts
FNF:0
FNH:0
DA:1,1
DA:33,1
LF:2
LH:2
BRF:0
BRH:0
end_of_record
TN:
SF:app\travel\[id].tsx
FN:10,TravelForm
FN:34,(anonymous_1)
FN:40,(anonymous_2)
FN:42,(anonymous_3)
FN:48,(anonymous_4)
FN:80,(anonymous_5)
FN:95,(anonymous_6)
FN:114,(anonymous_7)
FN:114,(anonymous_8)
FN:122,(anonymous_9)
FN:132,(anonymous_10)
FN:132,(anonymous_11)
FN:133,(anonymous_12)
FN:139,(anonymous_13)
FN:149,(anonymous_14)
FN:149,(anonymous_15)
FN:150,(anonymous_16)
FN:157,(anonymous_17)
FN:159,(anonymous_18)
FNF:19
FNH:0
FNDA:0,TravelForm
FNDA:0,(anonymous_1)
FNDA:0,(anonymous_2)
FNDA:0,(anonymous_3)
FNDA:0,(anonymous_4)
FNDA:0,(anonymous_5)
FNDA:0,(anonymous_6)
FNDA:0,(anonymous_7)
FNDA:0,(anonymous_8)
FNDA:0,(anonymous_9)
FNDA:0,(anonymous_10)
FNDA:0,(anonymous_11)
FNDA:0,(anonymous_12)
FNDA:0,(anonymous_13)
FNDA:0,(anonymous_14)
FNDA:0,(anonymous_15)
FNDA:0,(anonymous_16)
FNDA:0,(anonymous_17)
FNDA:0,(anonymous_18)
DA:11,0
DA:12,0
DA:13,0
DA:14,0
DA:15,0
DA:17,0
DA:31,0
DA:32,0
DA:34,0
DA:35,0
DA:36,0
DA:40,0
DA:41,0
DA:42,0
DA:43,0
DA:44,0
DA:48,0
DA:49,0
DA:50,0
DA:51,0
DA:54,0
DA:56,0
DA:57,0
DA:60,0
DA:61,0
DA:64,0
DA:65,0
DA:71,0
DA:72,0
DA:73,0
DA:75,0
DA:76,0
DA:80,0
DA:86,0
DA:87,0
DA:90,0
DA:96,0
DA:97,0
DA:99,0
DA:100,0
DA:107,0
DA:114,0
DA:122,0
DA:132,0
DA:133,0
DA:139,0
DA:149,0
DA:150,0
DA:158,0
DA:159,0
DA:180,0
LF:51
LH:0
BRDA:18,0,0,0
BRDA:18,0,1,0
BRDA:35,1,0,0
BRDA:35,1,1,0
BRDA:43,2,0,0
BRDA:43,2,1,0
BRDA:49,3,0,0
BRDA:49,3,1,0
BRDA:49,4,0,0
BRDA:49,4,1,0
BRDA:49,4,2,0
BRDA:49,4,3,0
BRDA:56,5,0,0
BRDA:56,5,1,0
BRDA:60,6,0,0
BRDA:60,6,1,0
BRDA:64,7,0,0
BRDA:64,7,1,0
BRDA:86,8,0,0
BRDA:86,8,1,0
BRDA:87,9,0,0
BRDA:87,9,1,0
BRDA:94,10,0,0
BRDA:94,10,1,0
BRDA:96,11,0,0
BRDA:96,11,1,0
BRDA:99,12,0,0
BRDA:99,12,1,0
BRDA:99,13,0,0
BRDA:99,13,1,0
BRDA:158,14,0,0
BRDA:158,14,1,0
BRF:32
BRH:0
end_of_record
TN:
SF:app\travel\_layout.tsx
FN:5,TravelLayout
FNF:1
FNH:0
FNDA:0,TravelLayout
DA:6,0
DA:8,0
LF:2
LH:0
BRF:0
BRH:0
end_of_record
TN:
SF:app\travel\details\[id].tsx
FN:16,TravelDetails
FN:39,(anonymous_1)
FN:57,(anonymous_2)
FN:60,(anonymous_3)
FN:69,(anonymous_4)
FN:74,(anonymous_5)
FN:78,(anonymous_6)
FN:80,(anonymous_7)
FN:89,(anonymous_8)
FN:98,(anonymous_9)
FN:103,(anonymous_10)
FN:109,(anonymous_11)
FN:116,(anonymous_12)
FN:119,(anonymous_13)
FN:124,(anonymous_14)
FN:127,(anonymous_15)
FN:134,(anonymous_16)
FN:139,(anonymous_17)
FN:144,(anonymous_18)
FN:148,(anonymous_19)
FN:155,(anonymous_20)
FN:201,(anonymous_21)
FN:250,(anonymous_22)
FN:276,(anonymous_23)
FN:287,(anonymous_24)
FN:291,(anonymous_25)
FN:315,(anonymous_26)
FN:326,(anonymous_27)
FN:332,(anonymous_28)
FN:360,(anonymous_29)
FN:369,(anonymous_30)
FN:378,(anonymous_31)
FN:385,(anonymous_32)
FN:427,(anonymous_33)
FN:434,(anonymous_34)
FN:479,(anonymous_35)
FN:498,(anonymous_36)
FN:509,(anonymous_37)
FN:511,(anonymous_38)
FN:544,(anonymous_39)
FN:556,(anonymous_40)
FN:599,(anonymous_41)
FN:604,(anonymous_42)
FN:605,(anonymous_43)
FN:610,(anonymous_44)
FN:615,(anonymous_45)
FN:640,(anonymous_46)
FN:649,(anonymous_47)
FN:664,(anonymous_48)
FN:678,(anonymous_49)
FN:806,(anonymous_50)
FN:821,(anonymous_51)
FN:827,(anonymous_52)
FN:844,(anonymous_53)
FN:855,(anonymous_54)
FN:967,(anonymous_55)
FN:981,(anonymous_56)
FN:994,(anonymous_57)
FN:1009,(anonymous_58)
FN:1015,(anonymous_59)
FN:1028,(anonymous_60)
FN:1028,(anonymous_61)
FN:1035,(anonymous_62)
FN:1035,(anonymous_63)
FN:1043,(anonymous_64)
FN:1057,(anonymous_65)
FN:1068,(anonymous_66)
FN:1082,(anonymous_67)
FN:1097,(anonymous_68)
FN:1103,(anonymous_69)
FN:1114,(anonymous_70)
FN:1115,(anonymous_71)
FN:1133,(anonymous_72)
FN:1139,(anonymous_73)
FN:1153,(anonymous_74)
FN:1153,(anonymous_75)
FN:1160,(anonymous_76)
FN:1160,(anonymous_77)
FN:1168,(anonymous_78)
FN:1182,(anonymous_79)
FN:1198,(anonymous_80)
FNF:81
FNH:0
FNDA:0,TravelDetails
FNDA:0,(anonymous_1)
FNDA:0,(anonymous_2)
FNDA:0,(anonymous_3)
FNDA:0,(anonymous_4)
FNDA:0,(anonymous_5)
FNDA:0,(anonymous_6)
FNDA:0,(anonymous_7)
FNDA:0,(anonymous_8)
FNDA:0,(anonymous_9)
FNDA:0,(anonymous_10)
FNDA:0,(anonymous_11)
FNDA:0,(anonymous_12)
FNDA:0,(anonymous_13)
FNDA:0,(anonymous_14)
FNDA:0,(anonymous_15)
FNDA:0,(anonymous_16)
FNDA:0,(anonymous_17)
FNDA:0,(anonymous_18)
FNDA:0,(anonymous_19)
FNDA:0,(anonymous_20)
FNDA:0,(anonymous_21)
FNDA:0,(anonymous_22)
FNDA:0,(anonymous_23)
FNDA:0,(anonymous_24)
FNDA:0,(anonymous_25)
FNDA:0,(anonymous_26)
FNDA:0,(anonymous_27)
FNDA:0,(anonymous_28)
FNDA:0,(anonymous_29)
FNDA:0,(anonymous_30)
FNDA:0,(anonymous_31)
FNDA:0,(anonymous_32)
FNDA:0,(anonymous_33)
FNDA:0,(anonymous_34)
FNDA:0,(anonymous_35)
FNDA:0,(anonymous_36)
FNDA:0,(anonymous_37)
FNDA:0,(anonymous_38)
FNDA:0,(anonymous_39)
FNDA:0,(anonymous_40)
FNDA:0,(anonymous_41)
FNDA:0,(anonymous_42)
FNDA:0,(anonymous_43)
FNDA:0,(anonymous_44)
FNDA:0,(anonymous_45)
FNDA:0,(anonymous_46)
FNDA:0,(anonymous_47)
FNDA:0,(anonymous_48)
FNDA:0,(anonymous_49)
FNDA:0,(anonymous_50)
FNDA:0,(anonymous_51)
FNDA:0,(anonymous_52)
FNDA:0,(anonymous_53)
FNDA:0,(anonymous_54)
FNDA:0,(anonymous_55)
FNDA:0,(anonymous_56)
FNDA:0,(anonymous_57)
FNDA:0,(anonymous_58)
FNDA:0,(anonymous_59)
FNDA:0,(anonymous_60)
FNDA:0,(anonymous_61)
FNDA:0,(anonymous_62)
FNDA:0,(anonymous_63)
FNDA:0,(anonymous_64)
FNDA:0,(anonymous_65)
FNDA:0,(anonymous_66)
FNDA:0,(anonymous_67)
FNDA:0,(anonymous_68)
FNDA:0,(anonymous_69)
FNDA:0,(anonymous_70)
FNDA:0,(anonymous_71)
FNDA:0,(anonymous_72)
FNDA:0,(anonymous_73)
FNDA:0,(anonymous_74)
FNDA:0,(anonymous_75)
FNDA:0,(anonymous_76)
FNDA:0,(anonymous_77)
FNDA:0,(anonymous_78)
FNDA:0,(anonymous_79)
FNDA:0,(anonymous_80)
DA:17,0
DA:18,0
DA:19,0
DA:20,0
DA:21,0
DA:22,0
DA:27,0
DA:32,0
DA:33,0
DA:34,0
DA:37,0
DA:39,0
DA:41,0
DA:42,0
DA:48,0
DA:57,0
DA:58,0
DA:61,0
DA:62,0
DA:63,0
DA:64,0
DA:69,0
DA:70,0
DA:74,0
DA:75,0
DA:78,0
DA:79,0
DA:80,0
DA:81,0
DA:82,0
DA:83,0
DA:85,0
DA:89,0
DA:90,0
DA:93,0
DA:95,0
DA:98,0
DA:99,0
DA:102,0
DA:103,0
DA:108,0
DA:109,0
DA:113,0
DA:116,0
DA:117,0
DA:118,0
DA:119,0
DA:124,0
DA:125,0
DA:126,0
DA:127,0
DA:130,0
DA:131,0
DA:134,0
DA:135,0
DA:138,0
DA:139,0
DA:141,0
DA:144,0
DA:145,0
DA:148,0
DA:151,0
DA:152,0
DA:155,0
DA:156,0
DA:157,0
DA:158,0
DA:161,0
DA:171,0
DA:176,0
DA:179,0
DA:186,0
DA:187,0
DA:188,0
DA:190,0
DA:191,0
DA:193,0
DA:196,0
DA:197,0
DA:201,0
DA:202,0
DA:203,0
DA:204,0
DA:207,0
DA:217,0
DA:225,0
DA:228,0
DA:235,0
DA:236,0
DA:237,0
DA:239,0
DA:240,0
DA:242,0
DA:245,0
DA:246,0
DA:250,0
DA:252,0
DA:254,0
DA:257,0
DA:258,0
DA:261,0
DA:263,0
DA:265,0
DA:266,0
DA:268,0
DA:271,0
DA:272,0
DA:276,0
DA:277,0
DA:279,0
DA:289,0
DA:291,0
DA:294,0
DA:297,0
DA:298,0
DA:299,0
DA:300,0
DA:301,0
DA:303,0
DA:306,0
DA:307,0
DA:315,0
DA:316,0
DA:318,0
DA:328,0
DA:332,0
DA:336,0
DA:339,0
DA:340,0
DA:341,0
DA:342,0
DA:343,0
DA:345,0
DA:348,0
DA:349,0
DA:357,0
DA:358,0
DA:360,0
DA:361,0
DA:362,0
DA:369,0
DA:370,0
DA:371,0
DA:378,0
DA:379,0
DA:380,0
DA:381,0
DA:385,0
DA:386,0
DA:397,0
DA:402,0
DA:405,0
DA:410,0
DA:413,0
DA:414,0
DA:415,0
DA:416,0
DA:417,0
DA:419,0
DA:422,0
DA:423,0
DA:427,0
DA:428,0
DA:429,0
DA:430,0
DA:434,0
DA:435,0
DA:446,0
DA:454,0
DA:457,0
DA:462,0
DA:465,0
DA:466,0
DA:467,0
DA:468,0
DA:469,0
DA:471,0
DA:474,0
DA:475,0
DA:479,0
DA:480,0
DA:490,0
DA:491,0
DA:498,0
DA:499,0
DA:501,0
DA:511,0
DA:512,0
DA:518,0
DA:523,0
DA:526,0
DA:527,0
DA:528,0
DA:529,0
DA:530,0
DA:532,0
DA:535,0
DA:536,0
DA:544,0
DA:545,0
DA:546,0
DA:547,0
DA:551,0
DA:553,0
DA:556,0
DA:557,0
DA:563,0
DA:568,0
DA:571,0
DA:576,0
DA:579,0
DA:580,0
DA:581,0
DA:582,0
DA:583,0
DA:585,0
DA:588,0
DA:589,0
DA:591,0
DA:595,0
DA:599,0
DA:600,0
DA:602,0
DA:604,0
DA:605,0
DA:610,0
DA:611,0
DA:612,0
DA:613,0
DA:614,0
DA:615,0
DA:616,0
DA:617,0
DA:621,0
DA:622,0
DA:630,0
DA:640,0
DA:649,0
DA:664,0
DA:678,0
DA:807,0
DA:821,0
DA:827,0
DA:844,0
DA:855,0
DA:967,0
DA:981,0
DA:995,0
DA:1009,0
DA:1015,0
DA:1028,0
DA:1035,0
DA:1044,0
DA:1045,0
DA:1046,0
DA:1058,0
DA:1059,0
DA:1069,0
DA:1070,0
DA:1083,0
DA:1097,0
DA:1103,0
DA:1114,0
DA:1116,0
DA:1133,0
DA:1139,0
DA:1153,0
DA:1160,0
DA:1169,0
DA:1170,0
DA:1171,0
DA:1183,0
DA:1184,0
DA:1199,0
DA:1200,0
DA:1226,0
LF:276
LH:0
BRDA:41,0,0,0
BRDA:41,0,1,0
BRDA:59,1,0,0
BRDA:59,1,1,0
BRDA:62,2,0,0
BRDA:62,2,1,0
BRDA:81,3,0,0
BRDA:81,3,1,0
BRDA:82,4,0,0
BRDA:82,4,1,0
BRDA:90,5,0,0
BRDA:90,5,1,0
BRDA:99,6,0,0
BRDA:99,6,1,0
BRDA:102,7,0,0
BRDA:102,7,1,0
BRDA:103,8,0,0
BRDA:103,8,1,0
BRDA:117,9,0,0
BRDA:117,9,1,0
BRDA:118,10,0,0
BRDA:118,10,1,0
BRDA:119,11,0,0
BRDA:119,11,1,0
BRDA:125,12,0,0
BRDA:125,12,1,0
BRDA:135,13,0,0
BRDA:135,13,1,0
BRDA:145,14,0,0
BRDA:145,14,1,0
BRDA:145,15,0,0
BRDA:145,15,1,0
BRDA:156,16,0,0
BRDA:156,16,1,0
BRDA:156,17,0,0
BRDA:156,17,1,0
BRDA:156,17,2,0
BRDA:163,18,0,0
BRDA:163,18,1,0
BRDA:164,19,0,0
BRDA:164,19,1,0
BRDA:188,20,0,0
BRDA:188,20,1,0
BRDA:202,21,0,0
BRDA:202,21,1,0
BRDA:202,22,0,0
BRDA:202,22,1,0
BRDA:202,22,2,0
BRDA:209,23,0,0
BRDA:209,23,1,0
BRDA:210,24,0,0
BRDA:210,24,1,0
BRDA:237,25,0,0
BRDA:237,25,1,0
BRDA:263,26,0,0
BRDA:263,26,1,0
BRDA:277,27,0,0
BRDA:277,27,1,0
BRDA:299,28,0,0
BRDA:299,28,1,0
BRDA:316,29,0,0
BRDA:316,29,1,0
BRDA:341,30,0,0
BRDA:341,30,1,0
BRDA:379,31,0,0
BRDA:379,31,1,0
BRDA:379,32,0,0
BRDA:379,32,1,0
BRDA:379,32,2,0
BRDA:379,32,3,0
BRDA:386,33,0,0
BRDA:386,33,1,0
BRDA:389,34,0,0
BRDA:389,34,1,0
BRDA:390,35,0,0
BRDA:390,35,1,0
BRDA:415,36,0,0
BRDA:415,36,1,0
BRDA:428,37,0,0
BRDA:428,37,1,0
BRDA:428,38,0,0
BRDA:428,38,1,0
BRDA:428,38,2,0
BRDA:428,38,3,0
BRDA:435,39,0,0
BRDA:435,39,1,0
BRDA:438,40,0,0
BRDA:438,40,1,0
BRDA:439,41,0,0
BRDA:439,41,1,0
BRDA:467,42,0,0
BRDA:467,42,1,0
BRDA:484,43,0,0
BRDA:484,43,1,0
BRDA:494,44,0,0
BRDA:494,44,1,0
BRDA:499,45,0,0
BRDA:499,45,1,0
BRDA:511,46,0,0
BRDA:511,46,1,0
BRDA:512,47,0,0
BRDA:512,47,1,0
BRDA:528,48,0,0
BRDA:528,48,1,0
BRDA:545,49,0,0
BRDA:545,49,1,0
BRDA:545,50,0,0
BRDA:545,50,1,0
BRDA:545,50,2,0
BRDA:551,51,0,0
BRDA:551,51,1,0
BRDA:556,52,0,0
BRDA:556,52,1,0
BRDA:557,53,0,0
BRDA:557,53,1,0
BRDA:581,54,0,0
BRDA:581,54,1,0
BRDA:611,55,0,0
BRDA:611,55,1,0
BRDA:621,56,0,0
BRDA:621,56,1,0
BRDA:632,57,0,0
BRDA:632,57,1,0
BRDA:635,58,0,0
BRDA:635,58,1,0
BRDA:636,59,0,0
BRDA:636,59,1,0
BRDA:662,60,0,0
BRDA:662,60,1,0
BRDA:668,61,0,0
BRDA:668,61,1,0
BRDA:676,62,0,0
BRDA:676,62,1,0
BRDA:682,63,0,0
BRDA:682,63,1,0
BRDA:694,64,0,0
BRDA:694,64,1,0
BRDA:695,65,0,0
BRDA:695,65,1,0
BRDA:696,66,0,0
BRDA:696,66,1,0
BRDA:697,67,0,0
BRDA:697,67,1,0
BRDA:709,68,0,0
BRDA:709,68,1,0
BRDA:802,69,0,0
BRDA:802,69,1,0
BRDA:876,70,0,0
BRDA:876,70,1,0
BRDA:878,71,0,0
BRDA:878,71,1,0
BRDA:892,72,0,0
BRDA:892,72,1,0
BRDA:894,73,0,0
BRDA:894,73,1,0
BRDA:905,74,0,0
BRDA:905,74,1,0
BRDA:914,75,0,0
BRDA:914,75,1,0
BRDA:920,76,0,0
BRDA:920,76,1,0
BRDA:930,77,0,0
BRDA:930,77,1,0
BRDA:938,78,0,0
BRDA:938,78,1,0
BRDA:944,79,0,0
BRDA:944,79,1,0
BRDA:956,80,0,0
BRDA:956,80,1,0
BRDA:965,81,0,0
BRDA:965,81,1,0
BRDA:971,82,0,0
BRDA:971,82,1,0
BRDA:979,83,0,0
BRDA:979,83,1,0
BRDA:985,84,0,0
BRDA:985,84,1,0
BRDA:992,85,0,0
BRDA:992,85,1,0
BRDA:1035,86,0,0
BRDA:1035,86,1,0
BRDA:1040,87,0,0
BRDA:1040,87,1,0
BRDA:1113,88,0,0
BRDA:1113,88,1,0
BRDA:1114,89,0,0
BRDA:1114,89,1,0
BRDA:1130,90,0,0
BRDA:1130,90,1,0
BRDA:1160,91,0,0
BRDA:1160,91,1,0
BRDA:1165,92,0,0
BRDA:1165,92,1,0
BRDA:1190,93,0,0
BRDA:1190,93,1,0
BRDA:1229,94,0,0
BRDA:1229,94,1,0
BRDA:1229,95,0,0
BRDA:1229,95,1,0
BRF:199
BRH:0
end_of_record
TN:
SF:app\utils\EventContext.tsx
FN:12,EventProvider
FN:16,(anonymous_1)
FN:20,(anonymous_2)
FN:30,(anonymous_3)
FN:42,(anonymous_4)
FN:71,useEvent
FNF:6
FNH:3
FNDA:6,EventProvider
FNDA:4,(anonymous_1)
FNDA:0,(anonymous_2)
FNDA:0,(anonymous_3)
FNDA:0,(anonymous_4)
FNDA:19,useEvent
DA:10,1
DA:14,6
DA:16,6
DA:17,4
DA:18,4
DA:19,4
DA:20,0
DA:21,0
DA:22,0
DA:24,0
DA:30,6
DA:31,0
DA:34,0
DA:35,0
DA:38,0
DA:39,0
DA:42,0
DA:43,0
DA:44,0
DA:45,0
DA:47,0
DA:48,0
DA:49,0
DA:50,0
DA:52,0
DA:59,6
DA:64,6
DA:72,19
DA:73,19
DA:74,0
DA:76,19
LF:31
LH:12
BRDA:19,0,0,0
BRDA:19,0,1,4
BRDA:35,1,0,0
BRDA:35,1,1,0
BRDA:47,2,0,0
BRDA:47,2,1,0
BRDA:49,3,0,0
BRDA:49,3,1,0
BRDA:73,4,0,0
BRDA:73,4,1,19
BRF:10
BRH:2
end_of_record
TN:
SF:app\utils\constants.ts
FNF:0
FNH:0
DA:1,0
LF:1
LH:0
BRF:0
BRH:0
end_of_record
TN:
SF:app\utils\storage.ts
FN:109,(anonymous_0)
FN:120,(anonymous_1)
FN:132,(anonymous_2)
FN:142,(anonymous_3)
FN:153,(anonymous_4)
FN:171,(anonymous_5)
FN:183,(anonymous_6)
FN:193,(anonymous_7)
FN:204,(anonymous_8)
FN:214,(anonymous_9)
FN:224,(anonymous_10)
FN:227,(anonymous_11)
FN:245,(anonymous_12)
FN:248,(anonymous_13)
FN:258,(anonymous_14)
FN:264,(anonymous_15)
FNF:16
FNH:0
FNDA:0,(anonymous_0)
FNDA:0,(anonymous_1)
FNDA:0,(anonymous_2)
FNDA:0,(anonymous_3)
FNDA:0,(anonymous_4)
FNDA:0,(anonymous_5)
FNDA:0,(anonymous_6)
FNDA:0,(anonymous_7)
FNDA:0,(anonymous_8)
FNDA:0,(anonymous_9)
FNDA:0,(anonymous_10)
FNDA:0,(anonymous_11)
FNDA:0,(anonymous_12)
FNDA:0,(anonymous_13)
FNDA:0,(anonymous_14)
FNDA:0,(anonymous_15)
DA:4,1
DA:107,1
DA:110,0
DA:111,0
DA:112,0
DA:113,0
DA:115,0
DA:116,0
DA:121,0
DA:122,0
DA:123,0
DA:124,0
DA:126,0
DA:127,0
DA:133,0
DA:134,0
DA:135,0
DA:137,0
DA:138,0
DA:143,0
DA:144,0
DA:145,0
DA:147,0
DA:148,0
DA:154,0
DA:155,0
DA:156,0
DA:158,0
DA:159,0
DA:160,0
DA:163,0
DA:164,0
DA:166,0
DA:167,0
DA:172,0
DA:173,0
DA:174,0
DA:175,0
DA:177,0
DA:178,0
DA:184,0
DA:185,0
DA:186,0
DA:188,0
DA:189,0
DA:194,0
DA:195,0
DA:196,0
DA:198,0
DA:199,0
DA:205,0
DA:206,0
DA:207,0
DA:209,0
DA:210,0
DA:215,0
DA:216,0
DA:217,0
DA:219,0
DA:220,0
DA:225,0
DA:226,0
DA:227,0
DA:229,0
DA:231,0
DA:234,0
DA:237,0
DA:238,0
DA:240,0
DA:241,0
DA:246,0
DA:247,0
DA:248,0
DA:249,0
DA:250,0
DA:252,0
DA:253,0
DA:259,0
DA:261,0
DA:264,0
DA:266,0
DA:267,0
DA:271,0
DA:272,0
DA:276,0
DA:277,0
DA:281,0
DA:285,0
DA:286,0
DA:289,0
DA:291,0
DA:292,0
LF:92
LH:2
BRDA:124,0,0,0
BRDA:124,0,1,0
BRDA:145,1,0,0
BRDA:145,1,1,0
BRDA:153,2,0,0
BRDA:158,3,0,0
BRDA:158,3,1,0
BRDA:175,4,0,0
BRDA:175,4,1,0
BRDA:196,5,0,0
BRDA:196,5,1,0
BRDA:217,6,0,0
BRDA:217,6,1,0
BRDA:229,7,0,0
BRDA:229,7,1,0
BRDA:266,8,0,0
BRDA:266,8,1,0
BRDA:271,9,0,0
BRDA:271,9,1,0
BRDA:276,10,0,0
BRDA:276,10,1,0
BRDA:285,11,0,0
BRDA:285,11,1,0
BRF:23
BRH:0
end_of_record
TN:
SF:hooks\useFrameworkReady.ts
FN:9,useFrameworkReady
FN:10,(anonymous_1)
FNF:2
FNH:0
FNDA:0,useFrameworkReady
FNDA:0,(anonymous_1)
DA:10,0
DA:11,0
LF:2
LH:0
BRF:0
BRH:0
end_of_record
