TN:
SF:expo-env.d.ts
FNF:0
FNH:0
LF:0
LH:0
BRF:0
BRH:0
end_of_record
TN:
SF:.expo\types\router.d.ts
FNF:0
FNH:0
LF:0
LH:0
BRF:0
BRH:0
end_of_record
TN:
SF:app\+not-found.tsx
FN:4,NotFoundScreen
FNF:1
FNH:0
FNDA:0,NotFoundScreen
DA:5,0
DA:18,0
LF:2
LH:0
BRF:0
BRH:0
end_of_record
TN:
SF:app\_layout.tsx
FN:9,ThemedStatusBar
FN:18,RootLayout
FNF:2
FNH:0
FNDA:0,ThemedStatusBar
FNDA:0,RootLayout
DA:10,0
DA:13,0
DA:15,0
DA:19,0
LF:4
LH:0
BRDA:13,0,0,0
BRDA:13,0,1,0
BRF:2
BRH:0
end_of_record
TN:
SF:app\(tabs)\_layout.tsx
FN:6,TabLayout
FN:31,(anonymous_1)
FN:38,(anonymous_2)
FN:45,(anonymous_3)
FN:52,(anonymous_4)
FN:59,(anonymous_5)
FNF:6
FNH:0
FNDA:0,TabLayout
FNDA:0,(anonymous_1)
FNDA:0,(anonymous_2)
FNDA:0,(anonymous_3)
FNDA:0,(anonymous_4)
FNDA:0,(anonymous_5)
DA:7,0
DA:9,0
DA:31,0
DA:38,0
DA:45,0
DA:52,0
DA:59,0
LF:7
LH:0
BRF:0
BRH:0
end_of_record
TN:
SF:app\(tabs)\expenses.tsx
FN:10,(anonymous_0)
FN:29,ExpensesScreen
FN:35,(anonymous_2)
FN:44,(anonymous_3)
FN:49,(anonymous_4)
FN:54,(anonymous_5)
FN:64,(anonymous_6)
FN:75,(anonymous_7)
FN:87,(anonymous_8)
FN:88,(anonymous_9)
FN:100,(anonymous_10)
FN:104,(anonymous_11)
FN:105,(anonymous_12)
FN:108,(anonymous_13)
FN:110,(anonymous_14)
FN:111,(anonymous_15)
FN:114,(anonymous_16)
FN:116,(anonymous_17)
FN:117,(anonymous_18)
FN:120,(anonymous_19)
FN:121,(anonymous_20)
FN:161,(anonymous_21)
FN:183,(anonymous_22)
FN:190,(anonymous_23)
FNF:24
FNH:18
FNDA:1,(anonymous_0)
FNDA:6,ExpensesScreen
FNDA:3,(anonymous_2)
FNDA:3,(anonymous_3)
FNDA:4,(anonymous_4)
FNDA:1,(anonymous_5)
FNDA:1,(anonymous_6)
FNDA:0,(anonymous_7)
FNDA:0,(anonymous_8)
FNDA:0,(anonymous_9)
FNDA:0,(anonymous_10)
FNDA:6,(anonymous_11)
FNDA:1,(anonymous_12)
FNDA:6,(anonymous_13)
FNDA:1,(anonymous_14)
FNDA:1,(anonymous_15)
FNDA:6,(anonymous_16)
FNDA:1,(anonymous_17)
FNDA:0,(anonymous_18)
FNDA:1,(anonymous_19)
FNDA:6,(anonymous_20)
FNDA:1,(anonymous_21)
FNDA:1,(anonymous_22)
FNDA:0,(anonymous_23)
DA:10,2
DA:11,1
DA:13,0
DA:15,0
DA:17,0
DA:19,0
DA:21,0
DA:23,1
DA:25,0
DA:30,6
DA:31,6
DA:32,6
DA:33,6
DA:35,6
DA:36,3
DA:37,3
DA:38,3
DA:40,0
DA:44,6
DA:45,3
DA:49,6
DA:50,4
DA:51,4
DA:54,6
DA:55,1
DA:64,6
DA:65,1
DA:75,6
DA:76,0
DA:88,0
DA:89,0
DA:90,0
DA:93,0
DA:100,6
DA:101,0
DA:104,6
DA:105,6
DA:108,6
DA:109,6
DA:110,1
DA:111,1
DA:114,6
DA:115,6
DA:116,1
DA:117,0
DA:120,6
DA:121,6
DA:124,6
DA:162,1
DA:163,1
DA:183,1
DA:190,0
DA:204,2
LF:53
LH:38
BRDA:11,0,0,0
BRDA:11,0,1,0
BRDA:11,0,2,0
BRDA:11,0,3,0
BRDA:11,0,4,0
BRDA:11,0,5,1
BRDA:11,0,6,0
BRDA:121,1,0,1
BRDA:121,1,1,1
BRDA:172,2,0,1
BRDA:172,2,1,0
BRF:11
BRH:4
end_of_record
TN:
SF:app\(tabs)\income.tsx
FN:14,IncomeScreen
FN:22,(anonymous_1)
FN:31,(anonymous_2)
FN:35,(anonymous_3)
FN:38,(anonymous_4)
FN:42,(anonymous_5)
FN:47,(anonymous_6)
FN:58,(anonymous_7)
FN:67,(anonymous_8)
FN:72,(anonymous_9)
FN:84,(anonymous_10)
FN:86,(anonymous_11)
FN:91,(anonymous_12)
FN:104,(anonymous_13)
FN:105,(anonymous_14)
FN:106,(anonymous_15)
FN:109,(anonymous_16)
FN:113,(anonymous_17)
FN:115,(anonymous_18)
FN:121,(anonymous_19)
FN:123,(anonymous_20)
FN:124,(anonymous_21)
FN:125,(anonymous_22)
FN:129,(anonymous_23)
FN:130,(anonymous_24)
FN:134,(anonymous_25)
FN:136,(anonymous_26)
FN:142,(anonymous_27)
FN:154,(anonymous_28)
FN:180,(anonymous_29)
FN:182,(anonymous_30)
FN:193,(anonymous_31)
FN:200,(anonymous_32)
FN:208,(anonymous_33)
FN:226,(anonymous_34)
FN:245,(anonymous_35)
FNF:36
FNH:29
FNDA:15,IncomeScreen
FNDA:6,(anonymous_1)
FNDA:6,(anonymous_2)
FNDA:6,(anonymous_3)
FNDA:1,(anonymous_4)
FNDA:0,(anonymous_5)
FNDA:0,(anonymous_6)
FNDA:0,(anonymous_7)
FNDA:1,(anonymous_8)
FNDA:1,(anonymous_9)
FNDA:0,(anonymous_10)
FNDA:0,(anonymous_11)
FNDA:0,(anonymous_12)
FNDA:15,(anonymous_13)
FNDA:7,(anonymous_14)
FNDA:7,(anonymous_15)
FNDA:7,(anonymous_16)
FNDA:2,(anonymous_17)
FNDA:1,(anonymous_18)
FNDA:15,(anonymous_19)
FNDA:7,(anonymous_20)
FNDA:7,(anonymous_21)
FNDA:7,(anonymous_22)
FNDA:7,(anonymous_23)
FNDA:7,(anonymous_24)
FNDA:2,(anonymous_25)
FNDA:1,(anonymous_26)
FNDA:30,(anonymous_27)
FNDA:1,(anonymous_28)
FNDA:7,(anonymous_29)
FNDA:2,(anonymous_30)
FNDA:1,(anonymous_31)
FNDA:1,(anonymous_32)
FNDA:7,(anonymous_33)
FNDA:1,(anonymous_34)
FNDA:0,(anonymous_35)
DA:15,15
DA:16,15
DA:17,15
DA:18,15
DA:19,15
DA:20,15
DA:22,15
DA:23,6
DA:24,6
DA:25,6
DA:27,0
DA:31,15
DA:32,6
DA:34,6
DA:35,6
DA:38,15
DA:39,1
DA:42,15
DA:43,0
DA:45,0
DA:47,0
DA:50,0
DA:52,0
DA:53,0
DA:54,0
DA:55,0
DA:58,0
DA:59,0
DA:62,0
DA:63,0
DA:67,15
DA:68,1
DA:69,1
DA:72,15
DA:73,1
DA:85,0
DA:86,0
DA:87,0
DA:88,0
DA:91,0
DA:92,0
DA:95,0
DA:96,0
DA:104,15
DA:105,15
DA:106,7
DA:109,15
DA:110,7
DA:111,7
DA:112,7
DA:113,2
DA:115,7
DA:118,15
DA:121,15
DA:122,15
DA:123,7
DA:125,7
DA:128,15
DA:129,7
DA:131,7
DA:132,7
DA:133,7
DA:134,2
DA:136,7
DA:139,15
DA:142,15
DA:143,30
DA:146,15
DA:155,1
DA:156,1
DA:181,7
DA:182,2
DA:185,7
DA:193,1
DA:200,1
DA:209,7
DA:227,1
DA:246,0
DA:247,0
DA:259,2
LF:80
LH:57
BRDA:19,0,0,0
BRDA:19,0,1,15
BRDA:45,1,0,0
BRDA:45,1,1,0
BRDA:47,2,0,0
BRDA:47,2,1,0
BRDA:113,3,0,2
BRDA:113,3,1,1
BRDA:115,4,0,7
BRDA:115,4,1,6
BRDA:134,5,0,2
BRDA:134,5,1,1
BRDA:136,6,0,7
BRDA:136,6,1,6
BRDA:182,7,0,2
BRDA:182,7,1,1
BRDA:212,8,0,7
BRDA:212,8,1,0
BRDA:213,9,0,7
BRDA:213,9,1,0
BRDA:214,10,0,7
BRDA:214,10,1,0
BRDA:223,11,0,7
BRDA:223,11,1,1
BRDA:223,11,2,1
BRDA:240,12,0,15
BRDA:240,12,1,2
BRF:27
BRH:19
end_of_record
TN:
SF:app\(tabs)\index.tsx
FN:10,HomeScreen
FN:33,(anonymous_1)
FN:52,(anonymous_2)
FN:54,(anonymous_3)
FN:61,(anonymous_4)
FN:65,(anonymous_5)
FN:74,(anonymous_6)
FN:75,(anonymous_7)
FN:79,(anonymous_8)
FN:80,(anonymous_9)
FN:117,(anonymous_10)
FN:122,(anonymous_11)
FN:124,(anonymous_12)
FN:126,(anonymous_13)
FN:137,(anonymous_14)
FN:143,(anonymous_15)
FN:147,(anonymous_16)
FNF:17
FNH:12
FNDA:10,HomeScreen
FNDA:2,(anonymous_1)
FNDA:2,(anonymous_2)
FNDA:2,(anonymous_3)
FNDA:1,(anonymous_4)
FNDA:0,(anonymous_5)
FNDA:1,(anonymous_6)
FNDA:1,(anonymous_7)
FNDA:1,(anonymous_8)
FNDA:0,(anonymous_9)
FNDA:2,(anonymous_10)
FNDA:2,(anonymous_11)
FNDA:0,(anonymous_12)
FNDA:0,(anonymous_13)
FNDA:2,(anonymous_14)
FNDA:0,(anonymous_15)
FNDA:10,(anonymous_16)
DA:11,10
DA:12,10
DA:20,10
DA:21,10
DA:22,10
DA:23,10
DA:24,10
DA:27,10
DA:28,10
DA:31,10
DA:33,10
DA:35,2
DA:36,2
DA:38,2
DA:39,2
DA:41,2
DA:44,2
DA:46,2
DA:49,2
DA:50,2
DA:52,2
DA:54,2
DA:55,2
DA:58,2
DA:59,2
DA:60,2
DA:61,1
DA:64,2
DA:65,0
DA:66,0
DA:70,2
DA:73,2
DA:74,1
DA:75,1
DA:78,2
DA:79,1
DA:80,0
DA:83,2
DA:86,2
DA:87,2
DA:88,2
DA:89,2
DA:92,2
DA:94,2
DA:95,2
DA:96,2
DA:97,2
DA:99,2
DA:108,2
DA:110,0
DA:112,2
DA:117,10
DA:118,2
DA:122,10
DA:124,2
DA:126,0
DA:127,0
DA:128,0
DA:133,2
DA:134,2
DA:137,2
DA:138,2
DA:139,2
DA:143,10
DA:144,0
DA:147,10
DA:148,10
DA:149,2
DA:152,10
DA:224,1
LF:70
LH:62
BRDA:35,0,0,0
BRDA:35,0,1,2
BRDA:61,1,0,1
BRDA:61,1,1,0
BRDA:64,2,0,0
BRDA:64,2,1,2
BRDA:127,3,0,0
BRDA:127,3,1,0
BRDA:148,4,0,8
BRDA:148,4,1,2
BRF:10
BRH:5
end_of_record
TN:
SF:app\(tabs)\settings.tsx
FN:8,SettingsScreen
FN:16,(anonymous_1)
FN:28,(anonymous_2)
FN:49,(anonymous_3)
FN:91,(anonymous_4)
FN:118,(anonymous_5)
FN:145,(anonymous_6)
FN:174,(anonymous_7)
FN:216,(anonymous_8)
FN:244,(anonymous_9)
FNF:10
FNH:0
FNDA:0,SettingsScreen
FNDA:0,(anonymous_1)
FNDA:0,(anonymous_2)
FNDA:0,(anonymous_3)
FNDA:0,(anonymous_4)
FNDA:0,(anonymous_5)
FNDA:0,(anonymous_6)
FNDA:0,(anonymous_7)
FNDA:0,(anonymous_8)
FNDA:0,(anonymous_9)
DA:9,0
DA:10,0
DA:11,0
DA:12,0
DA:13,0
DA:14,0
DA:16,0
DA:17,0
DA:29,0
DA:30,0
DA:31,0
DA:32,0
DA:33,0
DA:34,0
DA:35,0
DA:37,0
DA:38,0
DA:40,0
DA:49,0
DA:50,0
DA:51,0
DA:52,0
DA:55,0
DA:56,0
DA:57,0
DA:58,0
DA:60,0
DA:61,0
DA:62,0
DA:63,0
DA:64,0
DA:66,0
DA:71,0
DA:72,0
DA:74,0
DA:78,0
DA:91,0
DA:118,0
DA:145,0
DA:174,0
DA:216,0
DA:245,0
DA:246,0
DA:273,0
LF:44
LH:0
BRDA:50,0,0,0
BRDA:50,0,1,0
BRDA:58,1,0,0
BRDA:58,1,1,0
BRDA:67,2,0,0
BRDA:67,2,1,0
BRDA:89,3,0,0
BRDA:89,3,1,0
BRDA:96,4,0,0
BRDA:96,4,1,0
BRDA:102,5,0,0
BRDA:102,5,1,0
BRDA:116,6,0,0
BRDA:116,6,1,0
BRDA:123,7,0,0
BRDA:123,7,1,0
BRDA:129,8,0,0
BRDA:129,8,1,0
BRDA:143,9,0,0
BRDA:143,9,1,0
BRDA:150,10,0,0
BRDA:150,10,1,0
BRDA:156,11,0,0
BRDA:156,11,1,0
BRDA:188,12,0,0
BRDA:188,12,1,0
BRDA:262,13,0,0
BRDA:262,13,1,0
BRF:28
BRH:0
end_of_record
TN:
SF:app\(tabs)\travels.tsx
FN:9,TravelsScreen
FN:16,(anonymous_1)
FN:20,(anonymous_2)
FN:26,(anonymous_3)
FN:31,(anonymous_4)
FN:36,(anonymous_5)
FN:69,(anonymous_6)
FN:74,(anonymous_7)
FN:82,(anonymous_8)
FN:84,(anonymous_9)
FN:88,(anonymous_10)
FN:93,(anonymous_11)
FN:101,(anonymous_12)
FN:113,(anonymous_13)
FN:126,(anonymous_14)
FN:130,(anonymous_15)
FN:134,(anonymous_16)
FN:152,(anonymous_17)
FN:153,(anonymous_18)
FN:166,(anonymous_19)
FN:220,(anonymous_20)
FN:228,(anonymous_21)
FN:235,(anonymous_22)
FN:245,(anonymous_23)
FNF:24
FNH:0
FNDA:0,TravelsScreen
FNDA:0,(anonymous_1)
FNDA:0,(anonymous_2)
FNDA:0,(anonymous_3)
FNDA:0,(anonymous_4)
FNDA:0,(anonymous_5)
FNDA:0,(anonymous_6)
FNDA:0,(anonymous_7)
FNDA:0,(anonymous_8)
FNDA:0,(anonymous_9)
FNDA:0,(anonymous_10)
FNDA:0,(anonymous_11)
FNDA:0,(anonymous_12)
FNDA:0,(anonymous_13)
FNDA:0,(anonymous_14)
FNDA:0,(anonymous_15)
FNDA:0,(anonymous_16)
FNDA:0,(anonymous_17)
FNDA:0,(anonymous_18)
FNDA:0,(anonymous_19)
FNDA:0,(anonymous_20)
FNDA:0,(anonymous_21)
FNDA:0,(anonymous_22)
FNDA:0,(anonymous_23)
DA:10,0
DA:11,0
DA:12,0
DA:13,0
DA:14,0
DA:16,0
DA:17,0
DA:20,0
DA:21,0
DA:22,0
DA:26,0
DA:27,0
DA:31,0
DA:32,0
DA:33,0
DA:36,0
DA:38,0
DA:53,0
DA:54,0
DA:55,0
DA:56,0
DA:61,0
DA:64,0
DA:65,0
DA:69,0
DA:70,0
DA:71,0
DA:74,0
DA:75,0
DA:76,0
DA:77,0
DA:78,0
DA:79,0
DA:82,0
DA:84,0
DA:87,0
DA:88,0
DA:92,0
DA:93,0
DA:98,0
DA:101,0
DA:102,0
DA:114,0
DA:115,0
DA:116,0
DA:118,0
DA:126,0
DA:127,0
DA:130,0
DA:131,0
DA:134,0
DA:135,0
DA:138,0
DA:152,0
DA:154,0
DA:155,0
DA:156,0
DA:158,0
DA:166,0
DA:220,0
DA:228,0
DA:235,0
DA:246,0
DA:260,0
LF:64
LH:0
BRDA:55,0,0,0
BRDA:55,0,1,0
BRDA:87,1,0,0
BRDA:87,1,1,0
BRDA:88,2,0,0
BRDA:88,2,1,0
BRDA:115,3,0,0
BRDA:115,3,1,0
BRDA:127,4,0,0
BRDA:127,4,1,0
BRDA:162,5,0,0
BRDA:162,5,1,0
BRDA:175,6,0,0
BRDA:175,6,1,0
BRDA:176,7,0,0
BRDA:176,7,1,0
BRDA:178,8,0,0
BRDA:178,8,1,0
BRDA:180,9,0,0
BRDA:180,9,1,0
BRDA:183,10,0,0
BRDA:183,10,1,0
BRDA:189,11,0,0
BRDA:189,11,1,0
BRDA:210,12,0,0
BRDA:210,12,1,0
BRF:26
BRH:0
end_of_record
TN:
SF:app\components\DatePickerModal.tsx
FN:18,DatePickerModal
FN:31,(anonymous_1)
FN:47,(anonymous_2)
FN:52,(anonymous_3)
FN:100,(anonymous_4)
FNF:5
FNH:0
FNDA:0,DatePickerModal
FNDA:0,(anonymous_1)
FNDA:0,(anonymous_2)
FNDA:0,(anonymous_3)
FNDA:0,(anonymous_4)
DA:28,0
DA:29,0
DA:31,0
DA:32,0
DA:33,0
DA:34,0
DA:35,0
DA:36,0
DA:37,0
DA:38,0
DA:41,0
DA:42,0
DA:47,0
DA:48,0
DA:49,0
DA:52,0
DA:53,0
DA:54,0
DA:55,0
DA:56,0
DA:58,0
DA:63,0
DA:64,0
DA:66,0
DA:79,0
DA:100,0
DA:124,0
LF:27
LH:0
BRDA:23,0,0,0
BRDA:24,1,0,0
BRDA:32,2,0,0
BRDA:32,2,1,0
BRDA:33,3,0,0
BRDA:33,3,1,0
BRDA:33,4,0,0
BRDA:33,4,1,0
BRDA:37,5,0,0
BRDA:37,5,1,0
BRDA:41,6,0,0
BRDA:41,6,1,0
BRDA:53,7,0,0
BRDA:53,7,1,0
BRDA:55,8,0,0
BRDA:55,8,1,0
BRDA:63,9,0,0
BRDA:63,9,1,0
BRDA:64,10,0,0
BRDA:64,10,1,0
BRDA:100,11,0,0
BRDA:100,11,1,0
BRF:22
BRH:0
end_of_record
TN:
SF:app\components\ExpenseForm.tsx
FN:14,(anonymous_0)
FN:33,ExpenseForm
FN:34,(anonymous_2)
FN:47,(anonymous_3)
FN:54,(anonymous_4)
FN:64,(anonymous_5)
FN:82,(anonymous_6)
FN:97,(anonymous_7)
FN:104,(anonymous_8)
FN:132,(anonymous_9)
FN:143,(anonymous_10)
FN:158,(anonymous_11)
FN:171,(anonymous_12)
FNF:13
FNH:0
FNDA:0,(anonymous_0)
FNDA:0,ExpenseForm
FNDA:0,(anonymous_2)
FNDA:0,(anonymous_3)
FNDA:0,(anonymous_4)
FNDA:0,(anonymous_5)
FNDA:0,(anonymous_6)
FNDA:0,(anonymous_7)
FNDA:0,(anonymous_8)
FNDA:0,(anonymous_9)
FNDA:0,(anonymous_10)
FNDA:0,(anonymous_11)
FNDA:0,(anonymous_12)
DA:14,1
DA:15,0
DA:17,0
DA:19,0
DA:21,0
DA:23,0
DA:25,0
DA:27,0
DA:29,0
DA:34,0
DA:35,0
DA:36,0
DA:38,0
DA:47,0
DA:48,0
DA:51,0
DA:52,0
DA:54,0
DA:55,0
DA:56,0
DA:57,0
DA:58,0
DA:60,0
DA:64,0
DA:65,0
DA:66,0
DA:67,0
DA:70,0
DA:71,0
DA:72,0
DA:79,0
DA:82,0
DA:83,0
DA:84,0
DA:85,0
DA:86,0
DA:90,0
DA:98,0
DA:104,0
DA:132,0
DA:143,0
DA:158,0
DA:171,0
DA:212,1
LF:44
LH:2
BRDA:15,0,0,0
BRDA:15,0,1,0
BRDA:15,0,2,0
BRDA:15,0,3,0
BRDA:15,0,4,0
BRDA:15,0,5,0
BRDA:15,0,6,0
BRDA:35,1,0,0
BRDA:35,1,1,0
BRDA:48,2,0,0
BRDA:48,2,1,0
BRDA:55,3,0,0
BRDA:55,3,1,0
BRDA:55,4,0,0
BRDA:55,4,1,0
BRDA:57,5,0,0
BRDA:57,5,1,0
BRDA:65,6,0,0
BRDA:65,6,1,0
BRDA:71,7,0,0
BRDA:71,7,1,0
BRDA:71,8,0,0
BRDA:71,8,1,0
BRDA:83,9,0,0
BRDA:83,9,1,0
BRDA:85,10,0,0
BRDA:85,10,1,0
BRDA:92,11,0,0
BRDA:92,11,1,0
BRDA:102,12,0,0
BRDA:102,12,1,0
BRDA:110,13,0,0
BRDA:110,13,1,0
BRDA:116,14,0,0
BRDA:116,14,1,0
BRDA:143,15,0,0
BRDA:143,15,1,0
BRDA:155,16,0,0
BRDA:155,16,1,0
BRDA:162,17,0,0
BRDA:162,17,1,0
BRDA:168,18,0,0
BRDA:168,18,1,0
BRDA:175,19,0,0
BRDA:175,19,1,0
BRDA:181,20,0,0
BRDA:181,20,1,0
BRDA:192,21,0,0
BRDA:192,21,1,0
BRF:49
BRH:0
end_of_record
TN:
SF:app\components\ExpensesDropdown.tsx
FN:11,ExpensesDropdown
FN:18,(anonymous_1)
FNF:2
FNH:1
FNDA:7,ExpensesDropdown
FNDA:0,(anonymous_1)
DA:16,7
DA:18,7
DA:19,0
DA:23,7
DA:24,7
DA:25,7
DA:28,7
DA:29,7
DA:30,7
DA:32,7
DA:62,1
LF:11
LH:10
BRDA:39,0,0,0
BRDA:39,0,1,7
BRDA:46,1,0,7
BRDA:46,1,1,0
BRF:4
BRH:2
end_of_record
TN:
SF:app\components\FinancialForm.tsx
FN:10,FinancialForm
FN:20,(anonymous_1)
FN:35,(anonymous_2)
FN:45,(anonymous_3)
FN:55,(anonymous_4)
FN:65,(anonymous_5)
FN:75,(anonymous_6)
FN:85,(anonymous_7)
FNF:8
FNH:0
FNDA:0,FinancialForm
FNDA:0,(anonymous_1)
FNDA:0,(anonymous_2)
FNDA:0,(anonymous_3)
FNDA:0,(anonymous_4)
FNDA:0,(anonymous_5)
FNDA:0,(anonymous_6)
FNDA:0,(anonymous_7)
DA:11,0
DA:20,0
DA:21,0
DA:22,0
DA:25,0
DA:35,0
DA:45,0
DA:55,0
DA:65,0
DA:75,0
DA:85,0
DA:96,0
LF:12
LH:0
BRDA:35,0,0,0
BRDA:35,0,1,0
BRDA:45,1,0,0
BRDA:45,1,1,0
BRDA:55,2,0,0
BRDA:55,2,1,0
BRDA:65,3,0,0
BRDA:65,3,1,0
BRDA:75,4,0,0
BRDA:75,4,1,0
BRDA:85,5,0,0
BRDA:85,5,1,0
BRF:12
BRH:0
end_of_record
TN:
SF:app\components\IncomeDropdown.tsx
FN:11,IncomeDropdown
FN:18,(anonymous_1)
FN:22,(anonymous_2)
FNF:3
FNH:2
FNDA:7,IncomeDropdown
FNDA:0,(anonymous_1)
FNDA:7,(anonymous_2)
DA:16,7
DA:18,7
DA:19,0
DA:22,7
DA:23,7
DA:26,7
DA:59,1
LF:7
LH:6
BRDA:35,0,0,0
BRDA:35,0,1,7
BRDA:43,1,0,7
BRDA:43,1,1,0
BRF:4
BRH:2
end_of_record
TN:
SF:app\components\IncomeForm.tsx
FN:14,IncomeForm
FN:35,(anonymous_1)
FN:41,(anonymous_2)
FN:65,(anonymous_3)
FN:76,(anonymous_4)
FN:88,(anonymous_5)
FN:123,(anonymous_6)
FN:129,(anonymous_7)
FN:144,(anonymous_8)
FN:150,(anonymous_9)
FN:154,(anonymous_10)
FN:155,(anonymous_11)
FN:157,(anonymous_12)
FN:177,(anonymous_13)
FN:183,(anonymous_14)
FN:194,(anonymous_15)
FN:198,(anonymous_16)
FN:199,(anonymous_17)
FN:200,(anonymous_18)
FN:218,(anonymous_19)
FN:222,(anonymous_20)
FN:237,(anonymous_21)
FN:246,(anonymous_22)
FN:268,(anonymous_23)
FN:275,(anonymous_24)
FN:288,(anonymous_25)
FN:296,(anonymous_26)
FN:308,(anonymous_27)
FN:316,(anonymous_28)
FNF:29
FNH:10
FNDA:16,IncomeForm
FNDA:6,(anonymous_1)
FNDA:2,(anonymous_2)
FNDA:0,(anonymous_3)
FNDA:0,(anonymous_4)
FNDA:0,(anonymous_5)
FNDA:0,(anonymous_6)
FNDA:0,(anonymous_7)
FNDA:0,(anonymous_8)
FNDA:0,(anonymous_9)
FNDA:0,(anonymous_10)
FNDA:0,(anonymous_11)
FNDA:0,(anonymous_12)
FNDA:0,(anonymous_13)
FNDA:0,(anonymous_14)
FNDA:3,(anonymous_15)
FNDA:2,(anonymous_16)
FNDA:0,(anonymous_17)
FNDA:0,(anonymous_18)
FNDA:16,(anonymous_19)
FNDA:0,(anonymous_20)
FNDA:3,(anonymous_21)
FNDA:3,(anonymous_22)
FNDA:2,(anonymous_23)
FNDA:2,(anonymous_24)
FNDA:0,(anonymous_25)
FNDA:0,(anonymous_26)
FNDA:0,(anonymous_27)
FNDA:0,(anonymous_28)
DA:15,16
DA:21,16
DA:28,16
DA:33,16
DA:35,16
DA:36,6
DA:37,1
DA:41,16
DA:42,2
DA:44,2
DA:52,2
DA:57,2
DA:65,16
DA:66,0
DA:67,0
DA:68,0
DA:71,0
DA:72,0
DA:73,0
DA:75,0
DA:76,0
DA:80,0
DA:81,0
DA:86,0
DA:89,0
DA:93,0
DA:110,0
DA:113,0
DA:114,0
DA:119,0
DA:121,0
DA:123,0
DA:124,0
DA:127,0
DA:129,0
DA:130,0
DA:133,0
DA:134,0
DA:138,0
DA:144,16
DA:145,0
DA:146,0
DA:147,0
DA:149,0
DA:150,0
DA:153,0
DA:154,0
DA:155,0
DA:156,0
DA:157,0
DA:159,0
DA:164,0
DA:167,0
DA:168,0
DA:173,0
DA:175,0
DA:177,0
DA:178,0
DA:181,0
DA:183,0
DA:184,0
DA:187,0
DA:188,0
DA:194,16
DA:195,3
DA:198,2
DA:200,0
DA:203,2
DA:204,1
DA:205,1
DA:208,1
DA:215,1
DA:218,16
DA:219,16
DA:220,16
DA:221,16
DA:222,0
DA:226,16
DA:237,3
DA:247,3
DA:268,2
DA:275,2
DA:289,0
DA:296,0
DA:308,0
DA:316,0
DA:338,3
LF:87
LH:32
BRDA:36,0,0,1
BRDA:36,0,1,5
BRDA:42,1,0,0
BRDA:42,1,1,2
BRDA:42,2,0,2
BRDA:42,2,1,2
BRDA:47,3,0,2
BRDA:47,3,1,0
BRDA:49,4,0,2
BRDA:49,4,1,0
BRDA:54,5,0,2
BRDA:54,5,1,0
BRDA:66,6,0,0
BRDA:66,6,1,0
BRDA:66,7,0,0
BRDA:66,7,1,0
BRDA:73,8,0,0
BRDA:73,8,1,0
BRDA:76,9,0,0
BRDA:76,9,1,0
BRDA:80,10,0,0
BRDA:80,10,1,0
BRDA:89,11,0,0
BRDA:89,11,1,0
BRDA:89,12,0,0
BRDA:89,12,1,0
BRDA:113,13,0,0
BRDA:113,13,1,0
BRDA:124,14,0,0
BRDA:124,14,1,0
BRDA:147,15,0,0
BRDA:147,15,1,0
BRDA:150,16,0,0
BRDA:150,16,1,0
BRDA:153,17,0,0
BRDA:153,17,1,0
BRDA:156,18,0,0
BRDA:156,18,1,0
BRDA:156,19,0,0
BRDA:156,19,1,0
BRDA:167,20,0,0
BRDA:167,20,1,0
BRDA:178,21,0,0
BRDA:178,21,1,0
BRDA:195,22,0,1
BRDA:195,22,1,2
BRDA:195,23,0,3
BRDA:195,23,1,3
BRDA:198,24,0,2
BRDA:198,24,1,1
BRDA:203,25,0,1
BRDA:203,25,1,1
BRDA:209,26,0,1
BRDA:209,26,1,1
BRDA:221,27,0,16
BRDA:221,27,1,16
BRDA:222,28,0,0
BRDA:222,28,1,0
BRDA:229,29,0,2
BRDA:229,29,1,14
BRDA:250,30,0,3
BRDA:250,30,1,2
BRDA:251,31,0,3
BRDA:251,31,1,0
BRDA:252,32,0,3
BRDA:252,32,1,0
BRDA:274,33,0,16
BRDA:274,33,1,0
BRDA:275,34,0,2
BRDA:275,34,1,0
BRDA:316,35,0,0
BRDA:316,35,1,0
BRF:72
BRH:28
end_of_record
TN:
SF:app\components\InvestmentForm.tsx
FN:10,InvestmentForm
FN:23,(anonymous_1)
FN:51,(anonymous_2)
FN:62,(anonymous_3)
FN:72,(anonymous_4)
FN:88,(anonymous_5)
FN:104,(anonymous_6)
FNF:7
FNH:0
FNDA:0,InvestmentForm
FNDA:0,(anonymous_1)
FNDA:0,(anonymous_2)
FNDA:0,(anonymous_3)
FNDA:0,(anonymous_4)
FNDA:0,(anonymous_5)
FNDA:0,(anonymous_6)
DA:11,0
DA:23,0
DA:24,0
DA:26,0
DA:39,0
DA:42,0
DA:51,0
DA:62,0
DA:72,0
DA:88,0
DA:104,0
DA:120,0
LF:12
LH:0
BRDA:24,0,0,0
BRDA:24,0,1,0
BRDA:24,1,0,0
BRDA:24,1,1,0
BRDA:24,1,2,0
BRDA:29,2,0,0
BRDA:29,2,1,0
BRDA:30,3,0,0
BRDA:30,3,1,0
BRDA:62,4,0,0
BRDA:62,4,1,0
BRDA:75,5,0,0
BRDA:75,5,1,0
BRDA:76,6,0,0
BRDA:76,6,1,0
BRDA:91,7,0,0
BRDA:91,7,1,0
BRDA:92,8,0,0
BRDA:92,8,1,0
BRDA:104,9,0,0
BRDA:104,9,1,0
BRF:21
BRH:0
end_of_record
TN:
SF:app\components\MonthSelector.tsx
FN:12,MonthSelector
FN:24,(anonymous_1)
FN:30,(anonymous_2)
FNF:3
FNH:2
FNDA:28,MonthSelector
FNDA:1,(anonymous_1)
FNDA:0,(anonymous_2)
DA:17,28
DA:19,28
DA:24,28
DA:25,1
DA:26,1
DA:27,1
DA:30,28
DA:31,0
DA:32,0
DA:33,0
DA:36,28
DA:68,4
LF:12
LH:9
BRF:0
BRH:0
end_of_record
TN:
SF:app\components\TravelItinerary.tsx
FN:22,TravelItinerary
FN:43,(anonymous_1)
FN:54,(anonymous_2)
FN:75,(anonymous_3)
FN:81,(anonymous_4)
FN:87,(anonymous_5)
FN:97,(anonymous_6)
FN:106,(anonymous_7)
FN:135,(anonymous_8)
FN:172,(anonymous_9)
FN:184,(anonymous_10)
FN:187,(anonymous_11)
FN:191,(anonymous_12)
FN:206,(anonymous_13)
FN:212,(anonymous_14)
FN:224,(anonymous_15)
FN:247,(anonymous_16)
FN:268,(anonymous_17)
FN:285,(anonymous_18)
FN:294,(anonymous_19)
FN:304,(anonymous_20)
FN:314,(anonymous_21)
FN:329,(anonymous_22)
FN:350,(anonymous_23)
FN:357,(anonymous_24)
FN:360,(anonymous_25)
FN:367,(anonymous_26)
FN:370,(anonymous_27)
FN:384,(anonymous_28)
FN:393,(anonymous_29)
FN:408,(anonymous_30)
FN:424,(anonymous_31)
FN:449,(anonymous_32)
FN:456,(anonymous_33)
FN:509,(anonymous_34)
FN:524,(anonymous_35)
FN:543,(anonymous_36)
FN:543,(anonymous_37)
FN:552,(anonymous_38)
FN:561,(anonymous_39)
FN:561,(anonymous_40)
FN:580,(anonymous_41)
FN:603,(anonymous_42)
FN:627,(anonymous_43)
FN:627,(anonymous_44)
FN:638,(anonymous_45)
FN:638,(anonymous_46)
FN:650,(anonymous_47)
FN:650,(anonymous_48)
FNF:49
FNH:36
FNDA:19,TravelItinerary
FNDA:2,(anonymous_1)
FNDA:19,(anonymous_2)
FNDA:123,(anonymous_3)
FNDA:63,(anonymous_4)
FNDA:0,(anonymous_5)
FNDA:0,(anonymous_6)
FNDA:3,(anonymous_7)
FNDA:1,(anonymous_8)
FNDA:1,(anonymous_9)
FNDA:1,(anonymous_10)
FNDA:1,(anonymous_11)
FNDA:1,(anonymous_12)
FNDA:1,(anonymous_13)
FNDA:1,(anonymous_14)
FNDA:1,(anonymous_15)
FNDA:4,(anonymous_16)
FNDA:2,(anonymous_17)
FNDA:114,(anonymous_18)
FNDA:95,(anonymous_19)
FNDA:28,(anonymous_20)
FNDA:10,(anonymous_21)
FNDA:2,(anonymous_22)
FNDA:0,(anonymous_23)
FNDA:0,(anonymous_24)
FNDA:0,(anonymous_25)
FNDA:0,(anonymous_26)
FNDA:0,(anonymous_27)
FNDA:114,(anonymous_28)
FNDA:2,(anonymous_29)
FNDA:9,(anonymous_30)
FNDA:1,(anonymous_31)
FNDA:1,(anonymous_32)
FNDA:1,(anonymous_33)
FNDA:0,(anonymous_34)
FNDA:13,(anonymous_35)
FNDA:2,(anonymous_36)
FNDA:2,(anonymous_37)
FNDA:95,(anonymous_38)
FNDA:0,(anonymous_39)
FNDA:0,(anonymous_40)
FNDA:2,(anonymous_41)
FNDA:0,(anonymous_42)
FNDA:2,(anonymous_43)
FNDA:2,(anonymous_44)
FNDA:2,(anonymous_45)
FNDA:2,(anonymous_46)
FNDA:0,(anonymous_47)
FNDA:0,(anonymous_48)
DA:23,19
DA:24,19
DA:25,19
DA:26,19
DA:27,19
DA:39,19
DA:40,19
DA:43,19
DA:44,2
DA:45,2
DA:46,2
DA:47,2
DA:48,2
DA:50,0
DA:54,19
DA:55,19
DA:56,19
DA:57,19
DA:60,19
DA:61,19
DA:63,19
DA:64,19
DA:66,19
DA:67,114
DA:69,19
DA:72,19
DA:75,19
DA:76,123
DA:79,123
DA:81,123
DA:83,63
DA:86,63
DA:89,0
DA:90,0
DA:93,0
DA:97,19
DA:98,0
DA:99,0
DA:100,0
DA:103,0
DA:106,19
DA:107,3
DA:108,1
DA:109,1
DA:113,2
DA:114,2
DA:116,2
DA:117,2
DA:118,2
DA:121,2
DA:122,0
DA:123,0
DA:124,0
DA:125,0
DA:128,2
DA:129,2
DA:130,0
DA:133,2
DA:135,1
DA:136,1
DA:137,1
DA:150,1
DA:151,1
DA:165,2
DA:168,2
DA:169,2
DA:172,19
DA:173,1
DA:186,1
DA:187,1
DA:190,1
DA:191,1
DA:194,1
DA:199,1
DA:206,19
DA:207,1
DA:212,1
DA:213,1
DA:216,1
DA:221,1
DA:224,19
DA:226,1
DA:227,1
DA:230,1
DA:231,1
DA:233,1
DA:234,1
DA:244,1
DA:247,19
DA:249,4
DA:251,4
DA:253,4
DA:254,4
DA:256,4
DA:257,4
DA:259,0
DA:260,0
DA:263,0
DA:264,0
DA:268,19
DA:269,2
DA:279,2
DA:280,2
DA:281,2
DA:282,2
DA:285,19
DA:286,114
DA:291,114
DA:294,19
DA:295,95
DA:296,19
DA:297,19
DA:298,19
DA:299,19
DA:300,19
DA:304,19
DA:305,28
DA:306,28
DA:307,0
DA:308,0
DA:309,0
DA:310,0
DA:314,19
DA:316,10
DA:321,10
DA:322,10
DA:323,10
DA:325,10
DA:329,19
DA:330,2
DA:332,2
DA:334,0
DA:335,0
DA:338,2
DA:340,2
DA:341,0
DA:342,0
DA:345,2
DA:346,2
DA:350,19
DA:351,0
DA:352,0
DA:353,0
DA:357,19
DA:358,0
DA:359,0
DA:360,0
DA:367,19
DA:368,0
DA:369,0
DA:370,0
DA:377,19
DA:385,114
DA:395,2
DA:396,2
DA:397,2
DA:398,2
DA:399,2
DA:409,9
DA:424,1
DA:449,1
DA:456,1
DA:509,0
DA:525,13
DA:526,13
DA:531,13
DA:543,2
DA:553,95
DA:561,0
DA:580,2
DA:603,0
DA:627,2
DA:638,2
DA:650,0
DA:689,1
LF:175
LH:137
BRDA:44,0,0,2
BRDA:44,0,1,0
BRDA:76,1,0,0
BRDA:76,1,1,123
BRDA:98,2,0,0
BRDA:98,2,1,0
BRDA:98,3,0,0
BRDA:98,3,1,0
BRDA:98,3,2,0
BRDA:107,4,0,1
BRDA:107,4,1,2
BRDA:107,5,0,3
BRDA:107,5,1,2
BRDA:107,5,2,2
BRDA:118,6,0,2
BRDA:118,6,1,0
BRDA:118,7,0,2
BRDA:118,7,1,2
BRDA:121,8,0,0
BRDA:121,8,1,2
BRDA:125,9,0,0
BRDA:125,9,1,0
BRDA:125,10,0,0
BRDA:125,10,1,0
BRDA:129,11,0,0
BRDA:129,11,1,2
BRDA:133,12,0,1
BRDA:133,12,1,1
BRDA:136,13,0,1
BRDA:136,13,1,0
BRDA:140,14,0,1
BRDA:140,14,1,0
BRDA:142,15,0,0
BRDA:142,15,1,1
BRDA:143,16,0,1
BRDA:143,16,1,0
BRDA:145,17,0,1
BRDA:145,17,1,0
BRDA:154,18,0,1
BRDA:154,18,1,0
BRDA:156,19,0,0
BRDA:156,19,1,1
BRDA:157,20,0,1
BRDA:157,20,1,0
BRDA:159,21,0,1
BRDA:159,21,1,0
BRDA:186,22,0,1
BRDA:186,22,1,0
BRDA:190,23,0,1
BRDA:190,23,1,0
BRDA:212,24,0,1
BRDA:212,24,1,0
BRDA:213,25,0,1
BRDA:213,25,1,0
BRDA:227,26,0,0
BRDA:227,26,1,1
BRDA:237,27,0,1
BRDA:237,27,1,0
BRDA:239,28,0,1
BRDA:239,28,1,0
BRDA:254,29,0,4
BRDA:254,29,1,0
BRDA:295,30,0,19
BRDA:295,30,1,19
BRDA:295,30,2,19
BRDA:295,30,3,19
BRDA:295,30,4,19
BRDA:305,31,0,28
BRDA:305,31,1,0
BRDA:305,31,2,0
BRDA:305,31,3,0
BRDA:305,31,4,0
BRDA:332,32,0,0
BRDA:332,32,1,2
BRDA:340,33,0,0
BRDA:340,33,1,2
BRDA:340,34,0,2
BRDA:340,34,1,2
BRDA:359,35,0,0
BRDA:359,35,1,0
BRDA:369,36,0,0
BRDA:369,36,1,0
BRDA:407,37,0,9
BRDA:407,37,1,105
BRDA:416,38,0,0
BRDA:416,38,1,9
BRDA:419,39,0,0
BRDA:419,39,1,9
BRDA:428,40,0,9
BRDA:428,40,1,0
BRDA:430,41,0,9
BRDA:430,41,1,0
BRDA:440,42,0,0
BRDA:440,42,1,9
BRDA:468,43,0,9
BRDA:468,43,1,0
BRDA:479,44,0,9
BRDA:479,44,1,9
BRDA:479,44,2,9
BRDA:485,45,0,9
BRDA:485,45,1,0
BRDA:514,46,0,4
BRDA:514,46,1,15
BRDA:524,47,0,13
BRDA:524,47,1,6
BRDA:557,48,0,95
BRDA:557,48,1,19
BRDA:565,49,0,95
BRDA:565,49,1,19
BRDA:583,50,0,19
BRDA:583,50,1,0
BRDA:587,51,0,19
BRDA:587,51,1,2
BRDA:606,52,0,19
BRDA:606,52,1,19
BRDA:610,53,0,19
BRDA:610,53,1,0
BRDA:638,54,0,2
BRDA:638,54,1,0
BRDA:678,55,0,4
BRDA:678,55,1,15
BRF:121
BRH:70
end_of_record
TN:
SF:app\expenses\_layout.tsx
FN:3,ExpensesLayout
FN:8,(anonymous_1)
FNF:2
FNH:0
FNDA:0,ExpensesLayout
FNDA:0,(anonymous_1)
DA:4,0
DA:9,0
DA:10,0
LF:3
LH:0
BRDA:11,0,0,0
BRDA:11,0,1,0
BRF:2
BRH:0
end_of_record
TN:
SF:app\expenses\add.tsx
FN:8,AddExpenseScreen
FN:21,(anonymous_1)
FN:23,(anonymous_2)
FN:27,(anonymous_3)
FN:42,(anonymous_4)
FN:71,(anonymous_5)
FN:97,(anonymous_6)
FN:129,(anonymous_7)
FN:140,(anonymous_8)
FNF:9
FNH:0
FNDA:0,AddExpenseScreen
FNDA:0,(anonymous_1)
FNDA:0,(anonymous_2)
FNDA:0,(anonymous_3)
FNDA:0,(anonymous_4)
FNDA:0,(anonymous_5)
FNDA:0,(anonymous_6)
FNDA:0,(anonymous_7)
FNDA:0,(anonymous_8)
DA:9,0
DA:10,0
DA:11,0
DA:12,0
DA:13,0
DA:14,0
DA:17,0
DA:21,0
DA:23,0
DA:24,0
DA:25,0
DA:26,0
DA:27,0
DA:28,0
DA:29,0
DA:31,0
DA:33,0
DA:34,0
DA:39,0
DA:42,0
DA:43,0
DA:45,0
DA:47,0
DA:49,0
DA:51,0
DA:52,0
DA:55,0
DA:56,0
DA:59,0
DA:63,0
DA:65,0
DA:66,0
DA:67,0
DA:69,0
DA:70,0
DA:71,0
DA:73,0
DA:78,0
DA:79,0
DA:80,0
DA:82,0
DA:92,0
DA:97,0
DA:100,0
DA:102,0
DA:103,0
DA:106,0
DA:107,0
DA:108,0
DA:110,0
DA:120,0
DA:123,0
DA:126,0
DA:129,0
DA:130,0
DA:134,0
DA:136,0
DA:140,0
DA:141,0
DA:144,0
DA:155,1
LF:61
LH:1
BRDA:17,0,0,0
BRDA:17,0,1,0
BRDA:17,1,0,0
BRDA:17,1,1,0
BRDA:24,2,0,0
BRDA:24,2,1,0
BRDA:24,3,0,0
BRDA:24,3,1,0
BRDA:28,4,0,0
BRDA:28,4,1,0
BRDA:47,5,0,0
BRDA:47,5,1,0
BRDA:49,6,0,0
BRDA:49,6,1,0
BRDA:49,7,0,0
BRDA:49,7,1,0
BRDA:55,8,0,0
BRDA:55,8,1,0
BRDA:63,9,0,0
BRDA:63,9,1,0
BRDA:97,10,0,0
BRDA:97,10,1,0
BRDA:100,11,0,0
BRDA:100,11,1,0
BRDA:100,12,0,0
BRDA:100,12,1,0
BRF:26
BRH:0
end_of_record
TN:
SF:app\theme\ThemeContext.tsx
FN:17,(anonymous_0)
FN:20,(anonymous_1)
FN:22,ThemeProvider
FN:26,(anonymous_3)
FN:30,(anonymous_4)
FN:41,(anonymous_5)
FN:50,(anonymous_6)
FNF:7
FNH:5
FNDA:0,(anonymous_0)
FNDA:28,(anonymous_1)
FNDA:11,ThemeProvider
FNDA:11,(anonymous_3)
FNDA:11,(anonymous_4)
FNDA:0,(anonymous_5)
FNDA:11,(anonymous_6)
DA:14,7
DA:20,28
DA:23,11
DA:24,11
DA:26,11
DA:27,11
DA:30,11
DA:31,11
DA:32,11
DA:33,11
DA:34,0
DA:37,0
DA:41,11
DA:42,0
DA:43,0
DA:44,0
DA:46,0
DA:50,11
DA:51,11
DA:52,11
DA:54,0
DA:57,11
LF:22
LH:15
BRDA:33,0,0,0
BRDA:33,0,1,11
BRDA:51,1,0,11
BRDA:51,1,1,0
BRDA:52,2,0,0
BRDA:52,2,1,11
BRDA:54,3,0,0
BRDA:54,3,1,0
BRF:8
BRH:3
end_of_record
TN:
SF:app\theme\colors.ts
FNF:0
FNH:0
DA:1,7
DA:33,7
LF:2
LH:2
BRF:0
BRH:0
end_of_record
TN:
SF:app\travel\[id].tsx
FN:10,TravelForm
FN:34,(anonymous_1)
FN:40,(anonymous_2)
FN:42,(anonymous_3)
FN:48,(anonymous_4)
FN:80,(anonymous_5)
FN:95,(anonymous_6)
FN:114,(anonymous_7)
FN:114,(anonymous_8)
FN:122,(anonymous_9)
FN:132,(anonymous_10)
FN:132,(anonymous_11)
FN:133,(anonymous_12)
FN:139,(anonymous_13)
FN:149,(anonymous_14)
FN:149,(anonymous_15)
FN:150,(anonymous_16)
FN:157,(anonymous_17)
FN:159,(anonymous_18)
FNF:19
FNH:0
FNDA:0,TravelForm
FNDA:0,(anonymous_1)
FNDA:0,(anonymous_2)
FNDA:0,(anonymous_3)
FNDA:0,(anonymous_4)
FNDA:0,(anonymous_5)
FNDA:0,(anonymous_6)
FNDA:0,(anonymous_7)
FNDA:0,(anonymous_8)
FNDA:0,(anonymous_9)
FNDA:0,(anonymous_10)
FNDA:0,(anonymous_11)
FNDA:0,(anonymous_12)
FNDA:0,(anonymous_13)
FNDA:0,(anonymous_14)
FNDA:0,(anonymous_15)
FNDA:0,(anonymous_16)
FNDA:0,(anonymous_17)
FNDA:0,(anonymous_18)
DA:11,0
DA:12,0
DA:13,0
DA:14,0
DA:15,0
DA:17,0
DA:31,0
DA:32,0
DA:34,0
DA:35,0
DA:36,0
DA:40,0
DA:41,0
DA:42,0
DA:43,0
DA:44,0
DA:48,0
DA:49,0
DA:50,0
DA:51,0
DA:54,0
DA:56,0
DA:57,0
DA:60,0
DA:61,0
DA:64,0
DA:65,0
DA:71,0
DA:72,0
DA:73,0
DA:75,0
DA:76,0
DA:80,0
DA:86,0
DA:87,0
DA:90,0
DA:96,0
DA:97,0
DA:99,0
DA:100,0
DA:107,0
DA:114,0
DA:122,0
DA:132,0
DA:133,0
DA:139,0
DA:149,0
DA:150,0
DA:158,0
DA:159,0
DA:180,0
LF:51
LH:0
BRDA:18,0,0,0
BRDA:18,0,1,0
BRDA:35,1,0,0
BRDA:35,1,1,0
BRDA:43,2,0,0
BRDA:43,2,1,0
BRDA:49,3,0,0
BRDA:49,3,1,0
BRDA:49,4,0,0
BRDA:49,4,1,0
BRDA:49,4,2,0
BRDA:49,4,3,0
BRDA:56,5,0,0
BRDA:56,5,1,0
BRDA:60,6,0,0
BRDA:60,6,1,0
BRDA:64,7,0,0
BRDA:64,7,1,0
BRDA:86,8,0,0
BRDA:86,8,1,0
BRDA:87,9,0,0
BRDA:87,9,1,0
BRDA:94,10,0,0
BRDA:94,10,1,0
BRDA:96,11,0,0
BRDA:96,11,1,0
BRDA:99,12,0,0
BRDA:99,12,1,0
BRDA:99,13,0,0
BRDA:99,13,1,0
BRDA:158,14,0,0
BRDA:158,14,1,0
BRF:32
BRH:0
end_of_record
TN:
SF:app\travel\_layout.tsx
FN:5,TravelLayout
FNF:1
FNH:0
FNDA:0,TravelLayout
DA:6,0
DA:8,0
LF:2
LH:0
BRF:0
BRH:0
end_of_record
TN:
SF:app\travel\details\[id].tsx
FN:16,TravelDetails
FN:39,(anonymous_1)
FN:57,(anonymous_2)
FN:60,(anonymous_3)
FN:69,(anonymous_4)
FN:74,(anonymous_5)
FN:78,(anonymous_6)
FN:80,(anonymous_7)
FN:89,(anonymous_8)
FN:98,(anonymous_9)
FN:103,(anonymous_10)
FN:109,(anonymous_11)
FN:116,(anonymous_12)
FN:119,(anonymous_13)
FN:124,(anonymous_14)
FN:127,(anonymous_15)
FN:134,(anonymous_16)
FN:139,(anonymous_17)
FN:144,(anonymous_18)
FN:148,(anonymous_19)
FN:155,(anonymous_20)
FN:201,(anonymous_21)
FN:250,(anonymous_22)
FN:276,(anonymous_23)
FN:287,(anonymous_24)
FN:291,(anonymous_25)
FN:315,(anonymous_26)
FN:326,(anonymous_27)
FN:332,(anonymous_28)
FN:360,(anonymous_29)
FN:369,(anonymous_30)
FN:378,(anonymous_31)
FN:385,(anonymous_32)
FN:427,(anonymous_33)
FN:434,(anonymous_34)
FN:479,(anonymous_35)
FN:498,(anonymous_36)
FN:509,(anonymous_37)
FN:511,(anonymous_38)
FN:544,(anonymous_39)
FN:556,(anonymous_40)
FN:599,(anonymous_41)
FN:604,(anonymous_42)
FN:605,(anonymous_43)
FN:610,(anonymous_44)
FN:615,(anonymous_45)
FN:640,(anonymous_46)
FN:649,(anonymous_47)
FN:664,(anonymous_48)
FN:678,(anonymous_49)
FN:806,(anonymous_50)
FN:821,(anonymous_51)
FN:827,(anonymous_52)
FN:844,(anonymous_53)
FN:855,(anonymous_54)
FN:967,(anonymous_55)
FN:981,(anonymous_56)
FN:994,(anonymous_57)
FN:1009,(anonymous_58)
FN:1015,(anonymous_59)
FN:1028,(anonymous_60)
FN:1028,(anonymous_61)
FN:1035,(anonymous_62)
FN:1040,(anonymous_63)
FN:1049,(anonymous_64)
FN:1063,(anonymous_65)
FN:1074,(anonymous_66)
FN:1088,(anonymous_67)
FN:1103,(anonymous_68)
FN:1109,(anonymous_69)
FN:1120,(anonymous_70)
FN:1121,(anonymous_71)
FN:1139,(anonymous_72)
FN:1145,(anonymous_73)
FN:1159,(anonymous_74)
FN:1159,(anonymous_75)
FN:1166,(anonymous_76)
FN:1171,(anonymous_77)
FN:1180,(anonymous_78)
FN:1194,(anonymous_79)
FN:1210,(anonymous_80)
FNF:81
FNH:0
FNDA:0,TravelDetails
FNDA:0,(anonymous_1)
FNDA:0,(anonymous_2)
FNDA:0,(anonymous_3)
FNDA:0,(anonymous_4)
FNDA:0,(anonymous_5)
FNDA:0,(anonymous_6)
FNDA:0,(anonymous_7)
FNDA:0,(anonymous_8)
FNDA:0,(anonymous_9)
FNDA:0,(anonymous_10)
FNDA:0,(anonymous_11)
FNDA:0,(anonymous_12)
FNDA:0,(anonymous_13)
FNDA:0,(anonymous_14)
FNDA:0,(anonymous_15)
FNDA:0,(anonymous_16)
FNDA:0,(anonymous_17)
FNDA:0,(anonymous_18)
FNDA:0,(anonymous_19)
FNDA:0,(anonymous_20)
FNDA:0,(anonymous_21)
FNDA:0,(anonymous_22)
FNDA:0,(anonymous_23)
FNDA:0,(anonymous_24)
FNDA:0,(anonymous_25)
FNDA:0,(anonymous_26)
FNDA:0,(anonymous_27)
FNDA:0,(anonymous_28)
FNDA:0,(anonymous_29)
FNDA:0,(anonymous_30)
FNDA:0,(anonymous_31)
FNDA:0,(anonymous_32)
FNDA:0,(anonymous_33)
FNDA:0,(anonymous_34)
FNDA:0,(anonymous_35)
FNDA:0,(anonymous_36)
FNDA:0,(anonymous_37)
FNDA:0,(anonymous_38)
FNDA:0,(anonymous_39)
FNDA:0,(anonymous_40)
FNDA:0,(anonymous_41)
FNDA:0,(anonymous_42)
FNDA:0,(anonymous_43)
FNDA:0,(anonymous_44)
FNDA:0,(anonymous_45)
FNDA:0,(anonymous_46)
FNDA:0,(anonymous_47)
FNDA:0,(anonymous_48)
FNDA:0,(anonymous_49)
FNDA:0,(anonymous_50)
FNDA:0,(anonymous_51)
FNDA:0,(anonymous_52)
FNDA:0,(anonymous_53)
FNDA:0,(anonymous_54)
FNDA:0,(anonymous_55)
FNDA:0,(anonymous_56)
FNDA:0,(anonymous_57)
FNDA:0,(anonymous_58)
FNDA:0,(anonymous_59)
FNDA:0,(anonymous_60)
FNDA:0,(anonymous_61)
FNDA:0,(anonymous_62)
FNDA:0,(anonymous_63)
FNDA:0,(anonymous_64)
FNDA:0,(anonymous_65)
FNDA:0,(anonymous_66)
FNDA:0,(anonymous_67)
FNDA:0,(anonymous_68)
FNDA:0,(anonymous_69)
FNDA:0,(anonymous_70)
FNDA:0,(anonymous_71)
FNDA:0,(anonymous_72)
FNDA:0,(anonymous_73)
FNDA:0,(anonymous_74)
FNDA:0,(anonymous_75)
FNDA:0,(anonymous_76)
FNDA:0,(anonymous_77)
FNDA:0,(anonymous_78)
FNDA:0,(anonymous_79)
FNDA:0,(anonymous_80)
DA:17,0
DA:18,0
DA:19,0
DA:20,0
DA:21,0
DA:22,0
DA:27,0
DA:32,0
DA:33,0
DA:34,0
DA:37,0
DA:39,0
DA:41,0
DA:42,0
DA:48,0
DA:57,0
DA:58,0
DA:61,0
DA:62,0
DA:63,0
DA:64,0
DA:69,0
DA:70,0
DA:74,0
DA:75,0
DA:78,0
DA:79,0
DA:80,0
DA:81,0
DA:82,0
DA:83,0
DA:85,0
DA:89,0
DA:90,0
DA:93,0
DA:95,0
DA:98,0
DA:99,0
DA:102,0
DA:103,0
DA:108,0
DA:109,0
DA:113,0
DA:116,0
DA:117,0
DA:118,0
DA:119,0
DA:124,0
DA:125,0
DA:126,0
DA:127,0
DA:130,0
DA:131,0
DA:134,0
DA:135,0
DA:138,0
DA:139,0
DA:141,0
DA:144,0
DA:145,0
DA:148,0
DA:151,0
DA:152,0
DA:155,0
DA:156,0
DA:157,0
DA:158,0
DA:161,0
DA:171,0
DA:176,0
DA:179,0
DA:186,0
DA:187,0
DA:188,0
DA:190,0
DA:191,0
DA:193,0
DA:196,0
DA:197,0
DA:201,0
DA:202,0
DA:203,0
DA:204,0
DA:207,0
DA:217,0
DA:225,0
DA:228,0
DA:235,0
DA:236,0
DA:237,0
DA:239,0
DA:240,0
DA:242,0
DA:245,0
DA:246,0
DA:250,0
DA:252,0
DA:254,0
DA:257,0
DA:258,0
DA:261,0
DA:263,0
DA:265,0
DA:266,0
DA:268,0
DA:271,0
DA:272,0
DA:276,0
DA:277,0
DA:279,0
DA:289,0
DA:291,0
DA:294,0
DA:297,0
DA:298,0
DA:299,0
DA:300,0
DA:301,0
DA:303,0
DA:306,0
DA:307,0
DA:315,0
DA:316,0
DA:318,0
DA:328,0
DA:332,0
DA:336,0
DA:339,0
DA:340,0
DA:341,0
DA:342,0
DA:343,0
DA:345,0
DA:348,0
DA:349,0
DA:357,0
DA:358,0
DA:360,0
DA:361,0
DA:362,0
DA:369,0
DA:370,0
DA:371,0
DA:378,0
DA:379,0
DA:380,0
DA:381,0
DA:385,0
DA:386,0
DA:397,0
DA:402,0
DA:405,0
DA:410,0
DA:413,0
DA:414,0
DA:415,0
DA:416,0
DA:417,0
DA:419,0
DA:422,0
DA:423,0
DA:427,0
DA:428,0
DA:429,0
DA:430,0
DA:434,0
DA:435,0
DA:446,0
DA:454,0
DA:457,0
DA:462,0
DA:465,0
DA:466,0
DA:467,0
DA:468,0
DA:469,0
DA:471,0
DA:474,0
DA:475,0
DA:479,0
DA:480,0
DA:490,0
DA:491,0
DA:498,0
DA:499,0
DA:501,0
DA:511,0
DA:512,0
DA:518,0
DA:523,0
DA:526,0
DA:527,0
DA:528,0
DA:529,0
DA:530,0
DA:532,0
DA:535,0
DA:536,0
DA:544,0
DA:545,0
DA:546,0
DA:547,0
DA:551,0
DA:553,0
DA:556,0
DA:557,0
DA:563,0
DA:568,0
DA:571,0
DA:576,0
DA:579,0
DA:580,0
DA:581,0
DA:582,0
DA:583,0
DA:585,0
DA:588,0
DA:589,0
DA:591,0
DA:595,0
DA:599,0
DA:600,0
DA:602,0
DA:604,0
DA:605,0
DA:610,0
DA:611,0
DA:612,0
DA:613,0
DA:614,0
DA:615,0
DA:616,0
DA:617,0
DA:621,0
DA:622,0
DA:630,0
DA:640,0
DA:649,0
DA:664,0
DA:678,0
DA:807,0
DA:821,0
DA:827,0
DA:844,0
DA:855,0
DA:967,0
DA:981,0
DA:995,0
DA:1009,0
DA:1015,0
DA:1028,0
DA:1037,0
DA:1039,0
DA:1040,0
DA:1050,0
DA:1051,0
DA:1052,0
DA:1064,0
DA:1065,0
DA:1075,0
DA:1076,0
DA:1089,0
DA:1103,0
DA:1109,0
DA:1120,0
DA:1122,0
DA:1139,0
DA:1145,0
DA:1159,0
DA:1168,0
DA:1170,0
DA:1171,0
DA:1181,0
DA:1182,0
DA:1183,0
DA:1195,0
DA:1196,0
DA:1211,0
DA:1212,0
DA:1238,0
LF:280
LH:0
BRDA:41,0,0,0
BRDA:41,0,1,0
BRDA:59,1,0,0
BRDA:59,1,1,0
BRDA:62,2,0,0
BRDA:62,2,1,0
BRDA:81,3,0,0
BRDA:81,3,1,0
BRDA:82,4,0,0
BRDA:82,4,1,0
BRDA:90,5,0,0
BRDA:90,5,1,0
BRDA:99,6,0,0
BRDA:99,6,1,0
BRDA:102,7,0,0
BRDA:102,7,1,0
BRDA:103,8,0,0
BRDA:103,8,1,0
BRDA:117,9,0,0
BRDA:117,9,1,0
BRDA:118,10,0,0
BRDA:118,10,1,0
BRDA:119,11,0,0
BRDA:119,11,1,0
BRDA:125,12,0,0
BRDA:125,12,1,0
BRDA:135,13,0,0
BRDA:135,13,1,0
BRDA:145,14,0,0
BRDA:145,14,1,0
BRDA:145,15,0,0
BRDA:145,15,1,0
BRDA:156,16,0,0
BRDA:156,16,1,0
BRDA:156,17,0,0
BRDA:156,17,1,0
BRDA:156,17,2,0
BRDA:163,18,0,0
BRDA:163,18,1,0
BRDA:164,19,0,0
BRDA:164,19,1,0
BRDA:188,20,0,0
BRDA:188,20,1,0
BRDA:202,21,0,0
BRDA:202,21,1,0
BRDA:202,22,0,0
BRDA:202,22,1,0
BRDA:202,22,2,0
BRDA:209,23,0,0
BRDA:209,23,1,0
BRDA:210,24,0,0
BRDA:210,24,1,0
BRDA:237,25,0,0
BRDA:237,25,1,0
BRDA:263,26,0,0
BRDA:263,26,1,0
BRDA:277,27,0,0
BRDA:277,27,1,0
BRDA:299,28,0,0
BRDA:299,28,1,0
BRDA:316,29,0,0
BRDA:316,29,1,0
BRDA:341,30,0,0
BRDA:341,30,1,0
BRDA:379,31,0,0
BRDA:379,31,1,0
BRDA:379,32,0,0
BRDA:379,32,1,0
BRDA:379,32,2,0
BRDA:379,32,3,0
BRDA:386,33,0,0
BRDA:386,33,1,0
BRDA:389,34,0,0
BRDA:389,34,1,0
BRDA:390,35,0,0
BRDA:390,35,1,0
BRDA:391,36,0,0
BRDA:391,36,1,0
BRDA:415,37,0,0
BRDA:415,37,1,0
BRDA:428,38,0,0
BRDA:428,38,1,0
BRDA:428,39,0,0
BRDA:428,39,1,0
BRDA:428,39,2,0
BRDA:428,39,3,0
BRDA:435,40,0,0
BRDA:435,40,1,0
BRDA:438,41,0,0
BRDA:438,41,1,0
BRDA:439,42,0,0
BRDA:439,42,1,0
BRDA:440,43,0,0
BRDA:440,43,1,0
BRDA:467,44,0,0
BRDA:467,44,1,0
BRDA:484,45,0,0
BRDA:484,45,1,0
BRDA:494,46,0,0
BRDA:494,46,1,0
BRDA:499,47,0,0
BRDA:499,47,1,0
BRDA:511,48,0,0
BRDA:511,48,1,0
BRDA:512,49,0,0
BRDA:512,49,1,0
BRDA:528,50,0,0
BRDA:528,50,1,0
BRDA:545,51,0,0
BRDA:545,51,1,0
BRDA:545,52,0,0
BRDA:545,52,1,0
BRDA:545,52,2,0
BRDA:551,53,0,0
BRDA:551,53,1,0
BRDA:556,54,0,0
BRDA:556,54,1,0
BRDA:557,55,0,0
BRDA:557,55,1,0
BRDA:581,56,0,0
BRDA:581,56,1,0
BRDA:611,57,0,0
BRDA:611,57,1,0
BRDA:621,58,0,0
BRDA:621,58,1,0
BRDA:632,59,0,0
BRDA:632,59,1,0
BRDA:635,60,0,0
BRDA:635,60,1,0
BRDA:636,61,0,0
BRDA:636,61,1,0
BRDA:662,62,0,0
BRDA:662,62,1,0
BRDA:668,63,0,0
BRDA:668,63,1,0
BRDA:676,64,0,0
BRDA:676,64,1,0
BRDA:682,65,0,0
BRDA:682,65,1,0
BRDA:694,66,0,0
BRDA:694,66,1,0
BRDA:695,67,0,0
BRDA:695,67,1,0
BRDA:696,68,0,0
BRDA:696,68,1,0
BRDA:697,69,0,0
BRDA:697,69,1,0
BRDA:709,70,0,0
BRDA:709,70,1,0
BRDA:802,71,0,0
BRDA:802,71,1,0
BRDA:876,72,0,0
BRDA:876,72,1,0
BRDA:878,73,0,0
BRDA:878,73,1,0
BRDA:892,74,0,0
BRDA:892,74,1,0
BRDA:894,75,0,0
BRDA:894,75,1,0
BRDA:905,76,0,0
BRDA:905,76,1,0
BRDA:914,77,0,0
BRDA:914,77,1,0
BRDA:920,78,0,0
BRDA:920,78,1,0
BRDA:930,79,0,0
BRDA:930,79,1,0
BRDA:938,80,0,0
BRDA:938,80,1,0
BRDA:944,81,0,0
BRDA:944,81,1,0
BRDA:956,82,0,0
BRDA:956,82,1,0
BRDA:965,83,0,0
BRDA:965,83,1,0
BRDA:971,84,0,0
BRDA:971,84,1,0
BRDA:979,85,0,0
BRDA:979,85,1,0
BRDA:985,86,0,0
BRDA:985,86,1,0
BRDA:992,87,0,0
BRDA:992,87,1,0
BRDA:1039,88,0,0
BRDA:1039,88,1,0
BRDA:1046,89,0,0
BRDA:1046,89,1,0
BRDA:1119,90,0,0
BRDA:1119,90,1,0
BRDA:1120,91,0,0
BRDA:1120,91,1,0
BRDA:1136,92,0,0
BRDA:1136,92,1,0
BRDA:1170,93,0,0
BRDA:1170,93,1,0
BRDA:1177,94,0,0
BRDA:1177,94,1,0
BRDA:1202,95,0,0
BRDA:1202,95,1,0
BRDA:1241,96,0,0
BRDA:1241,96,1,0
BRDA:1241,97,0,0
BRDA:1241,97,1,0
BRF:203
BRH:0
end_of_record
TN:
SF:app\utils\EventContext.tsx
FN:12,EventProvider
FN:16,(anonymous_1)
FN:20,(anonymous_2)
FN:30,(anonymous_3)
FN:42,(anonymous_4)
FN:71,useEvent
FNF:6
FNH:5
FNDA:21,EventProvider
FNDA:4,(anonymous_1)
FNDA:0,(anonymous_2)
FNDA:12,(anonymous_3)
FNDA:12,(anonymous_4)
FNDA:64,useEvent
DA:10,6
DA:14,21
DA:16,21
DA:17,4
DA:18,4
DA:19,4
DA:20,0
DA:21,0
DA:22,0
DA:24,0
DA:30,21
DA:31,12
DA:34,12
DA:35,12
DA:38,12
DA:39,12
DA:42,12
DA:43,12
DA:44,12
DA:45,12
DA:47,12
DA:48,12
DA:49,12
DA:50,12
DA:52,0
DA:59,21
DA:64,21
DA:72,64
DA:73,64
DA:74,0
DA:76,64
LF:31
LH:25
BRDA:19,0,0,0
BRDA:19,0,1,4
BRDA:35,1,0,12
BRDA:35,1,1,12
BRDA:47,2,0,12
BRDA:47,2,1,0
BRDA:49,3,0,12
BRDA:49,3,1,0
BRDA:73,4,0,0
BRDA:73,4,1,64
BRF:10
BRH:6
end_of_record
TN:
SF:app\utils\constants.ts
FNF:0
FNH:0
DA:1,2
LF:1
LH:1
BRF:0
BRH:0
end_of_record
TN:
SF:app\utils\storage.ts
FN:113,(anonymous_0)
FN:124,(anonymous_1)
FN:136,(anonymous_2)
FN:146,(anonymous_3)
FN:157,(anonymous_4)
FN:175,(anonymous_5)
FN:187,(anonymous_6)
FN:197,(anonymous_7)
FN:208,(anonymous_8)
FN:218,(anonymous_9)
FN:228,(anonymous_10)
FN:231,(anonymous_11)
FN:249,(anonymous_12)
FN:252,(anonymous_13)
FN:262,(anonymous_14)
FN:279,(anonymous_15)
FN:290,(anonymous_16)
FNF:17
FNH:0
FNDA:0,(anonymous_0)
FNDA:0,(anonymous_1)
FNDA:0,(anonymous_2)
FNDA:0,(anonymous_3)
FNDA:0,(anonymous_4)
FNDA:0,(anonymous_5)
FNDA:0,(anonymous_6)
FNDA:0,(anonymous_7)
FNDA:0,(anonymous_8)
FNDA:0,(anonymous_9)
FNDA:0,(anonymous_10)
FNDA:0,(anonymous_11)
FNDA:0,(anonymous_12)
FNDA:0,(anonymous_13)
FNDA:0,(anonymous_14)
FNDA:0,(anonymous_15)
FNDA:0,(anonymous_16)
DA:4,2
DA:111,2
DA:114,0
DA:115,0
DA:116,0
DA:117,0
DA:119,0
DA:120,0
DA:125,0
DA:126,0
DA:127,0
DA:128,0
DA:130,0
DA:131,0
DA:137,0
DA:138,0
DA:139,0
DA:141,0
DA:142,0
DA:147,0
DA:148,0
DA:149,0
DA:151,0
DA:152,0
DA:158,0
DA:159,0
DA:160,0
DA:162,0
DA:163,0
DA:164,0
DA:167,0
DA:168,0
DA:170,0
DA:171,0
DA:176,0
DA:177,0
DA:178,0
DA:179,0
DA:181,0
DA:182,0
DA:188,0
DA:189,0
DA:190,0
DA:192,0
DA:193,0
DA:198,0
DA:199,0
DA:200,0
DA:202,0
DA:203,0
DA:209,0
DA:210,0
DA:211,0
DA:213,0
DA:214,0
DA:219,0
DA:220,0
DA:221,0
DA:223,0
DA:224,0
DA:229,0
DA:230,0
DA:231,0
DA:233,0
DA:235,0
DA:238,0
DA:241,0
DA:242,0
DA:244,0
DA:245,0
DA:250,0
DA:251,0
DA:252,0
DA:253,0
DA:254,0
DA:256,0
DA:257,0
DA:263,0
DA:265,0
DA:268,0
DA:269,0
DA:272,0
DA:274,0
DA:275,0
DA:280,0
DA:281,0
DA:283,0
DA:284,0
DA:288,0
DA:289,0
DA:290,0
DA:295,0
DA:298,0
DA:303,0
DA:304,0
LF:95
LH:2
BRDA:128,0,0,0
BRDA:128,0,1,0
BRDA:149,1,0,0
BRDA:149,1,1,0
BRDA:157,2,0,0
BRDA:162,3,0,0
BRDA:162,3,1,0
BRDA:179,4,0,0
BRDA:179,4,1,0
BRDA:200,5,0,0
BRDA:200,5,1,0
BRDA:221,6,0,0
BRDA:221,6,1,0
BRDA:233,7,0,0
BRDA:233,7,1,0
BRDA:268,8,0,0
BRDA:268,8,1,0
BRDA:283,9,0,0
BRDA:283,9,1,0
BRDA:283,10,0,0
BRDA:283,10,1,0
BRDA:288,11,0,0
BRDA:288,11,1,0
BRF:23
BRH:0
end_of_record
TN:
SF:hooks\useFrameworkReady.ts
FN:9,useFrameworkReady
FN:10,(anonymous_1)
FNF:2
FNH:0
FNDA:0,useFrameworkReady
FNDA:0,(anonymous_1)
DA:10,0
DA:11,0
LF:2
LH:0
BRF:0
BRH:0
end_of_record
